{"C:\\Users\\caami\\pocket-ponics\\packages\\pocket-ponics-backend\\controllers\\authController.js": {"path":"C:\\Users\\caami\\pocket-ponics\\packages\\pocket-ponics-backend\\controllers\\authController.js","statementMap":{"0":{"start":{"line":1,"column":15},"end":{"line":1,"column":32}},"1":{"start":{"line":2,"column":15},"end":{"line":2,"column":32}},"2":{"start":{"line":3,"column":18},"end":{"line":3,"column":44}},"3":{"start":{"line":4,"column":26},"end":{"line":4,"column":55}},"4":{"start":{"line":8,"column":14},"end":{"line":8,"column":37}},"5":{"start":{"line":9,"column":0},"end":{"line":9,"column":54}},"6":{"start":{"line":12,"column":0},"end":{"line":64,"column":2}},"7":{"start":{"line":14,"column":20},"end":{"line":14,"column":59}},"8":{"start":{"line":15,"column":15},"end":{"line":15,"column":46}},"9":{"start":{"line":16,"column":22},"end":{"line":16,"column":55}},"10":{"start":{"line":19,"column":16},"end":{"line":19,"column":30}},"11":{"start":{"line":20,"column":19},"end":{"line":20,"column":33}},"12":{"start":{"line":23,"column":4},"end":{"line":63,"column":6}},"13":{"start":{"line":24,"column":8},"end":{"line":62,"column":9}},"14":{"start":{"line":26,"column":12},"end":{"line":26,"column":27}},"15":{"start":{"line":27,"column":12},"end":{"line":27,"column":51}},"16":{"start":{"line":29,"column":13},"end":{"line":62,"column":9}},"17":{"start":{"line":31,"column":12},"end":{"line":31,"column":27}},"18":{"start":{"line":32,"column":12},"end":{"line":32,"column":45}},"19":{"start":{"line":37,"column":12},"end":{"line":61,"column":14}},"20":{"start":{"line":38,"column":16},"end":{"line":60,"column":17}},"21":{"start":{"line":41,"column":32},"end":{"line":41,"column":73}},"22":{"start":{"line":44,"column":20},"end":{"line":55,"column":22}},"23":{"start":{"line":45,"column":24},"end":{"line":54,"column":25}},"24":{"start":{"line":47,"column":28},"end":{"line":47,"column":43}},"25":{"start":{"line":48,"column":28},"end":{"line":48,"column":52}},"26":{"start":{"line":52,"column":28},"end":{"line":52,"column":43}},"27":{"start":{"line":53,"column":28},"end":{"line":53,"column":69}},"28":{"start":{"line":58,"column":20},"end":{"line":58,"column":35}},"29":{"start":{"line":59,"column":20},"end":{"line":59,"column":51}},"30":{"start":{"line":67,"column":0},"end":{"line":74,"column":2}},"31":{"start":{"line":68,"column":19},"end":{"line":68,"column":36}},"32":{"start":{"line":72,"column":4},"end":{"line":72,"column":19}},"33":{"start":{"line":73,"column":4},"end":{"line":73,"column":37}},"34":{"start":{"line":77,"column":0},"end":{"line":123,"column":2}},"35":{"start":{"line":79,"column":19},"end":{"line":79,"column":36}},"36":{"start":{"line":80,"column":16},"end":{"line":80,"column":30}},"37":{"start":{"line":83,"column":4},"end":{"line":122,"column":5}},"38":{"start":{"line":86,"column":8},"end":{"line":116,"column":10}},"39":{"start":{"line":87,"column":12},"end":{"line":115,"column":13}},"40":{"start":{"line":89,"column":16},"end":{"line":89,"column":31}},"41":{"start":{"line":90,"column":16},"end":{"line":90,"column":55}},"42":{"start":{"line":92,"column":17},"end":{"line":115,"column":13}},"43":{"start":{"line":95,"column":36},"end":{"line":95,"column":65}},"44":{"start":{"line":98,"column":16},"end":{"line":109,"column":18}},"45":{"start":{"line":99,"column":20},"end":{"line":108,"column":21}},"46":{"start":{"line":101,"column":24},"end":{"line":101,"column":39}},"47":{"start":{"line":102,"column":24},"end":{"line":102,"column":55}},"48":{"start":{"line":106,"column":24},"end":{"line":106,"column":39}},"49":{"start":{"line":107,"column":24},"end":{"line":107,"column":64}},"50":{"start":{"line":113,"column":16},"end":{"line":113,"column":31}},"51":{"start":{"line":114,"column":16},"end":{"line":114,"column":54}},"52":{"start":{"line":120,"column":8},"end":{"line":120,"column":23}},"53":{"start":{"line":121,"column":8},"end":{"line":121,"column":61}},"54":{"start":{"line":126,"column":0},"end":{"line":194,"column":2}},"55":{"start":{"line":128,"column":16},"end":{"line":128,"column":30}},"56":{"start":{"line":129,"column":22},"end":{"line":129,"column":43}},"57":{"start":{"line":130,"column":22},"end":{"line":130,"column":43}},"58":{"start":{"line":132,"column":4},"end":{"line":193,"column":5}},"59":{"start":{"line":135,"column":8},"end":{"line":187,"column":10}},"60":{"start":{"line":136,"column":12},"end":{"line":186,"column":13}},"61":{"start":{"line":138,"column":16},"end":{"line":138,"column":31}},"62":{"start":{"line":139,"column":16},"end":{"line":139,"column":54}},"63":{"start":{"line":141,"column":17},"end":{"line":186,"column":13}},"64":{"start":{"line":143,"column":16},"end":{"line":143,"column":31}},"65":{"start":{"line":144,"column":16},"end":{"line":144,"column":49}},"66":{"start":{"line":149,"column":16},"end":{"line":185,"column":18}},"67":{"start":{"line":150,"column":20},"end":{"line":184,"column":21}},"68":{"start":{"line":153,"column":46},"end":{"line":153,"column":78}},"69":{"start":{"line":154,"column":24},"end":{"line":178,"column":26}},"70":{"start":{"line":155,"column":28},"end":{"line":177,"column":29}},"71":{"start":{"line":157,"column":32},"end":{"line":157,"column":74}},"72":{"start":{"line":160,"column":32},"end":{"line":171,"column":34}},"73":{"start":{"line":161,"column":36},"end":{"line":170,"column":37}},"74":{"start":{"line":163,"column":40},"end":{"line":163,"column":55}},"75":{"start":{"line":164,"column":40},"end":{"line":164,"column":80}},"76":{"start":{"line":168,"column":40},"end":{"line":168,"column":55}},"77":{"start":{"line":169,"column":40},"end":{"line":169,"column":89}},"78":{"start":{"line":175,"column":32},"end":{"line":175,"column":47}},"79":{"start":{"line":176,"column":32},"end":{"line":176,"column":81}},"80":{"start":{"line":182,"column":24},"end":{"line":182,"column":39}},"81":{"start":{"line":183,"column":24},"end":{"line":183,"column":55}},"82":{"start":{"line":191,"column":8},"end":{"line":191,"column":23}},"83":{"start":{"line":192,"column":8},"end":{"line":192,"column":56}}},"fnMap":{"0":{"name":"(anonymous_0)","decl":{"start":{"line":12,"column":19},"end":{"line":12,"column":20}},"loc":{"start":{"line":12,"column":33},"end":{"line":64,"column":1}},"line":12},"1":{"name":"(anonymous_1)","decl":{"start":{"line":23,"column":32},"end":{"line":23,"column":33}},"loc":{"start":{"line":23,"column":54},"end":{"line":63,"column":5}},"line":23},"2":{"name":"(anonymous_2)","decl":{"start":{"line":37,"column":59},"end":{"line":37,"column":60}},"loc":{"start":{"line":37,"column":76},"end":{"line":61,"column":13}},"line":37},"3":{"name":"(anonymous_3)","decl":{"start":{"line":44,"column":101},"end":{"line":44,"column":102}},"loc":{"start":{"line":44,"column":118},"end":{"line":55,"column":21}},"line":44},"4":{"name":"(anonymous_4)","decl":{"start":{"line":67,"column":24},"end":{"line":67,"column":25}},"loc":{"start":{"line":67,"column":38},"end":{"line":74,"column":1}},"line":67},"5":{"name":"(anonymous_5)","decl":{"start":{"line":77,"column":21},"end":{"line":77,"column":22}},"loc":{"start":{"line":77,"column":35},"end":{"line":123,"column":1}},"line":77},"6":{"name":"(anonymous_6)","decl":{"start":{"line":86,"column":36},"end":{"line":86,"column":37}},"loc":{"start":{"line":86,"column":58},"end":{"line":116,"column":9}},"line":86},"7":{"name":"(anonymous_7)","decl":{"start":{"line":98,"column":55},"end":{"line":98,"column":56}},"loc":{"start":{"line":98,"column":72},"end":{"line":109,"column":17}},"line":98},"8":{"name":"(anonymous_8)","decl":{"start":{"line":126,"column":25},"end":{"line":126,"column":26}},"loc":{"start":{"line":126,"column":39},"end":{"line":194,"column":1}},"line":126},"9":{"name":"(anonymous_9)","decl":{"start":{"line":135,"column":36},"end":{"line":135,"column":37}},"loc":{"start":{"line":135,"column":58},"end":{"line":187,"column":9}},"line":135},"10":{"name":"(anonymous_10)","decl":{"start":{"line":149,"column":66},"end":{"line":149,"column":67}},"loc":{"start":{"line":149,"column":83},"end":{"line":185,"column":17}},"line":149},"11":{"name":"(anonymous_11)","decl":{"start":{"line":154,"column":78},"end":{"line":154,"column":79}},"loc":{"start":{"line":154,"column":100},"end":{"line":178,"column":25}},"line":154},"12":{"name":"(anonymous_12)","decl":{"start":{"line":160,"column":80},"end":{"line":160,"column":81}},"loc":{"start":{"line":160,"column":102},"end":{"line":171,"column":33}},"line":160}},"branchMap":{"0":{"loc":{"start":{"line":24,"column":8},"end":{"line":62,"column":9}},"type":"if","locations":[{"start":{"line":24,"column":8},"end":{"line":62,"column":9}},{"start":{"line":24,"column":8},"end":{"line":62,"column":9}}],"line":24},"1":{"loc":{"start":{"line":29,"column":13},"end":{"line":62,"column":9}},"type":"if","locations":[{"start":{"line":29,"column":13},"end":{"line":62,"column":9}},{"start":{"line":29,"column":13},"end":{"line":62,"column":9}}],"line":29},"2":{"loc":{"start":{"line":38,"column":16},"end":{"line":60,"column":17}},"type":"if","locations":[{"start":{"line":38,"column":16},"end":{"line":60,"column":17}},{"start":{"line":38,"column":16},"end":{"line":60,"column":17}}],"line":38},"3":{"loc":{"start":{"line":45,"column":24},"end":{"line":54,"column":25}},"type":"if","locations":[{"start":{"line":45,"column":24},"end":{"line":54,"column":25}},{"start":{"line":45,"column":24},"end":{"line":54,"column":25}}],"line":45},"4":{"loc":{"start":{"line":83,"column":4},"end":{"line":122,"column":5}},"type":"if","locations":[{"start":{"line":83,"column":4},"end":{"line":122,"column":5}},{"start":{"line":83,"column":4},"end":{"line":122,"column":5}}],"line":83},"5":{"loc":{"start":{"line":83,"column":7},"end":{"line":83,"column":62}},"type":"binary-expr","locations":[{"start":{"line":83,"column":7},"end":{"line":83,"column":32}},{"start":{"line":83,"column":36},"end":{"line":83,"column":62}}],"line":83},"6":{"loc":{"start":{"line":87,"column":12},"end":{"line":115,"column":13}},"type":"if","locations":[{"start":{"line":87,"column":12},"end":{"line":115,"column":13}},{"start":{"line":87,"column":12},"end":{"line":115,"column":13}}],"line":87},"7":{"loc":{"start":{"line":92,"column":17},"end":{"line":115,"column":13}},"type":"if","locations":[{"start":{"line":92,"column":17},"end":{"line":115,"column":13}},{"start":{"line":92,"column":17},"end":{"line":115,"column":13}}],"line":92},"8":{"loc":{"start":{"line":99,"column":20},"end":{"line":108,"column":21}},"type":"if","locations":[{"start":{"line":99,"column":20},"end":{"line":108,"column":21}},{"start":{"line":99,"column":20},"end":{"line":108,"column":21}}],"line":99},"9":{"loc":{"start":{"line":132,"column":4},"end":{"line":193,"column":5}},"type":"if","locations":[{"start":{"line":132,"column":4},"end":{"line":193,"column":5}},{"start":{"line":132,"column":4},"end":{"line":193,"column":5}}],"line":132},"10":{"loc":{"start":{"line":136,"column":12},"end":{"line":186,"column":13}},"type":"if","locations":[{"start":{"line":136,"column":12},"end":{"line":186,"column":13}},{"start":{"line":136,"column":12},"end":{"line":186,"column":13}}],"line":136},"11":{"loc":{"start":{"line":141,"column":17},"end":{"line":186,"column":13}},"type":"if","locations":[{"start":{"line":141,"column":17},"end":{"line":186,"column":13}},{"start":{"line":141,"column":17},"end":{"line":186,"column":13}}],"line":141},"12":{"loc":{"start":{"line":150,"column":20},"end":{"line":184,"column":21}},"type":"if","locations":[{"start":{"line":150,"column":20},"end":{"line":184,"column":21}},{"start":{"line":150,"column":20},"end":{"line":184,"column":21}}],"line":150},"13":{"loc":{"start":{"line":155,"column":28},"end":{"line":177,"column":29}},"type":"if","locations":[{"start":{"line":155,"column":28},"end":{"line":177,"column":29}},{"start":{"line":155,"column":28},"end":{"line":177,"column":29}}],"line":155},"14":{"loc":{"start":{"line":161,"column":36},"end":{"line":170,"column":37}},"type":"if","locations":[{"start":{"line":161,"column":36},"end":{"line":170,"column":37}},{"start":{"line":161,"column":36},"end":{"line":170,"column":37}}],"line":161}},"s":{"0":1,"1":1,"2":1,"3":1,"4":1,"5":1,"6":1,"7":0,"8":0,"9":0,"10":0,"11":0,"12":0,"13":0,"14":0,"15":0,"16":0,"17":0,"18":0,"19":0,"20":0,"21":0,"22":0,"23":0,"24":0,"25":0,"26":0,"27":0,"28":0,"29":0,"30":1,"31":0,"32":0,"33":0,"34":1,"35":0,"36":0,"37":0,"38":0,"39":0,"40":0,"41":0,"42":0,"43":0,"44":0,"45":0,"46":0,"47":0,"48":0,"49":0,"50":0,"51":0,"52":0,"53":0,"54":1,"55":0,"56":0,"57":0,"58":0,"59":0,"60":0,"61":0,"62":0,"63":0,"64":0,"65":0,"66":0,"67":0,"68":0,"69":0,"70":0,"71":0,"72":0,"73":0,"74":0,"75":0,"76":0,"77":0,"78":0,"79":0,"80":0,"81":0,"82":0,"83":0},"f":{"0":0,"1":0,"2":0,"3":0,"4":0,"5":0,"6":0,"7":0,"8":0,"9":0,"10":0,"11":0,"12":0},"b":{"0":[0,0],"1":[0,0],"2":[0,0],"3":[0,0],"4":[0,0],"5":[0,0],"6":[0,0],"7":[0,0],"8":[0,0],"9":[0,0],"10":[0,0],"11":[0,0],"12":[0,0],"13":[0,0],"14":[0,0]},"_coverageSchema":"1a1c01bbd47fc00a2c39e90264f33305004495a9","hash":"f8813e32fabd4ff4c97f0967f0e600c609bcf8c3"}
,"C:\\Users\\caami\\pocket-ponics\\packages\\pocket-ponics-backend\\controllers\\mySQLController.js": {"path":"C:\\Users\\caami\\pocket-ponics\\packages\\pocket-ponics-backend\\controllers\\mySQLController.js","statementMap":{"0":{"start":{"line":1,"column":12},"end":{"line":1,"column":28}},"1":{"start":{"line":2,"column":20},"end":{"line":2,"column":51}},"2":{"start":{"line":4,"column":0},"end":{"line":20,"column":1}},"3":{"start":{"line":5,"column":1},"end":{"line":19,"column":3}},"4":{"start":{"line":7,"column":2},"end":{"line":18,"column":3}},"5":{"start":{"line":9,"column":3},"end":{"line":9,"column":32}},"6":{"start":{"line":11,"column":7},"end":{"line":18,"column":3}},"7":{"start":{"line":13,"column":3},"end":{"line":13,"column":28}},"8":{"start":{"line":17,"column":3},"end":{"line":17,"column":27}},"9":{"start":{"line":22,"column":0},"end":{"line":38,"column":1}},"10":{"start":{"line":23,"column":1},"end":{"line":37,"column":3}},"11":{"start":{"line":25,"column":2},"end":{"line":36,"column":3}},"12":{"start":{"line":27,"column":3},"end":{"line":27,"column":32}},"13":{"start":{"line":29,"column":7},"end":{"line":36,"column":3}},"14":{"start":{"line":31,"column":3},"end":{"line":31,"column":28}},"15":{"start":{"line":35,"column":3},"end":{"line":35,"column":27}},"16":{"start":{"line":40,"column":0},"end":{"line":48,"column":1}},"17":{"start":{"line":41,"column":1},"end":{"line":47,"column":3}},"18":{"start":{"line":42,"column":2},"end":{"line":45,"column":3}},"19":{"start":{"line":44,"column":3},"end":{"line":44,"column":22}},"20":{"start":{"line":46,"column":2},"end":{"line":46,"column":28}},"21":{"start":{"line":50,"column":0},"end":{"line":58,"column":1}},"22":{"start":{"line":51,"column":1},"end":{"line":57,"column":3}},"23":{"start":{"line":52,"column":2},"end":{"line":55,"column":3}},"24":{"start":{"line":54,"column":3},"end":{"line":54,"column":22}},"25":{"start":{"line":56,"column":2},"end":{"line":56,"column":23}},"26":{"start":{"line":60,"column":0},"end":{"line":68,"column":1}},"27":{"start":{"line":61,"column":1},"end":{"line":67,"column":3}},"28":{"start":{"line":62,"column":2},"end":{"line":65,"column":3}},"29":{"start":{"line":64,"column":3},"end":{"line":64,"column":22}},"30":{"start":{"line":66,"column":2},"end":{"line":66,"column":23}},"31":{"start":{"line":70,"column":0},"end":{"line":78,"column":1}},"32":{"start":{"line":71,"column":1},"end":{"line":77,"column":3}},"33":{"start":{"line":72,"column":2},"end":{"line":75,"column":3}},"34":{"start":{"line":74,"column":3},"end":{"line":74,"column":22}},"35":{"start":{"line":76,"column":2},"end":{"line":76,"column":23}},"36":{"start":{"line":80,"column":0},"end":{"line":91,"column":1}},"37":{"start":{"line":81,"column":1},"end":{"line":90,"column":3}},"38":{"start":{"line":82,"column":2},"end":{"line":89,"column":3}},"39":{"start":{"line":84,"column":3},"end":{"line":84,"column":38}},"40":{"start":{"line":87,"column":3},"end":{"line":87,"column":22}},"41":{"start":{"line":88,"column":3},"end":{"line":88,"column":24}},"42":{"start":{"line":93,"column":0},"end":{"line":120,"column":1}},"43":{"start":{"line":94,"column":17},"end":{"line":94,"column":101}},"44":{"start":{"line":95,"column":23},"end":{"line":95,"column":117}},"45":{"start":{"line":96,"column":23},"end":{"line":96,"column":113}},"46":{"start":{"line":97,"column":23},"end":{"line":97,"column":112}},"47":{"start":{"line":99,"column":1},"end":{"line":119,"column":3}},"48":{"start":{"line":100,"column":2},"end":{"line":118,"column":3}},"49":{"start":{"line":102,"column":3},"end":{"line":102,"column":22}},"50":{"start":{"line":103,"column":3},"end":{"line":103,"column":24}},"51":{"start":{"line":105,"column":7},"end":{"line":118,"column":3}},"52":{"start":{"line":107,"column":3},"end":{"line":113,"column":5}},"53":{"start":{"line":108,"column":4},"end":{"line":111,"column":5}},"54":{"start":{"line":110,"column":5},"end":{"line":110,"column":24}},"55":{"start":{"line":112,"column":4},"end":{"line":112,"column":25}},"56":{"start":{"line":117,"column":3},"end":{"line":117,"column":25}},"57":{"start":{"line":122,"column":0},"end":{"line":136,"column":1}},"58":{"start":{"line":123,"column":18},"end":{"line":123,"column":110}},"59":{"start":{"line":124,"column":18},"end":{"line":124,"column":110}},"60":{"start":{"line":125,"column":18},"end":{"line":125,"column":110}},"61":{"start":{"line":126,"column":18},"end":{"line":126,"column":110}},"62":{"start":{"line":127,"column":17},"end":{"line":127,"column":164}},"63":{"start":{"line":129,"column":1},"end":{"line":135,"column":3}},"64":{"start":{"line":130,"column":2},"end":{"line":133,"column":3}},"65":{"start":{"line":132,"column":3},"end":{"line":132,"column":22}},"66":{"start":{"line":134,"column":2},"end":{"line":134,"column":23}},"67":{"start":{"line":138,"column":0},"end":{"line":146,"column":1}},"68":{"start":{"line":139,"column":1},"end":{"line":145,"column":3}},"69":{"start":{"line":140,"column":2},"end":{"line":143,"column":3}},"70":{"start":{"line":142,"column":3},"end":{"line":142,"column":22}},"71":{"start":{"line":144,"column":2},"end":{"line":144,"column":28}},"72":{"start":{"line":148,"column":0},"end":{"line":163,"column":1}},"73":{"start":{"line":149,"column":1},"end":{"line":162,"column":3}},"74":{"start":{"line":150,"column":2},"end":{"line":161,"column":3}},"75":{"start":{"line":152,"column":3},"end":{"line":152,"column":32}},"76":{"start":{"line":154,"column":7},"end":{"line":161,"column":3}},"77":{"start":{"line":156,"column":3},"end":{"line":156,"column":28}},"78":{"start":{"line":160,"column":3},"end":{"line":160,"column":27}},"79":{"start":{"line":165,"column":0},"end":{"line":176,"column":1}},"80":{"start":{"line":166,"column":1},"end":{"line":175,"column":3}},"81":{"start":{"line":167,"column":2},"end":{"line":174,"column":3}},"82":{"start":{"line":169,"column":3},"end":{"line":169,"column":38}},"83":{"start":{"line":172,"column":3},"end":{"line":172,"column":22}},"84":{"start":{"line":173,"column":3},"end":{"line":173,"column":24}},"85":{"start":{"line":178,"column":0},"end":{"line":189,"column":1}},"86":{"start":{"line":179,"column":1},"end":{"line":188,"column":3}},"87":{"start":{"line":180,"column":2},"end":{"line":187,"column":3}},"88":{"start":{"line":182,"column":3},"end":{"line":182,"column":24}},"89":{"start":{"line":186,"column":3},"end":{"line":186,"column":25}},"90":{"start":{"line":191,"column":0},"end":{"line":199,"column":1}},"91":{"start":{"line":192,"column":1},"end":{"line":198,"column":3}},"92":{"start":{"line":193,"column":2},"end":{"line":196,"column":3}},"93":{"start":{"line":195,"column":3},"end":{"line":195,"column":22}},"94":{"start":{"line":197,"column":2},"end":{"line":197,"column":23}},"95":{"start":{"line":201,"column":0},"end":{"line":216,"column":1}},"96":{"start":{"line":202,"column":1},"end":{"line":215,"column":3}},"97":{"start":{"line":203,"column":2},"end":{"line":214,"column":3}},"98":{"start":{"line":205,"column":3},"end":{"line":205,"column":32}},"99":{"start":{"line":207,"column":7},"end":{"line":214,"column":3}},"100":{"start":{"line":209,"column":3},"end":{"line":209,"column":28}},"101":{"start":{"line":213,"column":3},"end":{"line":213,"column":27}},"102":{"start":{"line":218,"column":0},"end":{"line":229,"column":1}},"103":{"start":{"line":219,"column":1},"end":{"line":228,"column":3}},"104":{"start":{"line":220,"column":2},"end":{"line":227,"column":3}},"105":{"start":{"line":222,"column":3},"end":{"line":222,"column":24}},"106":{"start":{"line":226,"column":3},"end":{"line":226,"column":25}},"107":{"start":{"line":231,"column":0},"end":{"line":242,"column":1}},"108":{"start":{"line":232,"column":1},"end":{"line":241,"column":3}},"109":{"start":{"line":233,"column":2},"end":{"line":240,"column":3}},"110":{"start":{"line":235,"column":3},"end":{"line":235,"column":24}},"111":{"start":{"line":239,"column":3},"end":{"line":239,"column":25}},"112":{"start":{"line":244,"column":0},"end":{"line":260,"column":1}},"113":{"start":{"line":246,"column":24},"end":{"line":246,"column":263}},"114":{"start":{"line":247,"column":19},"end":{"line":247,"column":212}},"115":{"start":{"line":248,"column":19},"end":{"line":248,"column":212}},"116":{"start":{"line":249,"column":19},"end":{"line":249,"column":212}},"117":{"start":{"line":250,"column":19},"end":{"line":250,"column":212}},"118":{"start":{"line":251,"column":31},"end":{"line":251,"column":282}},"119":{"start":{"line":253,"column":1},"end":{"line":259,"column":3}},"120":{"start":{"line":254,"column":2},"end":{"line":257,"column":3}},"121":{"start":{"line":256,"column":3},"end":{"line":256,"column":22}},"122":{"start":{"line":258,"column":2},"end":{"line":258,"column":23}},"123":{"start":{"line":262,"column":0},"end":{"line":270,"column":1}},"124":{"start":{"line":263,"column":1},"end":{"line":269,"column":3}},"125":{"start":{"line":264,"column":2},"end":{"line":267,"column":3}},"126":{"start":{"line":266,"column":3},"end":{"line":266,"column":22}},"127":{"start":{"line":268,"column":2},"end":{"line":268,"column":23}},"128":{"start":{"line":272,"column":0},"end":{"line":302,"column":1}},"129":{"start":{"line":273,"column":1},"end":{"line":301,"column":3}},"130":{"start":{"line":275,"column":2},"end":{"line":300,"column":3}},"131":{"start":{"line":277,"column":21},"end":{"line":277,"column":47}},"132":{"start":{"line":278,"column":24},"end":{"line":278,"column":53}},"133":{"start":{"line":279,"column":21},"end":{"line":279,"column":47}},"134":{"start":{"line":280,"column":17},"end":{"line":280,"column":39}},"135":{"start":{"line":282,"column":25},"end":{"line":282,"column":144}},"136":{"start":{"line":283,"column":32},"end":{"line":283,"column":283}},"137":{"start":{"line":285,"column":3},"end":{"line":291,"column":5}},"138":{"start":{"line":286,"column":4},"end":{"line":289,"column":5}},"139":{"start":{"line":288,"column":5},"end":{"line":288,"column":24}},"140":{"start":{"line":290,"column":4},"end":{"line":290,"column":25}},"141":{"start":{"line":293,"column":7},"end":{"line":300,"column":3}},"142":{"start":{"line":295,"column":3},"end":{"line":295,"column":28}},"143":{"start":{"line":299,"column":3},"end":{"line":299,"column":27}},"144":{"start":{"line":304,"column":0},"end":{"line":333,"column":1}},"145":{"start":{"line":305,"column":1},"end":{"line":332,"column":3}},"146":{"start":{"line":306,"column":2},"end":{"line":331,"column":3}},"147":{"start":{"line":308,"column":21},"end":{"line":308,"column":47}},"148":{"start":{"line":309,"column":24},"end":{"line":309,"column":53}},"149":{"start":{"line":310,"column":21},"end":{"line":310,"column":47}},"150":{"start":{"line":311,"column":22},"end":{"line":311,"column":49}},"151":{"start":{"line":313,"column":25},"end":{"line":313,"column":134}},"152":{"start":{"line":314,"column":32},"end":{"line":314,"column":283}},"153":{"start":{"line":316,"column":3},"end":{"line":322,"column":5}},"154":{"start":{"line":317,"column":4},"end":{"line":320,"column":5}},"155":{"start":{"line":319,"column":5},"end":{"line":319,"column":24}},"156":{"start":{"line":321,"column":4},"end":{"line":321,"column":25}},"157":{"start":{"line":324,"column":7},"end":{"line":331,"column":3}},"158":{"start":{"line":326,"column":3},"end":{"line":326,"column":28}},"159":{"start":{"line":330,"column":3},"end":{"line":330,"column":27}},"160":{"start":{"line":335,"column":0},"end":{"line":343,"column":1}},"161":{"start":{"line":336,"column":1},"end":{"line":342,"column":3}},"162":{"start":{"line":337,"column":2},"end":{"line":340,"column":3}},"163":{"start":{"line":339,"column":3},"end":{"line":339,"column":22}},"164":{"start":{"line":341,"column":2},"end":{"line":341,"column":23}},"165":{"start":{"line":345,"column":0},"end":{"line":360,"column":1}},"166":{"start":{"line":346,"column":1},"end":{"line":359,"column":3}},"167":{"start":{"line":347,"column":2},"end":{"line":358,"column":3}},"168":{"start":{"line":349,"column":3},"end":{"line":349,"column":32}},"169":{"start":{"line":353,"column":3},"end":{"line":356,"column":4}},"170":{"start":{"line":355,"column":4},"end":{"line":355,"column":20}},"171":{"start":{"line":357,"column":3},"end":{"line":357,"column":28}},"172":{"start":{"line":362,"column":0},"end":{"line":377,"column":1}},"173":{"start":{"line":363,"column":1},"end":{"line":376,"column":3}},"174":{"start":{"line":364,"column":2},"end":{"line":375,"column":3}},"175":{"start":{"line":366,"column":3},"end":{"line":366,"column":29}},"176":{"start":{"line":370,"column":3},"end":{"line":373,"column":4}},"177":{"start":{"line":372,"column":4},"end":{"line":372,"column":20}},"178":{"start":{"line":374,"column":3},"end":{"line":374,"column":28}},"179":{"start":{"line":379,"column":0},"end":{"line":394,"column":1}},"180":{"start":{"line":380,"column":1},"end":{"line":393,"column":3}},"181":{"start":{"line":381,"column":2},"end":{"line":392,"column":3}},"182":{"start":{"line":383,"column":3},"end":{"line":383,"column":32}},"183":{"start":{"line":387,"column":3},"end":{"line":390,"column":4}},"184":{"start":{"line":389,"column":4},"end":{"line":389,"column":20}},"185":{"start":{"line":391,"column":3},"end":{"line":391,"column":28}},"186":{"start":{"line":396,"column":0},"end":{"line":404,"column":1}},"187":{"start":{"line":397,"column":1},"end":{"line":403,"column":3}},"188":{"start":{"line":398,"column":2},"end":{"line":401,"column":3}},"189":{"start":{"line":400,"column":3},"end":{"line":400,"column":22}},"190":{"start":{"line":402,"column":2},"end":{"line":402,"column":23}},"191":{"start":{"line":406,"column":0},"end":{"line":414,"column":1}},"192":{"start":{"line":407,"column":1},"end":{"line":413,"column":3}},"193":{"start":{"line":408,"column":2},"end":{"line":411,"column":3}},"194":{"start":{"line":410,"column":3},"end":{"line":410,"column":22}},"195":{"start":{"line":412,"column":2},"end":{"line":412,"column":23}},"196":{"start":{"line":416,"column":0},"end":{"line":424,"column":1}},"197":{"start":{"line":417,"column":1},"end":{"line":423,"column":3}},"198":{"start":{"line":418,"column":2},"end":{"line":421,"column":3}},"199":{"start":{"line":420,"column":3},"end":{"line":420,"column":22}},"200":{"start":{"line":422,"column":2},"end":{"line":422,"column":23}},"201":{"start":{"line":426,"column":0},"end":{"line":434,"column":1}},"202":{"start":{"line":427,"column":1},"end":{"line":433,"column":3}},"203":{"start":{"line":428,"column":2},"end":{"line":431,"column":3}},"204":{"start":{"line":430,"column":3},"end":{"line":430,"column":22}},"205":{"start":{"line":432,"column":2},"end":{"line":432,"column":23}},"206":{"start":{"line":436,"column":0},"end":{"line":444,"column":1}},"207":{"start":{"line":437,"column":1},"end":{"line":443,"column":3}},"208":{"start":{"line":438,"column":2},"end":{"line":441,"column":3}},"209":{"start":{"line":440,"column":3},"end":{"line":440,"column":22}},"210":{"start":{"line":442,"column":2},"end":{"line":442,"column":23}},"211":{"start":{"line":446,"column":0},"end":{"line":448,"column":1}},"212":{"start":{"line":450,"column":0},"end":{"line":461,"column":1}},"213":{"start":{"line":451,"column":22},"end":{"line":451,"column":71}},"214":{"start":{"line":452,"column":18},"end":{"line":452,"column":77}},"215":{"start":{"line":454,"column":1},"end":{"line":460,"column":3}},"216":{"start":{"line":455,"column":2},"end":{"line":458,"column":3}},"217":{"start":{"line":457,"column":3},"end":{"line":457,"column":22}},"218":{"start":{"line":459,"column":2},"end":{"line":459,"column":23}},"219":{"start":{"line":463,"column":0},"end":{"line":478,"column":1}},"220":{"start":{"line":464,"column":1},"end":{"line":477,"column":3}},"221":{"start":{"line":465,"column":2},"end":{"line":476,"column":3}},"222":{"start":{"line":467,"column":3},"end":{"line":467,"column":32}},"223":{"start":{"line":471,"column":3},"end":{"line":474,"column":4}},"224":{"start":{"line":473,"column":4},"end":{"line":473,"column":20}},"225":{"start":{"line":475,"column":3},"end":{"line":475,"column":28}},"226":{"start":{"line":480,"column":0},"end":{"line":495,"column":1}},"227":{"start":{"line":481,"column":1},"end":{"line":494,"column":3}},"228":{"start":{"line":482,"column":2},"end":{"line":493,"column":3}},"229":{"start":{"line":484,"column":3},"end":{"line":484,"column":24}},"230":{"start":{"line":488,"column":3},"end":{"line":491,"column":4}},"231":{"start":{"line":490,"column":4},"end":{"line":490,"column":20}},"232":{"start":{"line":492,"column":3},"end":{"line":492,"column":28}},"233":{"start":{"line":497,"column":0},"end":{"line":512,"column":1}},"234":{"start":{"line":498,"column":1},"end":{"line":511,"column":3}},"235":{"start":{"line":499,"column":2},"end":{"line":510,"column":3}},"236":{"start":{"line":501,"column":3},"end":{"line":501,"column":24}},"237":{"start":{"line":505,"column":3},"end":{"line":508,"column":4}},"238":{"start":{"line":507,"column":4},"end":{"line":507,"column":20}},"239":{"start":{"line":509,"column":3},"end":{"line":509,"column":28}},"240":{"start":{"line":514,"column":0},"end":{"line":539,"column":1}},"241":{"start":{"line":515,"column":1},"end":{"line":538,"column":3}},"242":{"start":{"line":516,"column":2},"end":{"line":537,"column":3}},"243":{"start":{"line":518,"column":24},"end":{"line":518,"column":38}},"244":{"start":{"line":520,"column":3},"end":{"line":531,"column":5}},"245":{"start":{"line":521,"column":4},"end":{"line":530,"column":5}},"246":{"start":{"line":523,"column":5},"end":{"line":523,"column":39}},"247":{"start":{"line":524,"column":5},"end":{"line":524,"column":34}},"248":{"start":{"line":528,"column":5},"end":{"line":528,"column":21}},"249":{"start":{"line":529,"column":5},"end":{"line":529,"column":30}},"250":{"start":{"line":535,"column":3},"end":{"line":535,"column":19}},"251":{"start":{"line":536,"column":3},"end":{"line":536,"column":28}},"252":{"start":{"line":541,"column":0},"end":{"line":549,"column":1}},"253":{"start":{"line":542,"column":1},"end":{"line":548,"column":3}},"254":{"start":{"line":543,"column":2},"end":{"line":546,"column":3}},"255":{"start":{"line":545,"column":3},"end":{"line":545,"column":22}},"256":{"start":{"line":547,"column":2},"end":{"line":547,"column":23}},"257":{"start":{"line":551,"column":0},"end":{"line":559,"column":1}},"258":{"start":{"line":552,"column":1},"end":{"line":558,"column":3}},"259":{"start":{"line":553,"column":2},"end":{"line":556,"column":3}},"260":{"start":{"line":555,"column":3},"end":{"line":555,"column":22}},"261":{"start":{"line":557,"column":2},"end":{"line":557,"column":23}},"262":{"start":{"line":561,"column":0},"end":{"line":565,"column":1}},"263":{"start":{"line":562,"column":12},"end":{"line":562,"column":53}},"264":{"start":{"line":563,"column":1},"end":{"line":563,"column":29}},"265":{"start":{"line":564,"column":1},"end":{"line":564,"column":152}}},"fnMap":{"0":{"name":"(anonymous_0)","decl":{"start":{"line":4,"column":25},"end":{"line":4,"column":26}},"loc":{"start":{"line":4,"column":46},"end":{"line":20,"column":1}},"line":4},"1":{"name":"(anonymous_1)","decl":{"start":{"line":5,"column":91},"end":{"line":5,"column":92}},"loc":{"start":{"line":6,"column":1},"end":{"line":19,"column":2}},"line":6},"2":{"name":"(anonymous_2)","decl":{"start":{"line":22,"column":31},"end":{"line":22,"column":32}},"loc":{"start":{"line":22,"column":56},"end":{"line":38,"column":1}},"line":22},"3":{"name":"(anonymous_3)","decl":{"start":{"line":23,"column":121},"end":{"line":23,"column":122}},"loc":{"start":{"line":24,"column":1},"end":{"line":37,"column":2}},"line":24},"4":{"name":"(anonymous_4)","decl":{"start":{"line":40,"column":32},"end":{"line":40,"column":33}},"loc":{"start":{"line":40,"column":55},"end":{"line":48,"column":1}},"line":40},"5":{"name":"(anonymous_5)","decl":{"start":{"line":41,"column":92},"end":{"line":41,"column":93}},"loc":{"start":{"line":41,"column":114},"end":{"line":47,"column":2}},"line":41},"6":{"name":"(anonymous_6)","decl":{"start":{"line":50,"column":30},"end":{"line":50,"column":31}},"loc":{"start":{"line":50,"column":64},"end":{"line":58,"column":1}},"line":50},"7":{"name":"(anonymous_7)","decl":{"start":{"line":51,"column":104},"end":{"line":51,"column":105}},"loc":{"start":{"line":51,"column":126},"end":{"line":57,"column":2}},"line":51},"8":{"name":"(anonymous_8)","decl":{"start":{"line":60,"column":33},"end":{"line":60,"column":34}},"loc":{"start":{"line":60,"column":67},"end":{"line":68,"column":1}},"line":60},"9":{"name":"(anonymous_9)","decl":{"start":{"line":61,"column":106},"end":{"line":61,"column":107}},"loc":{"start":{"line":61,"column":128},"end":{"line":67,"column":2}},"line":61},"10":{"name":"(anonymous_10)","decl":{"start":{"line":70,"column":28},"end":{"line":70,"column":29}},"loc":{"start":{"line":70,"column":42},"end":{"line":78,"column":1}},"line":70},"11":{"name":"(anonymous_11)","decl":{"start":{"line":71,"column":52},"end":{"line":71,"column":53}},"loc":{"start":{"line":71,"column":74},"end":{"line":77,"column":2}},"line":71},"12":{"name":"(anonymous_12)","decl":{"start":{"line":80,"column":34},"end":{"line":80,"column":35}},"loc":{"start":{"line":80,"column":78},"end":{"line":91,"column":1}},"line":80},"13":{"name":"(anonymous_13)","decl":{"start":{"line":81,"column":132},"end":{"line":81,"column":133}},"loc":{"start":{"line":81,"column":154},"end":{"line":90,"column":2}},"line":81},"14":{"name":"(anonymous_14)","decl":{"start":{"line":93,"column":34},"end":{"line":93,"column":35}},"loc":{"start":{"line":93,"column":72},"end":{"line":120,"column":1}},"line":93},"15":{"name":"(anonymous_15)","decl":{"start":{"line":99,"column":115},"end":{"line":99,"column":116}},"loc":{"start":{"line":99,"column":136},"end":{"line":119,"column":2}},"line":99},"16":{"name":"(anonymous_16)","decl":{"start":{"line":107,"column":100},"end":{"line":107,"column":101}},"loc":{"start":{"line":107,"column":122},"end":{"line":113,"column":4}},"line":107},"17":{"name":"(anonymous_17)","decl":{"start":{"line":122,"column":50},"end":{"line":122,"column":51}},"loc":{"start":{"line":122,"column":110},"end":{"line":136,"column":1}},"line":122},"18":{"name":"(anonymous_18)","decl":{"start":{"line":129,"column":95},"end":{"line":129,"column":96}},"loc":{"start":{"line":129,"column":117},"end":{"line":135,"column":2}},"line":129},"19":{"name":"(anonymous_19)","decl":{"start":{"line":138,"column":38},"end":{"line":138,"column":39}},"loc":{"start":{"line":138,"column":102},"end":{"line":146,"column":1}},"line":138},"20":{"name":"(anonymous_20)","decl":{"start":{"line":139,"column":177},"end":{"line":139,"column":178}},"loc":{"start":{"line":139,"column":199},"end":{"line":145,"column":2}},"line":139},"21":{"name":"(anonymous_21)","decl":{"start":{"line":148,"column":26},"end":{"line":148,"column":27}},"loc":{"start":{"line":148,"column":47},"end":{"line":163,"column":1}},"line":148},"22":{"name":"(anonymous_22)","decl":{"start":{"line":149,"column":116},"end":{"line":149,"column":117}},"loc":{"start":{"line":149,"column":138},"end":{"line":162,"column":2}},"line":149},"23":{"name":"(anonymous_23)","decl":{"start":{"line":165,"column":27},"end":{"line":165,"column":28}},"loc":{"start":{"line":165,"column":150},"end":{"line":176,"column":1}},"line":165},"24":{"name":"(anonymous_24)","decl":{"start":{"line":166,"column":307},"end":{"line":166,"column":308}},"loc":{"start":{"line":166,"column":329},"end":{"line":175,"column":2}},"line":166},"25":{"name":"(anonymous_25)","decl":{"start":{"line":178,"column":27},"end":{"line":178,"column":28}},"loc":{"start":{"line":178,"column":160},"end":{"line":189,"column":1}},"line":178},"26":{"name":"(anonymous_26)","decl":{"start":{"line":179,"column":333},"end":{"line":179,"column":334}},"loc":{"start":{"line":179,"column":355},"end":{"line":188,"column":2}},"line":179},"27":{"name":"(anonymous_27)","decl":{"start":{"line":191,"column":27},"end":{"line":191,"column":28}},"loc":{"start":{"line":191,"column":51},"end":{"line":199,"column":1}},"line":191},"28":{"name":"(anonymous_28)","decl":{"start":{"line":192,"column":81},"end":{"line":192,"column":82}},"loc":{"start":{"line":192,"column":103},"end":{"line":198,"column":2}},"line":192},"29":{"name":"(anonymous_29)","decl":{"start":{"line":201,"column":25},"end":{"line":201,"column":26}},"loc":{"start":{"line":201,"column":48},"end":{"line":216,"column":1}},"line":201},"30":{"name":"(anonymous_30)","decl":{"start":{"line":202,"column":76},"end":{"line":202,"column":77}},"loc":{"start":{"line":202,"column":98},"end":{"line":215,"column":2}},"line":202},"31":{"name":"(anonymous_31)","decl":{"start":{"line":218,"column":34},"end":{"line":218,"column":35}},"loc":{"start":{"line":218,"column":125},"end":{"line":229,"column":1}},"line":218},"32":{"name":"(anonymous_32)","decl":{"start":{"line":219,"column":237},"end":{"line":219,"column":238}},"loc":{"start":{"line":219,"column":259},"end":{"line":228,"column":2}},"line":219},"33":{"name":"(anonymous_33)","decl":{"start":{"line":231,"column":34},"end":{"line":231,"column":35}},"loc":{"start":{"line":231,"column":93},"end":{"line":242,"column":1}},"line":231},"34":{"name":"(anonymous_34)","decl":{"start":{"line":232,"column":165},"end":{"line":232,"column":166}},"loc":{"start":{"line":232,"column":187},"end":{"line":241,"column":2}},"line":232},"35":{"name":"(anonymous_35)","decl":{"start":{"line":244,"column":38},"end":{"line":244,"column":39}},"loc":{"start":{"line":244,"column":169},"end":{"line":260,"column":1}},"line":244},"36":{"name":"(anonymous_36)","decl":{"start":{"line":253,"column":131},"end":{"line":253,"column":132}},"loc":{"start":{"line":253,"column":152},"end":{"line":259,"column":2}},"line":253},"37":{"name":"(anonymous_37)","decl":{"start":{"line":262,"column":42},"end":{"line":262,"column":43}},"loc":{"start":{"line":262,"column":119},"end":{"line":270,"column":1}},"line":262},"38":{"name":"(anonymous_38)","decl":{"start":{"line":263,"column":203},"end":{"line":263,"column":204}},"loc":{"start":{"line":263,"column":225},"end":{"line":269,"column":2}},"line":263},"39":{"name":"(anonymous_39)","decl":{"start":{"line":272,"column":41},"end":{"line":272,"column":42}},"loc":{"start":{"line":272,"column":93},"end":{"line":302,"column":1}},"line":272},"40":{"name":"(anonymous_40)","decl":{"start":{"line":273,"column":115},"end":{"line":273,"column":116}},"loc":{"start":{"line":273,"column":137},"end":{"line":301,"column":2}},"line":273},"41":{"name":"(anonymous_41)","decl":{"start":{"line":285,"column":79},"end":{"line":285,"column":80}},"loc":{"start":{"line":285,"column":101},"end":{"line":291,"column":4}},"line":285},"42":{"name":"(anonymous_42)","decl":{"start":{"line":304,"column":37},"end":{"line":304,"column":38}},"loc":{"start":{"line":304,"column":84},"end":{"line":333,"column":1}},"line":304},"43":{"name":"(anonymous_43)","decl":{"start":{"line":305,"column":115},"end":{"line":305,"column":116}},"loc":{"start":{"line":305,"column":137},"end":{"line":332,"column":2}},"line":305},"44":{"name":"(anonymous_44)","decl":{"start":{"line":316,"column":79},"end":{"line":316,"column":80}},"loc":{"start":{"line":316,"column":101},"end":{"line":322,"column":4}},"line":316},"45":{"name":"(anonymous_45)","decl":{"start":{"line":335,"column":38},"end":{"line":335,"column":39}},"loc":{"start":{"line":335,"column":104},"end":{"line":343,"column":1}},"line":335},"46":{"name":"(anonymous_46)","decl":{"start":{"line":336,"column":154},"end":{"line":336,"column":155}},"loc":{"start":{"line":336,"column":176},"end":{"line":342,"column":2}},"line":336},"47":{"name":"(anonymous_47)","decl":{"start":{"line":345,"column":31},"end":{"line":345,"column":32}},"loc":{"start":{"line":345,"column":75},"end":{"line":360,"column":1}},"line":345},"48":{"name":"(anonymous_48)","decl":{"start":{"line":346,"column":159},"end":{"line":346,"column":160}},"loc":{"start":{"line":346,"column":181},"end":{"line":359,"column":2}},"line":346},"49":{"name":"(anonymous_49)","decl":{"start":{"line":362,"column":35},"end":{"line":362,"column":36}},"loc":{"start":{"line":362,"column":73},"end":{"line":377,"column":1}},"line":362},"50":{"name":"(anonymous_50)","decl":{"start":{"line":363,"column":146},"end":{"line":363,"column":147}},"loc":{"start":{"line":363,"column":168},"end":{"line":376,"column":2}},"line":363},"51":{"name":"(anonymous_51)","decl":{"start":{"line":379,"column":31},"end":{"line":379,"column":32}},"loc":{"start":{"line":379,"column":75},"end":{"line":394,"column":1}},"line":379},"52":{"name":"(anonymous_52)","decl":{"start":{"line":380,"column":212},"end":{"line":380,"column":213}},"loc":{"start":{"line":380,"column":234},"end":{"line":393,"column":2}},"line":380},"53":{"name":"(anonymous_53)","decl":{"start":{"line":396,"column":21},"end":{"line":396,"column":22}},"loc":{"start":{"line":396,"column":57},"end":{"line":404,"column":1}},"line":396},"54":{"name":"(anonymous_54)","decl":{"start":{"line":397,"column":106},"end":{"line":397,"column":107}},"loc":{"start":{"line":397,"column":128},"end":{"line":403,"column":2}},"line":397},"55":{"name":"(anonymous_55)","decl":{"start":{"line":406,"column":23},"end":{"line":406,"column":24}},"loc":{"start":{"line":406,"column":46},"end":{"line":414,"column":1}},"line":406},"56":{"name":"(anonymous_56)","decl":{"start":{"line":407,"column":83},"end":{"line":407,"column":84}},"loc":{"start":{"line":407,"column":105},"end":{"line":413,"column":2}},"line":407},"57":{"name":"(anonymous_57)","decl":{"start":{"line":416,"column":27},"end":{"line":416,"column":28}},"loc":{"start":{"line":416,"column":50},"end":{"line":424,"column":1}},"line":416},"58":{"name":"(anonymous_58)","decl":{"start":{"line":417,"column":73},"end":{"line":417,"column":74}},"loc":{"start":{"line":417,"column":95},"end":{"line":423,"column":2}},"line":417},"59":{"name":"(anonymous_59)","decl":{"start":{"line":426,"column":28},"end":{"line":426,"column":29}},"loc":{"start":{"line":426,"column":42},"end":{"line":434,"column":1}},"line":426},"60":{"name":"(anonymous_60)","decl":{"start":{"line":427,"column":224},"end":{"line":427,"column":225}},"loc":{"start":{"line":427,"column":246},"end":{"line":433,"column":2}},"line":427},"61":{"name":"(anonymous_61)","decl":{"start":{"line":436,"column":24},"end":{"line":436,"column":25}},"loc":{"start":{"line":436,"column":38},"end":{"line":444,"column":1}},"line":436},"62":{"name":"(anonymous_62)","decl":{"start":{"line":437,"column":213},"end":{"line":437,"column":214}},"loc":{"start":{"line":437,"column":235},"end":{"line":443,"column":2}},"line":437},"63":{"name":"(anonymous_63)","decl":{"start":{"line":446,"column":28},"end":{"line":446,"column":29}},"loc":{"start":{"line":446,"column":51},"end":{"line":448,"column":1}},"line":446},"64":{"name":"(anonymous_64)","decl":{"start":{"line":450,"column":36},"end":{"line":450,"column":37}},"loc":{"start":{"line":450,"column":59},"end":{"line":461,"column":1}},"line":450},"65":{"name":"(anonymous_65)","decl":{"start":{"line":454,"column":64},"end":{"line":454,"column":65}},"loc":{"start":{"line":454,"column":86},"end":{"line":460,"column":2}},"line":454},"66":{"name":"(anonymous_66)","decl":{"start":{"line":463,"column":31},"end":{"line":463,"column":32}},"loc":{"start":{"line":463,"column":69},"end":{"line":478,"column":1}},"line":463},"67":{"name":"(anonymous_67)","decl":{"start":{"line":464,"column":198},"end":{"line":464,"column":199}},"loc":{"start":{"line":464,"column":220},"end":{"line":477,"column":2}},"line":464},"68":{"name":"(anonymous_68)","decl":{"start":{"line":480,"column":28},"end":{"line":480,"column":29}},"loc":{"start":{"line":480,"column":42},"end":{"line":495,"column":1}},"line":480},"69":{"name":"(anonymous_69)","decl":{"start":{"line":481,"column":190},"end":{"line":481,"column":191}},"loc":{"start":{"line":481,"column":212},"end":{"line":494,"column":2}},"line":481},"70":{"name":"(anonymous_70)","decl":{"start":{"line":497,"column":27},"end":{"line":497,"column":28}},"loc":{"start":{"line":497,"column":65},"end":{"line":512,"column":1}},"line":497},"71":{"name":"(anonymous_71)","decl":{"start":{"line":498,"column":394},"end":{"line":498,"column":395}},"loc":{"start":{"line":498,"column":416},"end":{"line":511,"column":2}},"line":498},"72":{"name":"(anonymous_72)","decl":{"start":{"line":514,"column":30},"end":{"line":514,"column":31}},"loc":{"start":{"line":514,"column":68},"end":{"line":539,"column":1}},"line":514},"73":{"name":"(anonymous_73)","decl":{"start":{"line":515,"column":213},"end":{"line":515,"column":214}},"loc":{"start":{"line":515,"column":235},"end":{"line":538,"column":2}},"line":515},"74":{"name":"(anonymous_74)","decl":{"start":{"line":520,"column":195},"end":{"line":520,"column":196}},"loc":{"start":{"line":520,"column":217},"end":{"line":531,"column":4}},"line":520},"75":{"name":"(anonymous_75)","decl":{"start":{"line":541,"column":25},"end":{"line":541,"column":26}},"loc":{"start":{"line":541,"column":63},"end":{"line":549,"column":1}},"line":541},"76":{"name":"(anonymous_76)","decl":{"start":{"line":542,"column":106},"end":{"line":542,"column":107}},"loc":{"start":{"line":542,"column":128},"end":{"line":548,"column":2}},"line":542},"77":{"name":"(anonymous_77)","decl":{"start":{"line":551,"column":29},"end":{"line":551,"column":30}},"loc":{"start":{"line":551,"column":71},"end":{"line":559,"column":1}},"line":551},"78":{"name":"(anonymous_78)","decl":{"start":{"line":552,"column":137},"end":{"line":552,"column":138}},"loc":{"start":{"line":552,"column":158},"end":{"line":558,"column":2}},"line":552},"79":{"name":"(anonymous_79)","decl":{"start":{"line":561,"column":34},"end":{"line":561,"column":35}},"loc":{"start":{"line":561,"column":40},"end":{"line":565,"column":1}},"line":561}},"branchMap":{"0":{"loc":{"start":{"line":7,"column":2},"end":{"line":18,"column":3}},"type":"if","locations":[{"start":{"line":7,"column":2},"end":{"line":18,"column":3}},{"start":{"line":7,"column":2},"end":{"line":18,"column":3}}],"line":7},"1":{"loc":{"start":{"line":11,"column":7},"end":{"line":18,"column":3}},"type":"if","locations":[{"start":{"line":11,"column":7},"end":{"line":18,"column":3}},{"start":{"line":11,"column":7},"end":{"line":18,"column":3}}],"line":11},"2":{"loc":{"start":{"line":25,"column":2},"end":{"line":36,"column":3}},"type":"if","locations":[{"start":{"line":25,"column":2},"end":{"line":36,"column":3}},{"start":{"line":25,"column":2},"end":{"line":36,"column":3}}],"line":25},"3":{"loc":{"start":{"line":29,"column":7},"end":{"line":36,"column":3}},"type":"if","locations":[{"start":{"line":29,"column":7},"end":{"line":36,"column":3}},{"start":{"line":29,"column":7},"end":{"line":36,"column":3}}],"line":29},"4":{"loc":{"start":{"line":42,"column":2},"end":{"line":45,"column":3}},"type":"if","locations":[{"start":{"line":42,"column":2},"end":{"line":45,"column":3}},{"start":{"line":42,"column":2},"end":{"line":45,"column":3}}],"line":42},"5":{"loc":{"start":{"line":52,"column":2},"end":{"line":55,"column":3}},"type":"if","locations":[{"start":{"line":52,"column":2},"end":{"line":55,"column":3}},{"start":{"line":52,"column":2},"end":{"line":55,"column":3}}],"line":52},"6":{"loc":{"start":{"line":62,"column":2},"end":{"line":65,"column":3}},"type":"if","locations":[{"start":{"line":62,"column":2},"end":{"line":65,"column":3}},{"start":{"line":62,"column":2},"end":{"line":65,"column":3}}],"line":62},"7":{"loc":{"start":{"line":72,"column":2},"end":{"line":75,"column":3}},"type":"if","locations":[{"start":{"line":72,"column":2},"end":{"line":75,"column":3}},{"start":{"line":72,"column":2},"end":{"line":75,"column":3}}],"line":72},"8":{"loc":{"start":{"line":82,"column":2},"end":{"line":89,"column":3}},"type":"if","locations":[{"start":{"line":82,"column":2},"end":{"line":89,"column":3}},{"start":{"line":82,"column":2},"end":{"line":89,"column":3}}],"line":82},"9":{"loc":{"start":{"line":100,"column":2},"end":{"line":118,"column":3}},"type":"if","locations":[{"start":{"line":100,"column":2},"end":{"line":118,"column":3}},{"start":{"line":100,"column":2},"end":{"line":118,"column":3}}],"line":100},"10":{"loc":{"start":{"line":105,"column":7},"end":{"line":118,"column":3}},"type":"if","locations":[{"start":{"line":105,"column":7},"end":{"line":118,"column":3}},{"start":{"line":105,"column":7},"end":{"line":118,"column":3}}],"line":105},"11":{"loc":{"start":{"line":108,"column":4},"end":{"line":111,"column":5}},"type":"if","locations":[{"start":{"line":108,"column":4},"end":{"line":111,"column":5}},{"start":{"line":108,"column":4},"end":{"line":111,"column":5}}],"line":108},"12":{"loc":{"start":{"line":130,"column":2},"end":{"line":133,"column":3}},"type":"if","locations":[{"start":{"line":130,"column":2},"end":{"line":133,"column":3}},{"start":{"line":130,"column":2},"end":{"line":133,"column":3}}],"line":130},"13":{"loc":{"start":{"line":140,"column":2},"end":{"line":143,"column":3}},"type":"if","locations":[{"start":{"line":140,"column":2},"end":{"line":143,"column":3}},{"start":{"line":140,"column":2},"end":{"line":143,"column":3}}],"line":140},"14":{"loc":{"start":{"line":150,"column":2},"end":{"line":161,"column":3}},"type":"if","locations":[{"start":{"line":150,"column":2},"end":{"line":161,"column":3}},{"start":{"line":150,"column":2},"end":{"line":161,"column":3}}],"line":150},"15":{"loc":{"start":{"line":154,"column":7},"end":{"line":161,"column":3}},"type":"if","locations":[{"start":{"line":154,"column":7},"end":{"line":161,"column":3}},{"start":{"line":154,"column":7},"end":{"line":161,"column":3}}],"line":154},"16":{"loc":{"start":{"line":167,"column":2},"end":{"line":174,"column":3}},"type":"if","locations":[{"start":{"line":167,"column":2},"end":{"line":174,"column":3}},{"start":{"line":167,"column":2},"end":{"line":174,"column":3}}],"line":167},"17":{"loc":{"start":{"line":180,"column":2},"end":{"line":187,"column":3}},"type":"if","locations":[{"start":{"line":180,"column":2},"end":{"line":187,"column":3}},{"start":{"line":180,"column":2},"end":{"line":187,"column":3}}],"line":180},"18":{"loc":{"start":{"line":180,"column":5},"end":{"line":180,"column":41}},"type":"binary-expr","locations":[{"start":{"line":180,"column":5},"end":{"line":180,"column":8}},{"start":{"line":180,"column":12},"end":{"line":180,"column":41}}],"line":180},"19":{"loc":{"start":{"line":193,"column":2},"end":{"line":196,"column":3}},"type":"if","locations":[{"start":{"line":193,"column":2},"end":{"line":196,"column":3}},{"start":{"line":193,"column":2},"end":{"line":196,"column":3}}],"line":193},"20":{"loc":{"start":{"line":203,"column":2},"end":{"line":214,"column":3}},"type":"if","locations":[{"start":{"line":203,"column":2},"end":{"line":214,"column":3}},{"start":{"line":203,"column":2},"end":{"line":214,"column":3}}],"line":203},"21":{"loc":{"start":{"line":207,"column":7},"end":{"line":214,"column":3}},"type":"if","locations":[{"start":{"line":207,"column":7},"end":{"line":214,"column":3}},{"start":{"line":207,"column":7},"end":{"line":214,"column":3}}],"line":207},"22":{"loc":{"start":{"line":220,"column":2},"end":{"line":227,"column":3}},"type":"if","locations":[{"start":{"line":220,"column":2},"end":{"line":227,"column":3}},{"start":{"line":220,"column":2},"end":{"line":227,"column":3}}],"line":220},"23":{"loc":{"start":{"line":220,"column":5},"end":{"line":220,"column":41}},"type":"binary-expr","locations":[{"start":{"line":220,"column":5},"end":{"line":220,"column":8}},{"start":{"line":220,"column":12},"end":{"line":220,"column":41}}],"line":220},"24":{"loc":{"start":{"line":233,"column":2},"end":{"line":240,"column":3}},"type":"if","locations":[{"start":{"line":233,"column":2},"end":{"line":240,"column":3}},{"start":{"line":233,"column":2},"end":{"line":240,"column":3}}],"line":233},"25":{"loc":{"start":{"line":233,"column":5},"end":{"line":233,"column":41}},"type":"binary-expr","locations":[{"start":{"line":233,"column":5},"end":{"line":233,"column":8}},{"start":{"line":233,"column":12},"end":{"line":233,"column":41}}],"line":233},"26":{"loc":{"start":{"line":254,"column":2},"end":{"line":257,"column":3}},"type":"if","locations":[{"start":{"line":254,"column":2},"end":{"line":257,"column":3}},{"start":{"line":254,"column":2},"end":{"line":257,"column":3}}],"line":254},"27":{"loc":{"start":{"line":264,"column":2},"end":{"line":267,"column":3}},"type":"if","locations":[{"start":{"line":264,"column":2},"end":{"line":267,"column":3}},{"start":{"line":264,"column":2},"end":{"line":267,"column":3}}],"line":264},"28":{"loc":{"start":{"line":275,"column":2},"end":{"line":300,"column":3}},"type":"if","locations":[{"start":{"line":275,"column":2},"end":{"line":300,"column":3}},{"start":{"line":275,"column":2},"end":{"line":300,"column":3}}],"line":275},"29":{"loc":{"start":{"line":286,"column":4},"end":{"line":289,"column":5}},"type":"if","locations":[{"start":{"line":286,"column":4},"end":{"line":289,"column":5}},{"start":{"line":286,"column":4},"end":{"line":289,"column":5}}],"line":286},"30":{"loc":{"start":{"line":293,"column":7},"end":{"line":300,"column":3}},"type":"if","locations":[{"start":{"line":293,"column":7},"end":{"line":300,"column":3}},{"start":{"line":293,"column":7},"end":{"line":300,"column":3}}],"line":293},"31":{"loc":{"start":{"line":306,"column":2},"end":{"line":331,"column":3}},"type":"if","locations":[{"start":{"line":306,"column":2},"end":{"line":331,"column":3}},{"start":{"line":306,"column":2},"end":{"line":331,"column":3}}],"line":306},"32":{"loc":{"start":{"line":317,"column":4},"end":{"line":320,"column":5}},"type":"if","locations":[{"start":{"line":317,"column":4},"end":{"line":320,"column":5}},{"start":{"line":317,"column":4},"end":{"line":320,"column":5}}],"line":317},"33":{"loc":{"start":{"line":324,"column":7},"end":{"line":331,"column":3}},"type":"if","locations":[{"start":{"line":324,"column":7},"end":{"line":331,"column":3}},{"start":{"line":324,"column":7},"end":{"line":331,"column":3}}],"line":324},"34":{"loc":{"start":{"line":337,"column":2},"end":{"line":340,"column":3}},"type":"if","locations":[{"start":{"line":337,"column":2},"end":{"line":340,"column":3}},{"start":{"line":337,"column":2},"end":{"line":340,"column":3}}],"line":337},"35":{"loc":{"start":{"line":347,"column":2},"end":{"line":358,"column":3}},"type":"if","locations":[{"start":{"line":347,"column":2},"end":{"line":358,"column":3}},{"start":{"line":347,"column":2},"end":{"line":358,"column":3}}],"line":347},"36":{"loc":{"start":{"line":353,"column":3},"end":{"line":356,"column":4}},"type":"if","locations":[{"start":{"line":353,"column":3},"end":{"line":356,"column":4}},{"start":{"line":353,"column":3},"end":{"line":356,"column":4}}],"line":353},"37":{"loc":{"start":{"line":364,"column":2},"end":{"line":375,"column":3}},"type":"if","locations":[{"start":{"line":364,"column":2},"end":{"line":375,"column":3}},{"start":{"line":364,"column":2},"end":{"line":375,"column":3}}],"line":364},"38":{"loc":{"start":{"line":370,"column":3},"end":{"line":373,"column":4}},"type":"if","locations":[{"start":{"line":370,"column":3},"end":{"line":373,"column":4}},{"start":{"line":370,"column":3},"end":{"line":373,"column":4}}],"line":370},"39":{"loc":{"start":{"line":381,"column":2},"end":{"line":392,"column":3}},"type":"if","locations":[{"start":{"line":381,"column":2},"end":{"line":392,"column":3}},{"start":{"line":381,"column":2},"end":{"line":392,"column":3}}],"line":381},"40":{"loc":{"start":{"line":387,"column":3},"end":{"line":390,"column":4}},"type":"if","locations":[{"start":{"line":387,"column":3},"end":{"line":390,"column":4}},{"start":{"line":387,"column":3},"end":{"line":390,"column":4}}],"line":387},"41":{"loc":{"start":{"line":398,"column":2},"end":{"line":401,"column":3}},"type":"if","locations":[{"start":{"line":398,"column":2},"end":{"line":401,"column":3}},{"start":{"line":398,"column":2},"end":{"line":401,"column":3}}],"line":398},"42":{"loc":{"start":{"line":408,"column":2},"end":{"line":411,"column":3}},"type":"if","locations":[{"start":{"line":408,"column":2},"end":{"line":411,"column":3}},{"start":{"line":408,"column":2},"end":{"line":411,"column":3}}],"line":408},"43":{"loc":{"start":{"line":418,"column":2},"end":{"line":421,"column":3}},"type":"if","locations":[{"start":{"line":418,"column":2},"end":{"line":421,"column":3}},{"start":{"line":418,"column":2},"end":{"line":421,"column":3}}],"line":418},"44":{"loc":{"start":{"line":428,"column":2},"end":{"line":431,"column":3}},"type":"if","locations":[{"start":{"line":428,"column":2},"end":{"line":431,"column":3}},{"start":{"line":428,"column":2},"end":{"line":431,"column":3}}],"line":428},"45":{"loc":{"start":{"line":438,"column":2},"end":{"line":441,"column":3}},"type":"if","locations":[{"start":{"line":438,"column":2},"end":{"line":441,"column":3}},{"start":{"line":438,"column":2},"end":{"line":441,"column":3}}],"line":438},"46":{"loc":{"start":{"line":455,"column":2},"end":{"line":458,"column":3}},"type":"if","locations":[{"start":{"line":455,"column":2},"end":{"line":458,"column":3}},{"start":{"line":455,"column":2},"end":{"line":458,"column":3}}],"line":455},"47":{"loc":{"start":{"line":465,"column":2},"end":{"line":476,"column":3}},"type":"if","locations":[{"start":{"line":465,"column":2},"end":{"line":476,"column":3}},{"start":{"line":465,"column":2},"end":{"line":476,"column":3}}],"line":465},"48":{"loc":{"start":{"line":471,"column":3},"end":{"line":474,"column":4}},"type":"if","locations":[{"start":{"line":471,"column":3},"end":{"line":474,"column":4}},{"start":{"line":471,"column":3},"end":{"line":474,"column":4}}],"line":471},"49":{"loc":{"start":{"line":482,"column":2},"end":{"line":493,"column":3}},"type":"if","locations":[{"start":{"line":482,"column":2},"end":{"line":493,"column":3}},{"start":{"line":482,"column":2},"end":{"line":493,"column":3}}],"line":482},"50":{"loc":{"start":{"line":488,"column":3},"end":{"line":491,"column":4}},"type":"if","locations":[{"start":{"line":488,"column":3},"end":{"line":491,"column":4}},{"start":{"line":488,"column":3},"end":{"line":491,"column":4}}],"line":488},"51":{"loc":{"start":{"line":499,"column":2},"end":{"line":510,"column":3}},"type":"if","locations":[{"start":{"line":499,"column":2},"end":{"line":510,"column":3}},{"start":{"line":499,"column":2},"end":{"line":510,"column":3}}],"line":499},"52":{"loc":{"start":{"line":505,"column":3},"end":{"line":508,"column":4}},"type":"if","locations":[{"start":{"line":505,"column":3},"end":{"line":508,"column":4}},{"start":{"line":505,"column":3},"end":{"line":508,"column":4}}],"line":505},"53":{"loc":{"start":{"line":516,"column":2},"end":{"line":537,"column":3}},"type":"if","locations":[{"start":{"line":516,"column":2},"end":{"line":537,"column":3}},{"start":{"line":516,"column":2},"end":{"line":537,"column":3}}],"line":516},"54":{"loc":{"start":{"line":521,"column":4},"end":{"line":530,"column":5}},"type":"if","locations":[{"start":{"line":521,"column":4},"end":{"line":530,"column":5}},{"start":{"line":521,"column":4},"end":{"line":530,"column":5}}],"line":521},"55":{"loc":{"start":{"line":543,"column":2},"end":{"line":546,"column":3}},"type":"if","locations":[{"start":{"line":543,"column":2},"end":{"line":546,"column":3}},{"start":{"line":543,"column":2},"end":{"line":546,"column":3}}],"line":543},"56":{"loc":{"start":{"line":553,"column":2},"end":{"line":556,"column":3}},"type":"if","locations":[{"start":{"line":553,"column":2},"end":{"line":556,"column":3}},{"start":{"line":553,"column":2},"end":{"line":556,"column":3}}],"line":553}},"s":{"0":2,"1":2,"2":2,"3":3,"4":3,"5":1,"6":2,"7":1,"8":1,"9":2,"10":3,"11":3,"12":1,"13":2,"14":1,"15":1,"16":2,"17":2,"18":2,"19":1,"20":2,"21":2,"22":2,"23":2,"24":1,"25":2,"26":2,"27":2,"28":2,"29":1,"30":2,"31":2,"32":2,"33":2,"34":1,"35":2,"36":2,"37":2,"38":2,"39":1,"40":1,"41":1,"42":2,"43":0,"44":0,"45":0,"46":0,"47":0,"48":0,"49":0,"50":0,"51":0,"52":0,"53":0,"54":0,"55":0,"56":0,"57":2,"58":0,"59":0,"60":0,"61":0,"62":0,"63":0,"64":0,"65":0,"66":0,"67":2,"68":2,"69":2,"70":1,"71":2,"72":2,"73":3,"74":3,"75":1,"76":2,"77":1,"78":1,"79":2,"80":2,"81":2,"82":1,"83":1,"84":1,"85":2,"86":3,"87":3,"88":2,"89":1,"90":2,"91":2,"92":2,"93":1,"94":2,"95":2,"96":3,"97":3,"98":1,"99":2,"100":1,"101":1,"102":2,"103":3,"104":3,"105":2,"106":1,"107":2,"108":3,"109":3,"110":2,"111":1,"112":2,"113":0,"114":0,"115":0,"116":0,"117":0,"118":0,"119":0,"120":0,"121":0,"122":0,"123":2,"124":2,"125":2,"126":1,"127":2,"128":2,"129":2,"130":2,"131":0,"132":0,"133":0,"134":0,"135":0,"136":0,"137":0,"138":0,"139":0,"140":0,"141":2,"142":1,"143":1,"144":2,"145":2,"146":2,"147":0,"148":0,"149":0,"150":0,"151":0,"152":0,"153":0,"154":0,"155":0,"156":0,"157":2,"158":1,"159":1,"160":2,"161":2,"162":2,"163":1,"164":2,"165":2,"166":3,"167":3,"168":1,"169":2,"170":1,"171":2,"172":2,"173":3,"174":3,"175":1,"176":2,"177":1,"178":2,"179":2,"180":3,"181":3,"182":1,"183":2,"184":1,"185":2,"186":2,"187":1,"188":1,"189":1,"190":1,"191":2,"192":0,"193":0,"194":0,"195":0,"196":2,"197":0,"198":0,"199":0,"200":0,"201":2,"202":2,"203":2,"204":1,"205":2,"206":2,"207":2,"208":2,"209":1,"210":2,"211":2,"212":2,"213":0,"214":0,"215":0,"216":0,"217":0,"218":0,"219":2,"220":0,"221":0,"222":0,"223":0,"224":0,"225":0,"226":2,"227":0,"228":0,"229":0,"230":0,"231":0,"232":0,"233":2,"234":0,"235":0,"236":0,"237":0,"238":0,"239":0,"240":2,"241":0,"242":0,"243":0,"244":0,"245":0,"246":0,"247":0,"248":0,"249":0,"250":0,"251":0,"252":2,"253":2,"254":2,"255":1,"256":2,"257":2,"258":2,"259":2,"260":1,"261":2,"262":2,"263":1,"264":1,"265":1},"f":{"0":3,"1":3,"2":3,"3":3,"4":2,"5":2,"6":2,"7":2,"8":2,"9":2,"10":2,"11":2,"12":2,"13":2,"14":0,"15":0,"16":0,"17":0,"18":0,"19":2,"20":2,"21":3,"22":3,"23":2,"24":2,"25":3,"26":3,"27":2,"28":2,"29":3,"30":3,"31":3,"32":3,"33":3,"34":3,"35":0,"36":0,"37":2,"38":2,"39":2,"40":2,"41":0,"42":2,"43":2,"44":0,"45":2,"46":2,"47":3,"48":3,"49":3,"50":3,"51":3,"52":3,"53":1,"54":1,"55":0,"56":0,"57":0,"58":0,"59":2,"60":2,"61":2,"62":2,"63":0,"64":0,"65":0,"66":0,"67":0,"68":0,"69":0,"70":0,"71":0,"72":0,"73":0,"74":0,"75":2,"76":2,"77":2,"78":2,"79":1},"b":{"0":[1,2],"1":[1,1],"2":[1,2],"3":[1,1],"4":[1,1],"5":[1,1],"6":[1,1],"7":[1,1],"8":[1,1],"9":[0,0],"10":[0,0],"11":[0,0],"12":[0,0],"13":[1,1],"14":[1,2],"15":[1,1],"16":[1,1],"17":[2,1],"18":[3,2],"19":[1,1],"20":[1,2],"21":[1,1],"22":[2,1],"23":[3,2],"24":[2,1],"25":[3,2],"26":[0,0],"27":[1,1],"28":[0,2],"29":[0,0],"30":[1,1],"31":[0,2],"32":[0,0],"33":[1,1],"34":[1,1],"35":[1,2],"36":[1,1],"37":[1,2],"38":[1,1],"39":[1,2],"40":[1,1],"41":[1,0],"42":[0,0],"43":[0,0],"44":[1,1],"45":[1,1],"46":[0,0],"47":[0,0],"48":[0,0],"49":[0,0],"50":[0,0],"51":[0,0],"52":[0,0],"53":[0,0],"54":[0,0],"55":[1,1],"56":[1,1]},"_coverageSchema":"1a1c01bbd47fc00a2c39e90264f33305004495a9","hash":"15f498319cc2eb0140cc3e9db0874f6de6730f8f"}
}
