{"C:\\Users\\caami\\pocket-ponics\\packages\\pocket-ponics-backend\\controllers\\mySQLController.js": {"path":"C:\\Users\\caami\\pocket-ponics\\packages\\pocket-ponics-backend\\controllers\\mySQLController.js","statementMap":{"0":{"start":{"line":1,"column":14},"end":{"line":1,"column":33}},"1":{"start":{"line":2,"column":12},"end":{"line":2,"column":28}},"2":{"start":{"line":4,"column":11},"end":{"line":11,"column":2}},"3":{"start":{"line":13,"column":0},"end":{"line":32,"column":1}},"4":{"start":{"line":14,"column":4},"end":{"line":31,"column":7}},"5":{"start":{"line":15,"column":8},"end":{"line":18,"column":9}},"6":{"start":{"line":16,"column":10},"end":{"line":16,"column":31}},"7":{"start":{"line":17,"column":10},"end":{"line":17,"column":20}},"8":{"start":{"line":19,"column":8},"end":{"line":26,"column":11}},"9":{"start":{"line":20,"column":12},"end":{"line":20,"column":33}},"10":{"start":{"line":21,"column":12},"end":{"line":25,"column":13}},"11":{"start":{"line":22,"column":16},"end":{"line":22,"column":46}},"12":{"start":{"line":24,"column":16},"end":{"line":24,"column":35}},"13":{"start":{"line":27,"column":8},"end":{"line":30,"column":11}},"14":{"start":{"line":28,"column":14},"end":{"line":28,"column":24}},"15":{"start":{"line":29,"column":14},"end":{"line":29,"column":21}},"16":{"start":{"line":34,"column":0},"end":{"line":63,"column":1}},"17":{"start":{"line":35,"column":4},"end":{"line":62,"column":6}},"18":{"start":{"line":36,"column":8},"end":{"line":61,"column":9}},"19":{"start":{"line":38,"column":12},"end":{"line":38,"column":32}},"20":{"start":{"line":39,"column":12},"end":{"line":39,"column":21}},"21":{"start":{"line":43,"column":12},"end":{"line":43,"column":44}},"22":{"start":{"line":45,"column":12},"end":{"line":60,"column":15}},"23":{"start":{"line":46,"column":28},"end":{"line":46,"column":30}},"24":{"start":{"line":47,"column":16},"end":{"line":50,"column":17}},"25":{"start":{"line":47,"column":28},"end":{"line":47,"column":29}},"26":{"start":{"line":49,"column":20},"end":{"line":49,"column":69}},"27":{"start":{"line":51,"column":16},"end":{"line":51,"column":42}},"28":{"start":{"line":53,"column":16},"end":{"line":55,"column":19}},"29":{"start":{"line":54,"column":20},"end":{"line":54,"column":40}},"30":{"start":{"line":57,"column":16},"end":{"line":59,"column":19}},"31":{"start":{"line":58,"column":20},"end":{"line":58,"column":39}}},"fnMap":{"0":{"name":"(anonymous_0)","decl":{"start":{"line":13,"column":18},"end":{"line":13,"column":19}},"loc":{"start":{"line":13,"column":38},"end":{"line":32,"column":1}},"line":13},"1":{"name":"(anonymous_1)","decl":{"start":{"line":14,"column":23},"end":{"line":14,"column":24}},"loc":{"start":{"line":14,"column":47},"end":{"line":31,"column":5}},"line":14},"2":{"name":"(anonymous_2)","decl":{"start":{"line":19,"column":31},"end":{"line":19,"column":32}},"loc":{"start":{"line":19,"column":49},"end":{"line":26,"column":9}},"line":19},"3":{"name":"(anonymous_3)","decl":{"start":{"line":27,"column":31},"end":{"line":27,"column":32}},"loc":{"start":{"line":27,"column":45},"end":{"line":30,"column":9}},"line":27},"4":{"name":"(anonymous_4)","decl":{"start":{"line":34,"column":29},"end":{"line":34,"column":30}},"loc":{"start":{"line":34,"column":55},"end":{"line":63,"column":1}},"line":34},"5":{"name":"(anonymous_5)","decl":{"start":{"line":35,"column":23},"end":{"line":35,"column":24}},"loc":{"start":{"line":35,"column":49},"end":{"line":62,"column":5}},"line":35},"6":{"name":"(anonymous_6)","decl":{"start":{"line":45,"column":59},"end":{"line":45,"column":60}},"loc":{"start":{"line":45,"column":65},"end":{"line":52,"column":13}},"line":45},"7":{"name":"(anonymous_7)","decl":{"start":{"line":52,"column":20},"end":{"line":52,"column":21}},"loc":{"start":{"line":52,"column":26},"end":{"line":56,"column":13}},"line":52},"8":{"name":"(anonymous_8)","decl":{"start":{"line":53,"column":85},"end":{"line":53,"column":86}},"loc":{"start":{"line":53,"column":91},"end":{"line":55,"column":17}},"line":53},"9":{"name":"(anonymous_9)","decl":{"start":{"line":56,"column":21},"end":{"line":56,"column":22}},"loc":{"start":{"line":56,"column":28},"end":{"line":60,"column":13}},"line":56},"10":{"name":"(anonymous_10)","decl":{"start":{"line":57,"column":87},"end":{"line":57,"column":88}},"loc":{"start":{"line":57,"column":93},"end":{"line":59,"column":17}},"line":57}},"branchMap":{"0":{"loc":{"start":{"line":15,"column":8},"end":{"line":18,"column":9}},"type":"if","locations":[{"start":{"line":15,"column":8},"end":{"line":18,"column":9}},{"start":{"line":15,"column":8},"end":{"line":18,"column":9}}],"line":15},"1":{"loc":{"start":{"line":21,"column":12},"end":{"line":25,"column":13}},"type":"if","locations":[{"start":{"line":21,"column":12},"end":{"line":25,"column":13}},{"start":{"line":21,"column":12},"end":{"line":25,"column":13}}],"line":21},"2":{"loc":{"start":{"line":36,"column":8},"end":{"line":61,"column":9}},"type":"if","locations":[{"start":{"line":36,"column":8},"end":{"line":61,"column":9}},{"start":{"line":36,"column":8},"end":{"line":61,"column":9}}],"line":36}},"s":{"0":2,"1":2,"2":2,"3":2,"4":2,"5":1,"6":1,"7":0,"8":0,"9":0,"10":0,"11":0,"12":0,"13":0,"14":0,"15":0,"16":2,"17":0,"18":0,"19":0,"20":0,"21":0,"22":0,"23":0,"24":0,"25":0,"26":0,"27":0,"28":0,"29":0,"30":0,"31":0},"f":{"0":2,"1":1,"2":0,"3":0,"4":0,"5":0,"6":0,"7":0,"8":0,"9":0,"10":0},"b":{"0":[1,0],"1":[0,0],"2":[0,0]},"_coverageSchema":"43e27e138ebf9cfc5966b082cf9a028302ed4184","hash":"50a791dc9e5c7384dfc3dedaa77bae5d2198897d"}
,"C:\\Users\\caami\\pocket-ponics\\packages\\pocket-ponics-backend\\models\\mySQLModel.js": {"path":"C:\\Users\\caami\\pocket-ponics\\packages\\pocket-ponics-backend\\models\\mySQLModel.js","statementMap":{"0":{"start":{"line":1,"column":12},"end":{"line":1,"column":28}},"1":{"start":{"line":2,"column":20},"end":{"line":2,"column":61}},"2":{"start":{"line":4,"column":10},"end":{"line":9,"column":2}},"3":{"start":{"line":11,"column":0},"end":{"line":27,"column":1}},"4":{"start":{"line":12,"column":4},"end":{"line":26,"column":6}},"5":{"start":{"line":14,"column":8},"end":{"line":25,"column":9}},"6":{"start":{"line":16,"column":12},"end":{"line":16,"column":41}},"7":{"start":{"line":18,"column":13},"end":{"line":25,"column":9}},"8":{"start":{"line":20,"column":12},"end":{"line":20,"column":37}},"9":{"start":{"line":24,"column":12},"end":{"line":24,"column":36}},"10":{"start":{"line":29,"column":0},"end":{"line":45,"column":1}},"11":{"start":{"line":30,"column":4},"end":{"line":44,"column":6}},"12":{"start":{"line":32,"column":8},"end":{"line":43,"column":9}},"13":{"start":{"line":34,"column":12},"end":{"line":34,"column":41}},"14":{"start":{"line":36,"column":13},"end":{"line":43,"column":9}},"15":{"start":{"line":38,"column":12},"end":{"line":38,"column":37}},"16":{"start":{"line":42,"column":12},"end":{"line":42,"column":36}},"17":{"start":{"line":47,"column":0},"end":{"line":55,"column":1}},"18":{"start":{"line":48,"column":4},"end":{"line":54,"column":6}},"19":{"start":{"line":49,"column":8},"end":{"line":52,"column":9}},"20":{"start":{"line":51,"column":12},"end":{"line":51,"column":31}},"21":{"start":{"line":53,"column":8},"end":{"line":53,"column":34}},"22":{"start":{"line":57,"column":0},"end":{"line":73,"column":1}},"23":{"start":{"line":58,"column":4},"end":{"line":72,"column":6}},"24":{"start":{"line":59,"column":8},"end":{"line":71,"column":9}},"25":{"start":{"line":61,"column":12},"end":{"line":67,"column":14}},"26":{"start":{"line":62,"column":16},"end":{"line":65,"column":17}},"27":{"start":{"line":64,"column":20},"end":{"line":64,"column":39}},"28":{"start":{"line":66,"column":16},"end":{"line":66,"column":45}},"29":{"start":{"line":70,"column":12},"end":{"line":70,"column":33}},"30":{"start":{"line":75,"column":0},"end":{"line":90,"column":1}},"31":{"start":{"line":76,"column":20},"end":{"line":76,"column":104}},"32":{"start":{"line":77,"column":26},"end":{"line":77,"column":120}},"33":{"start":{"line":78,"column":26},"end":{"line":78,"column":116}},"34":{"start":{"line":79,"column":26},"end":{"line":79,"column":115}},"35":{"start":{"line":81,"column":4},"end":{"line":89,"column":6}},"36":{"start":{"line":82,"column":8},"end":{"line":88,"column":9}},"37":{"start":{"line":84,"column":12},"end":{"line":84,"column":31}},"38":{"start":{"line":87,"column":12},"end":{"line":87,"column":33}},"39":{"start":{"line":92,"column":0},"end":{"line":106,"column":1}},"40":{"start":{"line":93,"column":21},"end":{"line":93,"column":113}},"41":{"start":{"line":94,"column":21},"end":{"line":94,"column":113}},"42":{"start":{"line":95,"column":21},"end":{"line":95,"column":113}},"43":{"start":{"line":96,"column":21},"end":{"line":96,"column":113}},"44":{"start":{"line":97,"column":20},"end":{"line":97,"column":167}},"45":{"start":{"line":99,"column":4},"end":{"line":105,"column":6}},"46":{"start":{"line":100,"column":8},"end":{"line":103,"column":9}},"47":{"start":{"line":102,"column":12},"end":{"line":102,"column":31}},"48":{"start":{"line":104,"column":8},"end":{"line":104,"column":29}},"49":{"start":{"line":108,"column":0},"end":{"line":116,"column":1}},"50":{"start":{"line":109,"column":4},"end":{"line":115,"column":6}},"51":{"start":{"line":110,"column":8},"end":{"line":113,"column":9}},"52":{"start":{"line":112,"column":12},"end":{"line":112,"column":31}},"53":{"start":{"line":114,"column":8},"end":{"line":114,"column":34}},"54":{"start":{"line":118,"column":0},"end":{"line":133,"column":1}},"55":{"start":{"line":119,"column":4},"end":{"line":132,"column":6}},"56":{"start":{"line":120,"column":8},"end":{"line":131,"column":9}},"57":{"start":{"line":122,"column":12},"end":{"line":122,"column":41}},"58":{"start":{"line":124,"column":13},"end":{"line":131,"column":9}},"59":{"start":{"line":126,"column":12},"end":{"line":126,"column":37}},"60":{"start":{"line":130,"column":12},"end":{"line":130,"column":36}},"61":{"start":{"line":135,"column":0},"end":{"line":143,"column":1}},"62":{"start":{"line":136,"column":4},"end":{"line":142,"column":6}},"63":{"start":{"line":137,"column":8},"end":{"line":140,"column":9}},"64":{"start":{"line":139,"column":12},"end":{"line":139,"column":31}},"65":{"start":{"line":141,"column":8},"end":{"line":141,"column":29}},"66":{"start":{"line":145,"column":0},"end":{"line":153,"column":1}},"67":{"start":{"line":146,"column":4},"end":{"line":152,"column":6}},"68":{"start":{"line":147,"column":8},"end":{"line":150,"column":9}},"69":{"start":{"line":149,"column":12},"end":{"line":149,"column":31}},"70":{"start":{"line":151,"column":8},"end":{"line":151,"column":29}},"71":{"start":{"line":155,"column":0},"end":{"line":171,"column":1}},"72":{"start":{"line":157,"column":27},"end":{"line":157,"column":300}},"73":{"start":{"line":158,"column":22},"end":{"line":158,"column":215}},"74":{"start":{"line":159,"column":22},"end":{"line":159,"column":215}},"75":{"start":{"line":160,"column":22},"end":{"line":160,"column":215}},"76":{"start":{"line":161,"column":22},"end":{"line":161,"column":215}},"77":{"start":{"line":162,"column":34},"end":{"line":162,"column":285}},"78":{"start":{"line":164,"column":4},"end":{"line":170,"column":6}},"79":{"start":{"line":165,"column":8},"end":{"line":168,"column":9}},"80":{"start":{"line":167,"column":12},"end":{"line":167,"column":31}},"81":{"start":{"line":169,"column":8},"end":{"line":169,"column":29}},"82":{"start":{"line":173,"column":0},"end":{"line":181,"column":1}},"83":{"start":{"line":174,"column":4},"end":{"line":180,"column":6}},"84":{"start":{"line":175,"column":8},"end":{"line":178,"column":9}},"85":{"start":{"line":177,"column":12},"end":{"line":177,"column":31}},"86":{"start":{"line":179,"column":8},"end":{"line":179,"column":29}},"87":{"start":{"line":183,"column":0},"end":{"line":213,"column":1}},"88":{"start":{"line":184,"column":4},"end":{"line":212,"column":6}},"89":{"start":{"line":186,"column":8},"end":{"line":211,"column":9}},"90":{"start":{"line":188,"column":30},"end":{"line":188,"column":56}},"91":{"start":{"line":189,"column":33},"end":{"line":189,"column":62}},"92":{"start":{"line":190,"column":30},"end":{"line":190,"column":56}},"93":{"start":{"line":191,"column":26},"end":{"line":191,"column":48}},"94":{"start":{"line":193,"column":34},"end":{"line":193,"column":153}},"95":{"start":{"line":194,"column":41},"end":{"line":194,"column":292}},"96":{"start":{"line":196,"column":12},"end":{"line":202,"column":14}},"97":{"start":{"line":197,"column":16},"end":{"line":200,"column":17}},"98":{"start":{"line":199,"column":20},"end":{"line":199,"column":39}},"99":{"start":{"line":201,"column":16},"end":{"line":201,"column":37}},"100":{"start":{"line":204,"column":13},"end":{"line":211,"column":9}},"101":{"start":{"line":206,"column":12},"end":{"line":206,"column":37}},"102":{"start":{"line":210,"column":12},"end":{"line":210,"column":36}},"103":{"start":{"line":215,"column":0},"end":{"line":244,"column":1}},"104":{"start":{"line":216,"column":4},"end":{"line":243,"column":6}},"105":{"start":{"line":217,"column":8},"end":{"line":242,"column":9}},"106":{"start":{"line":219,"column":30},"end":{"line":219,"column":56}},"107":{"start":{"line":220,"column":33},"end":{"line":220,"column":62}},"108":{"start":{"line":221,"column":30},"end":{"line":221,"column":56}},"109":{"start":{"line":222,"column":31},"end":{"line":222,"column":58}},"110":{"start":{"line":224,"column":34},"end":{"line":224,"column":143}},"111":{"start":{"line":225,"column":41},"end":{"line":225,"column":292}},"112":{"start":{"line":227,"column":12},"end":{"line":233,"column":14}},"113":{"start":{"line":228,"column":16},"end":{"line":231,"column":17}},"114":{"start":{"line":230,"column":20},"end":{"line":230,"column":39}},"115":{"start":{"line":232,"column":16},"end":{"line":232,"column":37}},"116":{"start":{"line":235,"column":13},"end":{"line":242,"column":9}},"117":{"start":{"line":237,"column":12},"end":{"line":237,"column":37}},"118":{"start":{"line":241,"column":12},"end":{"line":241,"column":36}},"119":{"start":{"line":246,"column":0},"end":{"line":254,"column":1}},"120":{"start":{"line":247,"column":4},"end":{"line":253,"column":6}},"121":{"start":{"line":248,"column":8},"end":{"line":251,"column":9}},"122":{"start":{"line":250,"column":12},"end":{"line":250,"column":31}},"123":{"start":{"line":252,"column":8},"end":{"line":252,"column":29}},"124":{"start":{"line":256,"column":0},"end":{"line":271,"column":1}},"125":{"start":{"line":257,"column":4},"end":{"line":270,"column":6}},"126":{"start":{"line":258,"column":8},"end":{"line":269,"column":9}},"127":{"start":{"line":260,"column":12},"end":{"line":260,"column":41}},"128":{"start":{"line":264,"column":12},"end":{"line":267,"column":13}},"129":{"start":{"line":266,"column":16},"end":{"line":266,"column":32}},"130":{"start":{"line":268,"column":12},"end":{"line":268,"column":37}},"131":{"start":{"line":273,"column":0},"end":{"line":288,"column":1}},"132":{"start":{"line":274,"column":4},"end":{"line":287,"column":6}},"133":{"start":{"line":275,"column":8},"end":{"line":286,"column":9}},"134":{"start":{"line":277,"column":12},"end":{"line":277,"column":38}},"135":{"start":{"line":281,"column":12},"end":{"line":284,"column":13}},"136":{"start":{"line":283,"column":16},"end":{"line":283,"column":32}},"137":{"start":{"line":285,"column":12},"end":{"line":285,"column":37}},"138":{"start":{"line":290,"column":0},"end":{"line":321,"column":1}},"139":{"start":{"line":291,"column":4},"end":{"line":320,"column":6}},"140":{"start":{"line":292,"column":8},"end":{"line":319,"column":9}},"141":{"start":{"line":294,"column":12},"end":{"line":294,"column":31}},"142":{"start":{"line":295,"column":12},"end":{"line":295,"column":33}},"143":{"start":{"line":297,"column":13},"end":{"line":319,"column":9}},"144":{"start":{"line":299,"column":12},"end":{"line":305,"column":14}},"145":{"start":{"line":300,"column":16},"end":{"line":303,"column":17}},"146":{"start":{"line":302,"column":20},"end":{"line":302,"column":39}},"147":{"start":{"line":304,"column":16},"end":{"line":304,"column":37}},"148":{"start":{"line":307,"column":13},"end":{"line":319,"column":9}},"149":{"start":{"line":309,"column":12},"end":{"line":315,"column":14}},"150":{"start":{"line":310,"column":16},"end":{"line":313,"column":17}},"151":{"start":{"line":312,"column":20},"end":{"line":312,"column":39}},"152":{"start":{"line":314,"column":16},"end":{"line":314,"column":37}},"153":{"start":{"line":318,"column":12},"end":{"line":318,"column":37}},"154":{"start":{"line":323,"column":0},"end":{"line":331,"column":1}},"155":{"start":{"line":324,"column":4},"end":{"line":330,"column":6}},"156":{"start":{"line":325,"column":8},"end":{"line":328,"column":9}},"157":{"start":{"line":327,"column":12},"end":{"line":327,"column":28}},"158":{"start":{"line":329,"column":8},"end":{"line":329,"column":34}},"159":{"start":{"line":333,"column":0},"end":{"line":348,"column":1}},"160":{"start":{"line":334,"column":4},"end":{"line":347,"column":6}},"161":{"start":{"line":335,"column":8},"end":{"line":346,"column":9}},"162":{"start":{"line":337,"column":12},"end":{"line":337,"column":41}},"163":{"start":{"line":341,"column":12},"end":{"line":344,"column":13}},"164":{"start":{"line":343,"column":16},"end":{"line":343,"column":32}},"165":{"start":{"line":345,"column":12},"end":{"line":345,"column":37}},"166":{"start":{"line":350,"column":0},"end":{"line":358,"column":1}},"167":{"start":{"line":351,"column":4},"end":{"line":357,"column":6}},"168":{"start":{"line":352,"column":8},"end":{"line":355,"column":9}},"169":{"start":{"line":354,"column":12},"end":{"line":354,"column":31}},"170":{"start":{"line":356,"column":8},"end":{"line":356,"column":29}},"171":{"start":{"line":360,"column":0},"end":{"line":368,"column":1}},"172":{"start":{"line":361,"column":4},"end":{"line":367,"column":6}},"173":{"start":{"line":362,"column":8},"end":{"line":365,"column":9}},"174":{"start":{"line":364,"column":12},"end":{"line":364,"column":31}},"175":{"start":{"line":366,"column":8},"end":{"line":366,"column":29}},"176":{"start":{"line":370,"column":0},"end":{"line":385,"column":1}},"177":{"start":{"line":371,"column":4},"end":{"line":384,"column":6}},"178":{"start":{"line":372,"column":8},"end":{"line":383,"column":9}},"179":{"start":{"line":374,"column":12},"end":{"line":374,"column":41}},"180":{"start":{"line":378,"column":12},"end":{"line":381,"column":13}},"181":{"start":{"line":380,"column":16},"end":{"line":380,"column":32}},"182":{"start":{"line":382,"column":12},"end":{"line":382,"column":37}},"183":{"start":{"line":387,"column":0},"end":{"line":395,"column":1}},"184":{"start":{"line":388,"column":4},"end":{"line":394,"column":6}},"185":{"start":{"line":389,"column":8},"end":{"line":392,"column":9}},"186":{"start":{"line":391,"column":12},"end":{"line":391,"column":31}},"187":{"start":{"line":393,"column":8},"end":{"line":393,"column":29}},"188":{"start":{"line":397,"column":0},"end":{"line":405,"column":1}},"189":{"start":{"line":398,"column":4},"end":{"line":404,"column":6}},"190":{"start":{"line":399,"column":8},"end":{"line":402,"column":9}},"191":{"start":{"line":401,"column":12},"end":{"line":401,"column":31}},"192":{"start":{"line":403,"column":8},"end":{"line":403,"column":29}},"193":{"start":{"line":407,"column":0},"end":{"line":411,"column":1}},"194":{"start":{"line":408,"column":15},"end":{"line":408,"column":56}},"195":{"start":{"line":409,"column":4},"end":{"line":409,"column":32}},"196":{"start":{"line":410,"column":4},"end":{"line":410,"column":155}}},"fnMap":{"0":{"name":"(anonymous_0)","decl":{"start":{"line":11,"column":25},"end":{"line":11,"column":26}},"loc":{"start":{"line":11,"column":46},"end":{"line":27,"column":1}},"line":11},"1":{"name":"(anonymous_1)","decl":{"start":{"line":12,"column":94},"end":{"line":12,"column":95}},"loc":{"start":{"line":13,"column":4},"end":{"line":26,"column":5}},"line":13},"2":{"name":"(anonymous_2)","decl":{"start":{"line":29,"column":31},"end":{"line":29,"column":32}},"loc":{"start":{"line":29,"column":56},"end":{"line":45,"column":1}},"line":29},"3":{"name":"(anonymous_3)","decl":{"start":{"line":30,"column":124},"end":{"line":30,"column":125}},"loc":{"start":{"line":31,"column":4},"end":{"line":44,"column":5}},"line":31},"4":{"name":"(anonymous_4)","decl":{"start":{"line":47,"column":32},"end":{"line":47,"column":33}},"loc":{"start":{"line":47,"column":55},"end":{"line":55,"column":1}},"line":47},"5":{"name":"(anonymous_5)","decl":{"start":{"line":48,"column":95},"end":{"line":48,"column":96}},"loc":{"start":{"line":48,"column":117},"end":{"line":54,"column":5}},"line":48},"6":{"name":"(anonymous_6)","decl":{"start":{"line":57,"column":34},"end":{"line":57,"column":35}},"loc":{"start":{"line":57,"column":63},"end":{"line":73,"column":1}},"line":57},"7":{"name":"(anonymous_7)","decl":{"start":{"line":58,"column":100},"end":{"line":58,"column":101}},"loc":{"start":{"line":58,"column":122},"end":{"line":72,"column":5}},"line":58},"8":{"name":"(anonymous_8)","decl":{"start":{"line":61,"column":61},"end":{"line":61,"column":62}},"loc":{"start":{"line":61,"column":82},"end":{"line":67,"column":13}},"line":61},"9":{"name":"(anonymous_9)","decl":{"start":{"line":75,"column":34},"end":{"line":75,"column":35}},"loc":{"start":{"line":75,"column":72},"end":{"line":90,"column":1}},"line":75},"10":{"name":"(anonymous_10)","decl":{"start":{"line":81,"column":101},"end":{"line":81,"column":102}},"loc":{"start":{"line":81,"column":123},"end":{"line":89,"column":5}},"line":81},"11":{"name":"(anonymous_11)","decl":{"start":{"line":92,"column":50},"end":{"line":92,"column":51}},"loc":{"start":{"line":92,"column":110},"end":{"line":106,"column":1}},"line":92},"12":{"name":"(anonymous_12)","decl":{"start":{"line":99,"column":98},"end":{"line":99,"column":99}},"loc":{"start":{"line":99,"column":120},"end":{"line":105,"column":5}},"line":99},"13":{"name":"(anonymous_13)","decl":{"start":{"line":108,"column":38},"end":{"line":108,"column":39}},"loc":{"start":{"line":108,"column":102},"end":{"line":116,"column":1}},"line":108},"14":{"name":"(anonymous_14)","decl":{"start":{"line":109,"column":180},"end":{"line":109,"column":181}},"loc":{"start":{"line":109,"column":202},"end":{"line":115,"column":5}},"line":109},"15":{"name":"(anonymous_15)","decl":{"start":{"line":118,"column":26},"end":{"line":118,"column":27}},"loc":{"start":{"line":118,"column":47},"end":{"line":133,"column":1}},"line":118},"16":{"name":"(anonymous_16)","decl":{"start":{"line":119,"column":119},"end":{"line":119,"column":120}},"loc":{"start":{"line":119,"column":141},"end":{"line":132,"column":5}},"line":119},"17":{"name":"(anonymous_17)","decl":{"start":{"line":135,"column":34},"end":{"line":135,"column":35}},"loc":{"start":{"line":135,"column":126},"end":{"line":143,"column":1}},"line":135},"18":{"name":"(anonymous_18)","decl":{"start":{"line":136,"column":242},"end":{"line":136,"column":243}},"loc":{"start":{"line":136,"column":264},"end":{"line":142,"column":5}},"line":136},"19":{"name":"(anonymous_19)","decl":{"start":{"line":145,"column":34},"end":{"line":145,"column":35}},"loc":{"start":{"line":145,"column":93},"end":{"line":153,"column":1}},"line":145},"20":{"name":"(anonymous_20)","decl":{"start":{"line":146,"column":168},"end":{"line":146,"column":169}},"loc":{"start":{"line":146,"column":190},"end":{"line":152,"column":5}},"line":146},"21":{"name":"(anonymous_21)","decl":{"start":{"line":155,"column":38},"end":{"line":155,"column":39}},"loc":{"start":{"line":155,"column":184},"end":{"line":171,"column":1}},"line":155},"22":{"name":"(anonymous_22)","decl":{"start":{"line":164,"column":134},"end":{"line":164,"column":135}},"loc":{"start":{"line":164,"column":155},"end":{"line":170,"column":5}},"line":164},"23":{"name":"(anonymous_23)","decl":{"start":{"line":173,"column":42},"end":{"line":173,"column":43}},"loc":{"start":{"line":173,"column":119},"end":{"line":181,"column":1}},"line":173},"24":{"name":"(anonymous_24)","decl":{"start":{"line":174,"column":206},"end":{"line":174,"column":207}},"loc":{"start":{"line":174,"column":228},"end":{"line":180,"column":5}},"line":174},"25":{"name":"(anonymous_25)","decl":{"start":{"line":183,"column":41},"end":{"line":183,"column":42}},"loc":{"start":{"line":183,"column":93},"end":{"line":213,"column":1}},"line":183},"26":{"name":"(anonymous_26)","decl":{"start":{"line":184,"column":118},"end":{"line":184,"column":119}},"loc":{"start":{"line":184,"column":140},"end":{"line":212,"column":5}},"line":184},"27":{"name":"(anonymous_27)","decl":{"start":{"line":196,"column":88},"end":{"line":196,"column":89}},"loc":{"start":{"line":196,"column":110},"end":{"line":202,"column":13}},"line":196},"28":{"name":"(anonymous_28)","decl":{"start":{"line":215,"column":37},"end":{"line":215,"column":38}},"loc":{"start":{"line":215,"column":84},"end":{"line":244,"column":1}},"line":215},"29":{"name":"(anonymous_29)","decl":{"start":{"line":216,"column":118},"end":{"line":216,"column":119}},"loc":{"start":{"line":216,"column":140},"end":{"line":243,"column":5}},"line":216},"30":{"name":"(anonymous_30)","decl":{"start":{"line":227,"column":88},"end":{"line":227,"column":89}},"loc":{"start":{"line":227,"column":110},"end":{"line":233,"column":13}},"line":227},"31":{"name":"(anonymous_31)","decl":{"start":{"line":246,"column":38},"end":{"line":246,"column":39}},"loc":{"start":{"line":246,"column":104},"end":{"line":254,"column":1}},"line":246},"32":{"name":"(anonymous_32)","decl":{"start":{"line":247,"column":157},"end":{"line":247,"column":158}},"loc":{"start":{"line":247,"column":179},"end":{"line":253,"column":5}},"line":247},"33":{"name":"(anonymous_33)","decl":{"start":{"line":256,"column":31},"end":{"line":256,"column":32}},"loc":{"start":{"line":256,"column":75},"end":{"line":271,"column":1}},"line":256},"34":{"name":"(anonymous_34)","decl":{"start":{"line":257,"column":162},"end":{"line":257,"column":163}},"loc":{"start":{"line":257,"column":184},"end":{"line":270,"column":5}},"line":257},"35":{"name":"(anonymous_35)","decl":{"start":{"line":273,"column":35},"end":{"line":273,"column":36}},"loc":{"start":{"line":273,"column":73},"end":{"line":288,"column":1}},"line":273},"36":{"name":"(anonymous_36)","decl":{"start":{"line":274,"column":149},"end":{"line":274,"column":150}},"loc":{"start":{"line":274,"column":171},"end":{"line":287,"column":5}},"line":274},"37":{"name":"(anonymous_37)","decl":{"start":{"line":290,"column":40},"end":{"line":290,"column":41}},"loc":{"start":{"line":290,"column":109},"end":{"line":321,"column":1}},"line":290},"38":{"name":"(anonymous_38)","decl":{"start":{"line":291,"column":184},"end":{"line":291,"column":185}},"loc":{"start":{"line":291,"column":206},"end":{"line":320,"column":5}},"line":291},"39":{"name":"(anonymous_39)","decl":{"start":{"line":299,"column":205},"end":{"line":299,"column":206}},"loc":{"start":{"line":299,"column":227},"end":{"line":305,"column":13}},"line":299},"40":{"name":"(anonymous_40)","decl":{"start":{"line":309,"column":139},"end":{"line":309,"column":140}},"loc":{"start":{"line":309,"column":161},"end":{"line":315,"column":13}},"line":309},"41":{"name":"(anonymous_41)","decl":{"start":{"line":323,"column":38},"end":{"line":323,"column":39}},"loc":{"start":{"line":323,"column":76},"end":{"line":331,"column":1}},"line":323},"42":{"name":"(anonymous_42)","decl":{"start":{"line":324,"column":161},"end":{"line":324,"column":162}},"loc":{"start":{"line":324,"column":183},"end":{"line":330,"column":5}},"line":324},"43":{"name":"(anonymous_43)","decl":{"start":{"line":333,"column":31},"end":{"line":333,"column":32}},"loc":{"start":{"line":333,"column":75},"end":{"line":348,"column":1}},"line":333},"44":{"name":"(anonymous_44)","decl":{"start":{"line":334,"column":216},"end":{"line":334,"column":217}},"loc":{"start":{"line":334,"column":238},"end":{"line":347,"column":5}},"line":334},"45":{"name":"(anonymous_45)","decl":{"start":{"line":350,"column":21},"end":{"line":350,"column":22}},"loc":{"start":{"line":350,"column":57},"end":{"line":358,"column":1}},"line":350},"46":{"name":"(anonymous_46)","decl":{"start":{"line":351,"column":109},"end":{"line":351,"column":110}},"loc":{"start":{"line":351,"column":131},"end":{"line":357,"column":5}},"line":351},"47":{"name":"(anonymous_47)","decl":{"start":{"line":360,"column":23},"end":{"line":360,"column":24}},"loc":{"start":{"line":360,"column":46},"end":{"line":368,"column":1}},"line":360},"48":{"name":"(anonymous_48)","decl":{"start":{"line":361,"column":86},"end":{"line":361,"column":87}},"loc":{"start":{"line":361,"column":108},"end":{"line":367,"column":5}},"line":361},"49":{"name":"(anonymous_49)","decl":{"start":{"line":370,"column":31},"end":{"line":370,"column":32}},"loc":{"start":{"line":370,"column":69},"end":{"line":385,"column":1}},"line":370},"50":{"name":"(anonymous_50)","decl":{"start":{"line":371,"column":201},"end":{"line":371,"column":202}},"loc":{"start":{"line":371,"column":223},"end":{"line":384,"column":5}},"line":371},"51":{"name":"(anonymous_51)","decl":{"start":{"line":387,"column":25},"end":{"line":387,"column":26}},"loc":{"start":{"line":387,"column":63},"end":{"line":395,"column":1}},"line":387},"52":{"name":"(anonymous_52)","decl":{"start":{"line":388,"column":109},"end":{"line":388,"column":110}},"loc":{"start":{"line":388,"column":131},"end":{"line":394,"column":5}},"line":388},"53":{"name":"(anonymous_53)","decl":{"start":{"line":397,"column":29},"end":{"line":397,"column":30}},"loc":{"start":{"line":397,"column":71},"end":{"line":405,"column":1}},"line":397},"54":{"name":"(anonymous_54)","decl":{"start":{"line":398,"column":140},"end":{"line":398,"column":141}},"loc":{"start":{"line":398,"column":161},"end":{"line":404,"column":5}},"line":398},"55":{"name":"(anonymous_55)","decl":{"start":{"line":407,"column":34},"end":{"line":407,"column":35}},"loc":{"start":{"line":407,"column":40},"end":{"line":411,"column":1}},"line":407}},"branchMap":{"0":{"loc":{"start":{"line":14,"column":8},"end":{"line":25,"column":9}},"type":"if","locations":[{"start":{"line":14,"column":8},"end":{"line":25,"column":9}},{"start":{"line":14,"column":8},"end":{"line":25,"column":9}}],"line":14},"1":{"loc":{"start":{"line":18,"column":13},"end":{"line":25,"column":9}},"type":"if","locations":[{"start":{"line":18,"column":13},"end":{"line":25,"column":9}},{"start":{"line":18,"column":13},"end":{"line":25,"column":9}}],"line":18},"2":{"loc":{"start":{"line":32,"column":8},"end":{"line":43,"column":9}},"type":"if","locations":[{"start":{"line":32,"column":8},"end":{"line":43,"column":9}},{"start":{"line":32,"column":8},"end":{"line":43,"column":9}}],"line":32},"3":{"loc":{"start":{"line":36,"column":13},"end":{"line":43,"column":9}},"type":"if","locations":[{"start":{"line":36,"column":13},"end":{"line":43,"column":9}},{"start":{"line":36,"column":13},"end":{"line":43,"column":9}}],"line":36},"4":{"loc":{"start":{"line":49,"column":8},"end":{"line":52,"column":9}},"type":"if","locations":[{"start":{"line":49,"column":8},"end":{"line":52,"column":9}},{"start":{"line":49,"column":8},"end":{"line":52,"column":9}}],"line":49},"5":{"loc":{"start":{"line":59,"column":8},"end":{"line":71,"column":9}},"type":"if","locations":[{"start":{"line":59,"column":8},"end":{"line":71,"column":9}},{"start":{"line":59,"column":8},"end":{"line":71,"column":9}}],"line":59},"6":{"loc":{"start":{"line":62,"column":16},"end":{"line":65,"column":17}},"type":"if","locations":[{"start":{"line":62,"column":16},"end":{"line":65,"column":17}},{"start":{"line":62,"column":16},"end":{"line":65,"column":17}}],"line":62},"7":{"loc":{"start":{"line":82,"column":8},"end":{"line":88,"column":9}},"type":"if","locations":[{"start":{"line":82,"column":8},"end":{"line":88,"column":9}},{"start":{"line":82,"column":8},"end":{"line":88,"column":9}}],"line":82},"8":{"loc":{"start":{"line":100,"column":8},"end":{"line":103,"column":9}},"type":"if","locations":[{"start":{"line":100,"column":8},"end":{"line":103,"column":9}},{"start":{"line":100,"column":8},"end":{"line":103,"column":9}}],"line":100},"9":{"loc":{"start":{"line":110,"column":8},"end":{"line":113,"column":9}},"type":"if","locations":[{"start":{"line":110,"column":8},"end":{"line":113,"column":9}},{"start":{"line":110,"column":8},"end":{"line":113,"column":9}}],"line":110},"10":{"loc":{"start":{"line":120,"column":8},"end":{"line":131,"column":9}},"type":"if","locations":[{"start":{"line":120,"column":8},"end":{"line":131,"column":9}},{"start":{"line":120,"column":8},"end":{"line":131,"column":9}}],"line":120},"11":{"loc":{"start":{"line":124,"column":13},"end":{"line":131,"column":9}},"type":"if","locations":[{"start":{"line":124,"column":13},"end":{"line":131,"column":9}},{"start":{"line":124,"column":13},"end":{"line":131,"column":9}}],"line":124},"12":{"loc":{"start":{"line":137,"column":8},"end":{"line":140,"column":9}},"type":"if","locations":[{"start":{"line":137,"column":8},"end":{"line":140,"column":9}},{"start":{"line":137,"column":8},"end":{"line":140,"column":9}}],"line":137},"13":{"loc":{"start":{"line":147,"column":8},"end":{"line":150,"column":9}},"type":"if","locations":[{"start":{"line":147,"column":8},"end":{"line":150,"column":9}},{"start":{"line":147,"column":8},"end":{"line":150,"column":9}}],"line":147},"14":{"loc":{"start":{"line":165,"column":8},"end":{"line":168,"column":9}},"type":"if","locations":[{"start":{"line":165,"column":8},"end":{"line":168,"column":9}},{"start":{"line":165,"column":8},"end":{"line":168,"column":9}}],"line":165},"15":{"loc":{"start":{"line":175,"column":8},"end":{"line":178,"column":9}},"type":"if","locations":[{"start":{"line":175,"column":8},"end":{"line":178,"column":9}},{"start":{"line":175,"column":8},"end":{"line":178,"column":9}}],"line":175},"16":{"loc":{"start":{"line":186,"column":8},"end":{"line":211,"column":9}},"type":"if","locations":[{"start":{"line":186,"column":8},"end":{"line":211,"column":9}},{"start":{"line":186,"column":8},"end":{"line":211,"column":9}}],"line":186},"17":{"loc":{"start":{"line":197,"column":16},"end":{"line":200,"column":17}},"type":"if","locations":[{"start":{"line":197,"column":16},"end":{"line":200,"column":17}},{"start":{"line":197,"column":16},"end":{"line":200,"column":17}}],"line":197},"18":{"loc":{"start":{"line":204,"column":13},"end":{"line":211,"column":9}},"type":"if","locations":[{"start":{"line":204,"column":13},"end":{"line":211,"column":9}},{"start":{"line":204,"column":13},"end":{"line":211,"column":9}}],"line":204},"19":{"loc":{"start":{"line":217,"column":8},"end":{"line":242,"column":9}},"type":"if","locations":[{"start":{"line":217,"column":8},"end":{"line":242,"column":9}},{"start":{"line":217,"column":8},"end":{"line":242,"column":9}}],"line":217},"20":{"loc":{"start":{"line":228,"column":16},"end":{"line":231,"column":17}},"type":"if","locations":[{"start":{"line":228,"column":16},"end":{"line":231,"column":17}},{"start":{"line":228,"column":16},"end":{"line":231,"column":17}}],"line":228},"21":{"loc":{"start":{"line":235,"column":13},"end":{"line":242,"column":9}},"type":"if","locations":[{"start":{"line":235,"column":13},"end":{"line":242,"column":9}},{"start":{"line":235,"column":13},"end":{"line":242,"column":9}}],"line":235},"22":{"loc":{"start":{"line":248,"column":8},"end":{"line":251,"column":9}},"type":"if","locations":[{"start":{"line":248,"column":8},"end":{"line":251,"column":9}},{"start":{"line":248,"column":8},"end":{"line":251,"column":9}}],"line":248},"23":{"loc":{"start":{"line":258,"column":8},"end":{"line":269,"column":9}},"type":"if","locations":[{"start":{"line":258,"column":8},"end":{"line":269,"column":9}},{"start":{"line":258,"column":8},"end":{"line":269,"column":9}}],"line":258},"24":{"loc":{"start":{"line":264,"column":12},"end":{"line":267,"column":13}},"type":"if","locations":[{"start":{"line":264,"column":12},"end":{"line":267,"column":13}},{"start":{"line":264,"column":12},"end":{"line":267,"column":13}}],"line":264},"25":{"loc":{"start":{"line":275,"column":8},"end":{"line":286,"column":9}},"type":"if","locations":[{"start":{"line":275,"column":8},"end":{"line":286,"column":9}},{"start":{"line":275,"column":8},"end":{"line":286,"column":9}}],"line":275},"26":{"loc":{"start":{"line":281,"column":12},"end":{"line":284,"column":13}},"type":"if","locations":[{"start":{"line":281,"column":12},"end":{"line":284,"column":13}},{"start":{"line":281,"column":12},"end":{"line":284,"column":13}}],"line":281},"27":{"loc":{"start":{"line":292,"column":8},"end":{"line":319,"column":9}},"type":"if","locations":[{"start":{"line":292,"column":8},"end":{"line":319,"column":9}},{"start":{"line":292,"column":8},"end":{"line":319,"column":9}}],"line":292},"28":{"loc":{"start":{"line":297,"column":13},"end":{"line":319,"column":9}},"type":"if","locations":[{"start":{"line":297,"column":13},"end":{"line":319,"column":9}},{"start":{"line":297,"column":13},"end":{"line":319,"column":9}}],"line":297},"29":{"loc":{"start":{"line":300,"column":16},"end":{"line":303,"column":17}},"type":"if","locations":[{"start":{"line":300,"column":16},"end":{"line":303,"column":17}},{"start":{"line":300,"column":16},"end":{"line":303,"column":17}}],"line":300},"30":{"loc":{"start":{"line":307,"column":13},"end":{"line":319,"column":9}},"type":"if","locations":[{"start":{"line":307,"column":13},"end":{"line":319,"column":9}},{"start":{"line":307,"column":13},"end":{"line":319,"column":9}}],"line":307},"31":{"loc":{"start":{"line":310,"column":16},"end":{"line":313,"column":17}},"type":"if","locations":[{"start":{"line":310,"column":16},"end":{"line":313,"column":17}},{"start":{"line":310,"column":16},"end":{"line":313,"column":17}}],"line":310},"32":{"loc":{"start":{"line":325,"column":8},"end":{"line":328,"column":9}},"type":"if","locations":[{"start":{"line":325,"column":8},"end":{"line":328,"column":9}},{"start":{"line":325,"column":8},"end":{"line":328,"column":9}}],"line":325},"33":{"loc":{"start":{"line":335,"column":8},"end":{"line":346,"column":9}},"type":"if","locations":[{"start":{"line":335,"column":8},"end":{"line":346,"column":9}},{"start":{"line":335,"column":8},"end":{"line":346,"column":9}}],"line":335},"34":{"loc":{"start":{"line":341,"column":12},"end":{"line":344,"column":13}},"type":"if","locations":[{"start":{"line":341,"column":12},"end":{"line":344,"column":13}},{"start":{"line":341,"column":12},"end":{"line":344,"column":13}}],"line":341},"35":{"loc":{"start":{"line":352,"column":8},"end":{"line":355,"column":9}},"type":"if","locations":[{"start":{"line":352,"column":8},"end":{"line":355,"column":9}},{"start":{"line":352,"column":8},"end":{"line":355,"column":9}}],"line":352},"36":{"loc":{"start":{"line":362,"column":8},"end":{"line":365,"column":9}},"type":"if","locations":[{"start":{"line":362,"column":8},"end":{"line":365,"column":9}},{"start":{"line":362,"column":8},"end":{"line":365,"column":9}}],"line":362},"37":{"loc":{"start":{"line":372,"column":8},"end":{"line":383,"column":9}},"type":"if","locations":[{"start":{"line":372,"column":8},"end":{"line":383,"column":9}},{"start":{"line":372,"column":8},"end":{"line":383,"column":9}}],"line":372},"38":{"loc":{"start":{"line":378,"column":12},"end":{"line":381,"column":13}},"type":"if","locations":[{"start":{"line":378,"column":12},"end":{"line":381,"column":13}},{"start":{"line":378,"column":12},"end":{"line":381,"column":13}}],"line":378},"39":{"loc":{"start":{"line":389,"column":8},"end":{"line":392,"column":9}},"type":"if","locations":[{"start":{"line":389,"column":8},"end":{"line":392,"column":9}},{"start":{"line":389,"column":8},"end":{"line":392,"column":9}}],"line":389},"40":{"loc":{"start":{"line":399,"column":8},"end":{"line":402,"column":9}},"type":"if","locations":[{"start":{"line":399,"column":8},"end":{"line":402,"column":9}},{"start":{"line":399,"column":8},"end":{"line":402,"column":9}}],"line":399}},"s":{"0":1,"1":1,"2":1,"3":1,"4":0,"5":0,"6":0,"7":0,"8":0,"9":0,"10":1,"11":0,"12":0,"13":0,"14":0,"15":0,"16":0,"17":1,"18":0,"19":0,"20":0,"21":0,"22":1,"23":0,"24":0,"25":0,"26":0,"27":0,"28":0,"29":0,"30":1,"31":0,"32":0,"33":0,"34":0,"35":0,"36":0,"37":0,"38":0,"39":1,"40":0,"41":0,"42":0,"43":0,"44":0,"45":0,"46":0,"47":0,"48":0,"49":1,"50":0,"51":0,"52":0,"53":0,"54":1,"55":0,"56":0,"57":0,"58":0,"59":0,"60":0,"61":1,"62":0,"63":0,"64":0,"65":0,"66":1,"67":0,"68":0,"69":0,"70":0,"71":1,"72":0,"73":0,"74":0,"75":0,"76":0,"77":0,"78":0,"79":0,"80":0,"81":0,"82":1,"83":0,"84":0,"85":0,"86":0,"87":1,"88":0,"89":0,"90":0,"91":0,"92":0,"93":0,"94":0,"95":0,"96":0,"97":0,"98":0,"99":0,"100":0,"101":0,"102":0,"103":1,"104":0,"105":0,"106":0,"107":0,"108":0,"109":0,"110":0,"111":0,"112":0,"113":0,"114":0,"115":0,"116":0,"117":0,"118":0,"119":1,"120":0,"121":0,"122":0,"123":0,"124":1,"125":0,"126":0,"127":0,"128":0,"129":0,"130":0,"131":1,"132":0,"133":0,"134":0,"135":0,"136":0,"137":0,"138":1,"139":0,"140":0,"141":0,"142":0,"143":0,"144":0,"145":0,"146":0,"147":0,"148":0,"149":0,"150":0,"151":0,"152":0,"153":0,"154":1,"155":0,"156":0,"157":0,"158":0,"159":1,"160":0,"161":0,"162":0,"163":0,"164":0,"165":0,"166":1,"167":0,"168":0,"169":0,"170":0,"171":1,"172":0,"173":0,"174":0,"175":0,"176":1,"177":0,"178":0,"179":0,"180":0,"181":0,"182":0,"183":1,"184":0,"185":0,"186":0,"187":0,"188":1,"189":2,"190":2,"191":1,"192":2,"193":1,"194":1,"195":1,"196":1},"f":{"0":0,"1":0,"2":0,"3":0,"4":0,"5":0,"6":0,"7":0,"8":0,"9":0,"10":0,"11":0,"12":0,"13":0,"14":0,"15":0,"16":0,"17":0,"18":0,"19":0,"20":0,"21":0,"22":0,"23":0,"24":0,"25":0,"26":0,"27":0,"28":0,"29":0,"30":0,"31":0,"32":0,"33":0,"34":0,"35":0,"36":0,"37":0,"38":0,"39":0,"40":0,"41":0,"42":0,"43":0,"44":0,"45":0,"46":0,"47":0,"48":0,"49":0,"50":0,"51":0,"52":0,"53":2,"54":2,"55":1},"b":{"0":[0,0],"1":[0,0],"2":[0,0],"3":[0,0],"4":[0,0],"5":[0,0],"6":[0,0],"7":[0,0],"8":[0,0],"9":[0,0],"10":[0,0],"11":[0,0],"12":[0,0],"13":[0,0],"14":[0,0],"15":[0,0],"16":[0,0],"17":[0,0],"18":[0,0],"19":[0,0],"20":[0,0],"21":[0,0],"22":[0,0],"23":[0,0],"24":[0,0],"25":[0,0],"26":[0,0],"27":[0,0],"28":[0,0],"29":[0,0],"30":[0,0],"31":[0,0],"32":[0,0],"33":[0,0],"34":[0,0],"35":[0,0],"36":[0,0],"37":[0,0],"38":[0,0],"39":[0,0],"40":[1,1]},"_coverageSchema":"43e27e138ebf9cfc5966b082cf9a028302ed4184","hash":"fce0b7f925b987522f8f0a398b37fdfcbff8b370"}
}
