TN:
SF:/Users/ca718039/pocket-ponics/packages/pocket-ponics-backend/controllers/authController.js
FN:12,(anonymous_0)
FN:23,(anonymous_1)
FN:37,(anonymous_2)
FN:44,(anonymous_3)
FN:67,(anonymous_4)
FN:77,(anonymous_5)
FN:86,(anonymous_6)
FN:98,(anonymous_7)
FN:126,(anonymous_8)
FN:135,(anonymous_9)
FN:149,(anonymous_10)
FN:154,(anonymous_11)
FN:160,(anonymous_12)
FNF:13
FNH:0
FNDA:0,(anonymous_0)
FNDA:0,(anonymous_1)
FNDA:0,(anonymous_2)
FNDA:0,(anonymous_3)
FNDA:0,(anonymous_4)
FNDA:0,(anonymous_5)
FNDA:0,(anonymous_6)
FNDA:0,(anonymous_7)
FNDA:0,(anonymous_8)
FNDA:0,(anonymous_9)
FNDA:0,(anonymous_10)
FNDA:0,(anonymous_11)
FNDA:0,(anonymous_12)
DA:1,1
DA:2,1
DA:3,1
DA:4,1
DA:8,1
DA:9,1
DA:12,1
DA:14,0
DA:15,0
DA:16,0
DA:19,0
DA:20,0
DA:23,0
DA:24,0
DA:26,0
DA:27,0
DA:29,0
DA:31,0
DA:32,0
DA:37,0
DA:38,0
DA:41,0
DA:44,0
DA:45,0
DA:47,0
DA:48,0
DA:52,0
DA:53,0
DA:58,0
DA:59,0
DA:67,1
DA:68,0
DA:72,0
DA:73,0
DA:77,1
DA:79,0
DA:80,0
DA:83,0
DA:86,0
DA:87,0
DA:89,0
DA:90,0
DA:92,0
DA:95,0
DA:98,0
DA:99,0
DA:101,0
DA:102,0
DA:106,0
DA:107,0
DA:113,0
DA:114,0
DA:120,0
DA:121,0
DA:126,1
DA:128,0
DA:129,0
DA:130,0
DA:132,0
DA:135,0
DA:136,0
DA:138,0
DA:139,0
DA:141,0
DA:143,0
DA:144,0
DA:149,0
DA:150,0
DA:153,0
DA:154,0
DA:155,0
DA:157,0
DA:160,0
DA:161,0
DA:163,0
DA:164,0
DA:168,0
DA:169,0
DA:175,0
DA:176,0
DA:182,0
DA:183,0
DA:191,0
DA:192,0
LF:84
LH:10
BRDA:24,0,0,0
BRDA:24,0,1,0
BRDA:29,1,0,0
BRDA:29,1,1,0
BRDA:38,2,0,0
BRDA:38,2,1,0
BRDA:45,3,0,0
BRDA:45,3,1,0
BRDA:83,4,0,0
BRDA:83,4,1,0
BRDA:83,5,0,0
BRDA:83,5,1,0
BRDA:87,6,0,0
BRDA:87,6,1,0
BRDA:92,7,0,0
BRDA:92,7,1,0
BRDA:99,8,0,0
BRDA:99,8,1,0
BRDA:132,9,0,0
BRDA:132,9,1,0
BRDA:136,10,0,0
BRDA:136,10,1,0
BRDA:141,11,0,0
BRDA:141,11,1,0
BRDA:150,12,0,0
BRDA:150,12,1,0
BRDA:155,13,0,0
BRDA:155,13,1,0
BRDA:161,14,0,0
BRDA:161,14,1,0
BRF:30
BRH:0
end_of_record
TN:
SF:/Users/ca718039/pocket-ponics/packages/pocket-ponics-backend/controllers/mySQLController.js
FN:4,(anonymous_0)
FN:5,(anonymous_1)
FN:22,(anonymous_2)
FN:23,(anonymous_3)
FN:40,(anonymous_4)
FN:41,(anonymous_5)
FN:50,(anonymous_6)
FN:51,(anonymous_7)
FN:60,(anonymous_8)
FN:61,(anonymous_9)
FN:70,(anonymous_10)
FN:71,(anonymous_11)
FN:80,(anonymous_12)
FN:81,(anonymous_13)
FN:93,(anonymous_14)
FN:99,(anonymous_15)
FN:107,(anonymous_16)
FN:122,(anonymous_17)
FN:129,(anonymous_18)
FN:138,(anonymous_19)
FN:139,(anonymous_20)
FN:148,(anonymous_21)
FN:149,(anonymous_22)
FN:165,(anonymous_23)
FN:166,(anonymous_24)
FN:178,(anonymous_25)
FN:179,(anonymous_26)
FN:191,(anonymous_27)
FN:192,(anonymous_28)
FN:201,(anonymous_29)
FN:202,(anonymous_30)
FN:218,(anonymous_31)
FN:219,(anonymous_32)
FN:231,(anonymous_33)
FN:232,(anonymous_34)
FN:244,(anonymous_35)
FN:253,(anonymous_36)
FN:262,(anonymous_37)
FN:263,(anonymous_38)
FN:272,(anonymous_39)
FN:273,(anonymous_40)
FN:285,(anonymous_41)
FN:304,(anonymous_42)
FN:305,(anonymous_43)
FN:316,(anonymous_44)
FN:335,(anonymous_45)
FN:336,(anonymous_46)
FN:345,(anonymous_47)
FN:346,(anonymous_48)
FN:362,(anonymous_49)
FN:363,(anonymous_50)
FN:379,(anonymous_51)
FN:380,(anonymous_52)
FN:396,(anonymous_53)
FN:397,(anonymous_54)
FN:406,(anonymous_55)
FN:407,(anonymous_56)
FN:416,(anonymous_57)
FN:417,(anonymous_58)
FN:426,(anonymous_59)
FN:427,(anonymous_60)
FN:436,(anonymous_61)
FN:437,(anonymous_62)
FN:446,(anonymous_63)
FN:450,(anonymous_64)
FN:454,(anonymous_65)
FN:463,(anonymous_66)
FN:464,(anonymous_67)
FN:480,(anonymous_68)
FN:481,(anonymous_69)
FN:497,(anonymous_70)
FN:498,(anonymous_71)
FN:514,(anonymous_72)
FN:515,(anonymous_73)
FN:520,(anonymous_74)
FN:541,(anonymous_75)
FN:542,(anonymous_76)
FN:551,(anonymous_77)
FN:552,(anonymous_78)
FN:561,(anonymous_79)
FNF:80
FNH:21
FNDA:3,(anonymous_0)
FNDA:3,(anonymous_1)
FNDA:3,(anonymous_2)
FNDA:3,(anonymous_3)
FNDA:2,(anonymous_4)
FNDA:2,(anonymous_5)
FNDA:2,(anonymous_6)
FNDA:2,(anonymous_7)
FNDA:2,(anonymous_8)
FNDA:2,(anonymous_9)
FNDA:2,(anonymous_10)
FNDA:2,(anonymous_11)
FNDA:0,(anonymous_12)
FNDA:0,(anonymous_13)
FNDA:0,(anonymous_14)
FNDA:0,(anonymous_15)
FNDA:0,(anonymous_16)
FNDA:0,(anonymous_17)
FNDA:0,(anonymous_18)
FNDA:0,(anonymous_19)
FNDA:0,(anonymous_20)
FNDA:0,(anonymous_21)
FNDA:0,(anonymous_22)
FNDA:0,(anonymous_23)
FNDA:0,(anonymous_24)
FNDA:0,(anonymous_25)
FNDA:0,(anonymous_26)
FNDA:0,(anonymous_27)
FNDA:0,(anonymous_28)
FNDA:0,(anonymous_29)
FNDA:0,(anonymous_30)
FNDA:0,(anonymous_31)
FNDA:0,(anonymous_32)
FNDA:0,(anonymous_33)
FNDA:0,(anonymous_34)
FNDA:0,(anonymous_35)
FNDA:0,(anonymous_36)
FNDA:0,(anonymous_37)
FNDA:0,(anonymous_38)
FNDA:0,(anonymous_39)
FNDA:0,(anonymous_40)
FNDA:0,(anonymous_41)
FNDA:0,(anonymous_42)
FNDA:0,(anonymous_43)
FNDA:0,(anonymous_44)
FNDA:0,(anonymous_45)
FNDA:0,(anonymous_46)
FNDA:0,(anonymous_47)
FNDA:0,(anonymous_48)
FNDA:0,(anonymous_49)
FNDA:0,(anonymous_50)
FNDA:0,(anonymous_51)
FNDA:0,(anonymous_52)
FNDA:0,(anonymous_53)
FNDA:0,(anonymous_54)
FNDA:0,(anonymous_55)
FNDA:0,(anonymous_56)
FNDA:0,(anonymous_57)
FNDA:0,(anonymous_58)
FNDA:2,(anonymous_59)
FNDA:2,(anonymous_60)
FNDA:2,(anonymous_61)
FNDA:2,(anonymous_62)
FNDA:0,(anonymous_63)
FNDA:0,(anonymous_64)
FNDA:0,(anonymous_65)
FNDA:0,(anonymous_66)
FNDA:0,(anonymous_67)
FNDA:0,(anonymous_68)
FNDA:0,(anonymous_69)
FNDA:0,(anonymous_70)
FNDA:0,(anonymous_71)
FNDA:0,(anonymous_72)
FNDA:0,(anonymous_73)
FNDA:0,(anonymous_74)
FNDA:1,(anonymous_75)
FNDA:1,(anonymous_76)
FNDA:1,(anonymous_77)
FNDA:1,(anonymous_78)
FNDA:1,(anonymous_79)
DA:1,2
DA:2,2
DA:4,2
DA:5,3
DA:7,3
DA:9,1
DA:11,2
DA:13,1
DA:17,1
DA:22,2
DA:23,3
DA:25,3
DA:27,1
DA:29,2
DA:31,1
DA:35,1
DA:40,2
DA:41,2
DA:42,2
DA:44,1
DA:46,2
DA:50,2
DA:51,2
DA:52,2
DA:54,1
DA:56,2
DA:60,2
DA:61,2
DA:62,2
DA:64,1
DA:66,2
DA:70,2
DA:71,2
DA:72,2
DA:74,1
DA:76,2
DA:80,2
DA:81,0
DA:82,0
DA:84,0
DA:87,0
DA:88,0
DA:93,2
DA:94,0
DA:95,0
DA:96,0
DA:97,0
DA:99,0
DA:100,0
DA:102,0
DA:103,0
DA:105,0
DA:107,0
DA:108,0
DA:110,0
DA:112,0
DA:117,0
DA:122,2
DA:123,0
DA:124,0
DA:125,0
DA:126,0
DA:127,0
DA:129,0
DA:130,0
DA:132,0
DA:134,0
DA:138,2
DA:139,0
DA:140,0
DA:142,0
DA:144,0
DA:148,2
DA:149,0
DA:150,0
DA:152,0
DA:154,0
DA:156,0
DA:160,0
DA:165,2
DA:166,0
DA:167,0
DA:169,0
DA:172,0
DA:173,0
DA:178,2
DA:179,0
DA:180,0
DA:182,0
DA:186,0
DA:191,2
DA:192,0
DA:193,0
DA:195,0
DA:197,0
DA:201,2
DA:202,0
DA:203,0
DA:205,0
DA:207,0
DA:209,0
DA:213,0
DA:218,2
DA:219,0
DA:220,0
DA:222,0
DA:226,0
DA:231,2
DA:232,0
DA:233,0
DA:235,0
DA:239,0
DA:244,2
DA:246,0
DA:247,0
DA:248,0
DA:249,0
DA:250,0
DA:251,0
DA:253,0
DA:254,0
DA:256,0
DA:258,0
DA:262,2
DA:263,0
DA:264,0
DA:266,0
DA:268,0
DA:272,2
DA:273,0
DA:275,0
DA:277,0
DA:278,0
DA:279,0
DA:280,0
DA:282,0
DA:283,0
DA:285,0
DA:286,0
DA:288,0
DA:290,0
DA:293,0
DA:295,0
DA:299,0
DA:304,2
DA:305,0
DA:306,0
DA:308,0
DA:309,0
DA:310,0
DA:311,0
DA:313,0
DA:314,0
DA:316,0
DA:317,0
DA:319,0
DA:321,0
DA:324,0
DA:326,0
DA:330,0
DA:335,2
DA:336,0
DA:337,0
DA:339,0
DA:341,0
DA:345,2
DA:346,0
DA:347,0
DA:349,0
DA:353,0
DA:355,0
DA:357,0
DA:362,2
DA:363,0
DA:364,0
DA:366,0
DA:370,0
DA:372,0
DA:374,0
DA:379,2
DA:380,0
DA:381,0
DA:383,0
DA:387,0
DA:389,0
DA:391,0
DA:396,2
DA:397,0
DA:398,0
DA:400,0
DA:402,0
DA:406,2
DA:407,0
DA:408,0
DA:410,0
DA:412,0
DA:416,2
DA:417,0
DA:418,0
DA:420,0
DA:422,0
DA:426,2
DA:427,2
DA:428,2
DA:430,1
DA:432,2
DA:436,2
DA:437,2
DA:438,2
DA:440,1
DA:442,2
DA:446,2
DA:450,2
DA:451,0
DA:452,0
DA:454,0
DA:455,0
DA:457,0
DA:459,0
DA:463,2
DA:464,0
DA:465,0
DA:467,0
DA:471,0
DA:473,0
DA:475,0
DA:480,2
DA:481,0
DA:482,0
DA:484,0
DA:488,0
DA:490,0
DA:492,0
DA:497,2
DA:498,0
DA:499,0
DA:501,0
DA:505,0
DA:507,0
DA:509,0
DA:514,2
DA:515,0
DA:516,0
DA:518,0
DA:520,0
DA:521,0
DA:523,0
DA:524,0
DA:528,0
DA:529,0
DA:535,0
DA:536,0
DA:541,2
DA:542,1
DA:543,1
DA:545,1
DA:547,1
DA:551,2
DA:552,1
DA:553,1
DA:555,1
DA:557,1
DA:561,2
DA:562,1
DA:563,1
DA:564,1
LF:266
LH:88
BRDA:7,0,0,1
BRDA:7,0,1,2
BRDA:11,1,0,1
BRDA:11,1,1,1
BRDA:25,2,0,1
BRDA:25,2,1,2
BRDA:29,3,0,1
BRDA:29,3,1,1
BRDA:42,4,0,1
BRDA:42,4,1,1
BRDA:52,5,0,1
BRDA:52,5,1,1
BRDA:62,6,0,1
BRDA:62,6,1,1
BRDA:72,7,0,1
BRDA:72,7,1,1
BRDA:82,8,0,0
BRDA:82,8,1,0
BRDA:100,9,0,0
BRDA:100,9,1,0
BRDA:105,10,0,0
BRDA:105,10,1,0
BRDA:108,11,0,0
BRDA:108,11,1,0
BRDA:130,12,0,0
BRDA:130,12,1,0
BRDA:140,13,0,0
BRDA:140,13,1,0
BRDA:150,14,0,0
BRDA:150,14,1,0
BRDA:154,15,0,0
BRDA:154,15,1,0
BRDA:167,16,0,0
BRDA:167,16,1,0
BRDA:180,17,0,0
BRDA:180,17,1,0
BRDA:180,18,0,0
BRDA:180,18,1,0
BRDA:193,19,0,0
BRDA:193,19,1,0
BRDA:203,20,0,0
BRDA:203,20,1,0
BRDA:207,21,0,0
BRDA:207,21,1,0
BRDA:220,22,0,0
BRDA:220,22,1,0
BRDA:220,23,0,0
BRDA:220,23,1,0
BRDA:233,24,0,0
BRDA:233,24,1,0
BRDA:233,25,0,0
BRDA:233,25,1,0
BRDA:254,26,0,0
BRDA:254,26,1,0
BRDA:264,27,0,0
BRDA:264,27,1,0
BRDA:275,28,0,0
BRDA:275,28,1,0
BRDA:286,29,0,0
BRDA:286,29,1,0
BRDA:293,30,0,0
BRDA:293,30,1,0
BRDA:306,31,0,0
BRDA:306,31,1,0
BRDA:317,32,0,0
BRDA:317,32,1,0
BRDA:324,33,0,0
BRDA:324,33,1,0
BRDA:337,34,0,0
BRDA:337,34,1,0
BRDA:347,35,0,0
BRDA:347,35,1,0
BRDA:353,36,0,0
BRDA:353,36,1,0
BRDA:364,37,0,0
BRDA:364,37,1,0
BRDA:370,38,0,0
BRDA:370,38,1,0
BRDA:381,39,0,0
BRDA:381,39,1,0
BRDA:387,40,0,0
BRDA:387,40,1,0
BRDA:398,41,0,0
BRDA:398,41,1,0
BRDA:408,42,0,0
BRDA:408,42,1,0
BRDA:418,43,0,0
BRDA:418,43,1,0
BRDA:428,44,0,1
BRDA:428,44,1,1
BRDA:438,45,0,1
BRDA:438,45,1,1
BRDA:455,46,0,0
BRDA:455,46,1,0
BRDA:465,47,0,0
BRDA:465,47,1,0
BRDA:471,48,0,0
BRDA:471,48,1,0
BRDA:482,49,0,0
BRDA:482,49,1,0
BRDA:488,50,0,0
BRDA:488,50,1,0
BRDA:499,51,0,0
BRDA:499,51,1,0
BRDA:505,52,0,0
BRDA:505,52,1,0
BRDA:516,53,0,0
BRDA:516,53,1,0
BRDA:521,54,0,0
BRDA:521,54,1,0
BRDA:543,55,0,1
BRDA:543,55,1,0
BRDA:553,56,0,1
BRDA:553,56,1,0
BRF:114
BRH:22
end_of_record
