TN:
SF:C:\Users\caami\pocket-ponics\packages\pocket-ponics-backend\controllers\mySQLController.js
FN:13,(anonymous_0)
FN:14,(anonymous_1)
FN:19,(anonymous_2)
FN:27,(anonymous_3)
FN:34,(anonymous_4)
FN:35,(anonymous_5)
FN:45,(anonymous_6)
FN:52,(anonymous_7)
FN:53,(anonymous_8)
FN:56,(anonymous_9)
FN:57,(anonymous_10)
FNF:11
FNH:2
FNDA:2,(anonymous_0)
FNDA:1,(anonymous_1)
FNDA:0,(anonymous_2)
FNDA:0,(anonymous_3)
FNDA:0,(anonymous_4)
FNDA:0,(anonymous_5)
FNDA:0,(anonymous_6)
FNDA:0,(anonymous_7)
FNDA:0,(anonymous_8)
FNDA:0,(anonymous_9)
FNDA:0,(anonymous_10)
DA:1,2
DA:2,2
DA:4,2
DA:13,2
DA:14,2
DA:15,1
DA:16,1
DA:17,0
DA:19,0
DA:20,0
DA:21,0
DA:22,0
DA:24,0
DA:27,0
DA:28,0
DA:29,0
DA:34,2
DA:35,0
DA:36,0
DA:38,0
DA:39,0
DA:43,0
DA:45,0
DA:46,0
DA:47,0
DA:49,0
DA:51,0
DA:53,0
DA:54,0
DA:57,0
DA:58,0
LF:31
LH:8
BRDA:15,0,0,1
BRDA:15,0,1,0
BRDA:21,1,0,0
BRDA:21,1,1,0
BRDA:36,2,0,0
BRDA:36,2,1,0
BRF:6
BRH:1
end_of_record
TN:
SF:C:\Users\caami\pocket-ponics\packages\pocket-ponics-backend\models\mySQLModel.js
FN:11,(anonymous_0)
FN:12,(anonymous_1)
FN:29,(anonymous_2)
FN:30,(anonymous_3)
FN:47,(anonymous_4)
FN:48,(anonymous_5)
FN:57,(anonymous_6)
FN:58,(anonymous_7)
FN:61,(anonymous_8)
FN:75,(anonymous_9)
FN:81,(anonymous_10)
FN:92,(anonymous_11)
FN:99,(anonymous_12)
FN:108,(anonymous_13)
FN:109,(anonymous_14)
FN:118,(anonymous_15)
FN:119,(anonymous_16)
FN:135,(anonymous_17)
FN:136,(anonymous_18)
FN:145,(anonymous_19)
FN:146,(anonymous_20)
FN:155,(anonymous_21)
FN:164,(anonymous_22)
FN:173,(anonymous_23)
FN:174,(anonymous_24)
FN:183,(anonymous_25)
FN:184,(anonymous_26)
FN:196,(anonymous_27)
FN:215,(anonymous_28)
FN:216,(anonymous_29)
FN:227,(anonymous_30)
FN:246,(anonymous_31)
FN:247,(anonymous_32)
FN:256,(anonymous_33)
FN:257,(anonymous_34)
FN:273,(anonymous_35)
FN:274,(anonymous_36)
FN:290,(anonymous_37)
FN:291,(anonymous_38)
FN:299,(anonymous_39)
FN:309,(anonymous_40)
FN:323,(anonymous_41)
FN:324,(anonymous_42)
FN:333,(anonymous_43)
FN:334,(anonymous_44)
FN:350,(anonymous_45)
FN:351,(anonymous_46)
FN:360,(anonymous_47)
FN:361,(anonymous_48)
FN:370,(anonymous_49)
FN:371,(anonymous_50)
FN:387,(anonymous_51)
FN:388,(anonymous_52)
FN:397,(anonymous_53)
FN:398,(anonymous_54)
FN:407,(anonymous_55)
FNF:56
FNH:3
FNDA:0,(anonymous_0)
FNDA:0,(anonymous_1)
FNDA:0,(anonymous_2)
FNDA:0,(anonymous_3)
FNDA:0,(anonymous_4)
FNDA:0,(anonymous_5)
FNDA:0,(anonymous_6)
FNDA:0,(anonymous_7)
FNDA:0,(anonymous_8)
FNDA:0,(anonymous_9)
FNDA:0,(anonymous_10)
FNDA:0,(anonymous_11)
FNDA:0,(anonymous_12)
FNDA:0,(anonymous_13)
FNDA:0,(anonymous_14)
FNDA:0,(anonymous_15)
FNDA:0,(anonymous_16)
FNDA:0,(anonymous_17)
FNDA:0,(anonymous_18)
FNDA:0,(anonymous_19)
FNDA:0,(anonymous_20)
FNDA:0,(anonymous_21)
FNDA:0,(anonymous_22)
FNDA:0,(anonymous_23)
FNDA:0,(anonymous_24)
FNDA:0,(anonymous_25)
FNDA:0,(anonymous_26)
FNDA:0,(anonymous_27)
FNDA:0,(anonymous_28)
FNDA:0,(anonymous_29)
FNDA:0,(anonymous_30)
FNDA:0,(anonymous_31)
FNDA:0,(anonymous_32)
FNDA:0,(anonymous_33)
FNDA:0,(anonymous_34)
FNDA:0,(anonymous_35)
FNDA:0,(anonymous_36)
FNDA:0,(anonymous_37)
FNDA:0,(anonymous_38)
FNDA:0,(anonymous_39)
FNDA:0,(anonymous_40)
FNDA:0,(anonymous_41)
FNDA:0,(anonymous_42)
FNDA:0,(anonymous_43)
FNDA:0,(anonymous_44)
FNDA:0,(anonymous_45)
FNDA:0,(anonymous_46)
FNDA:0,(anonymous_47)
FNDA:0,(anonymous_48)
FNDA:0,(anonymous_49)
FNDA:0,(anonymous_50)
FNDA:0,(anonymous_51)
FNDA:0,(anonymous_52)
FNDA:2,(anonymous_53)
FNDA:2,(anonymous_54)
FNDA:1,(anonymous_55)
DA:1,1
DA:2,1
DA:4,1
DA:11,1
DA:12,0
DA:14,0
DA:16,0
DA:18,0
DA:20,0
DA:24,0
DA:29,1
DA:30,0
DA:32,0
DA:34,0
DA:36,0
DA:38,0
DA:42,0
DA:47,1
DA:48,0
DA:49,0
DA:51,0
DA:53,0
DA:57,1
DA:58,0
DA:59,0
DA:61,0
DA:62,0
DA:64,0
DA:66,0
DA:70,0
DA:75,1
DA:76,0
DA:77,0
DA:78,0
DA:79,0
DA:81,0
DA:82,0
DA:84,0
DA:87,0
DA:92,1
DA:93,0
DA:94,0
DA:95,0
DA:96,0
DA:97,0
DA:99,0
DA:100,0
DA:102,0
DA:104,0
DA:108,1
DA:109,0
DA:110,0
DA:112,0
DA:114,0
DA:118,1
DA:119,0
DA:120,0
DA:122,0
DA:124,0
DA:126,0
DA:130,0
DA:135,1
DA:136,0
DA:137,0
DA:139,0
DA:141,0
DA:145,1
DA:146,0
DA:147,0
DA:149,0
DA:151,0
DA:155,1
DA:157,0
DA:158,0
DA:159,0
DA:160,0
DA:161,0
DA:162,0
DA:164,0
DA:165,0
DA:167,0
DA:169,0
DA:173,1
DA:174,0
DA:175,0
DA:177,0
DA:179,0
DA:183,1
DA:184,0
DA:186,0
DA:188,0
DA:189,0
DA:190,0
DA:191,0
DA:193,0
DA:194,0
DA:196,0
DA:197,0
DA:199,0
DA:201,0
DA:204,0
DA:206,0
DA:210,0
DA:215,1
DA:216,0
DA:217,0
DA:219,0
DA:220,0
DA:221,0
DA:222,0
DA:224,0
DA:225,0
DA:227,0
DA:228,0
DA:230,0
DA:232,0
DA:235,0
DA:237,0
DA:241,0
DA:246,1
DA:247,0
DA:248,0
DA:250,0
DA:252,0
DA:256,1
DA:257,0
DA:258,0
DA:260,0
DA:264,0
DA:266,0
DA:268,0
DA:273,1
DA:274,0
DA:275,0
DA:277,0
DA:281,0
DA:283,0
DA:285,0
DA:290,1
DA:291,0
DA:292,0
DA:294,0
DA:295,0
DA:297,0
DA:299,0
DA:300,0
DA:302,0
DA:304,0
DA:307,0
DA:309,0
DA:310,0
DA:312,0
DA:314,0
DA:318,0
DA:323,1
DA:324,0
DA:325,0
DA:327,0
DA:329,0
DA:333,1
DA:334,0
DA:335,0
DA:337,0
DA:341,0
DA:343,0
DA:345,0
DA:350,1
DA:351,0
DA:352,0
DA:354,0
DA:356,0
DA:360,1
DA:361,0
DA:362,0
DA:364,0
DA:366,0
DA:370,1
DA:371,0
DA:372,0
DA:374,0
DA:378,0
DA:380,0
DA:382,0
DA:387,1
DA:388,0
DA:389,0
DA:391,0
DA:393,0
DA:397,1
DA:398,2
DA:399,2
DA:401,1
DA:403,2
DA:407,1
DA:408,1
DA:409,1
DA:410,1
LF:197
LH:36
BRDA:14,0,0,0
BRDA:14,0,1,0
BRDA:18,1,0,0
BRDA:18,1,1,0
BRDA:32,2,0,0
BRDA:32,2,1,0
BRDA:36,3,0,0
BRDA:36,3,1,0
BRDA:49,4,0,0
BRDA:49,4,1,0
BRDA:59,5,0,0
BRDA:59,5,1,0
BRDA:62,6,0,0
BRDA:62,6,1,0
BRDA:82,7,0,0
BRDA:82,7,1,0
BRDA:100,8,0,0
BRDA:100,8,1,0
BRDA:110,9,0,0
BRDA:110,9,1,0
BRDA:120,10,0,0
BRDA:120,10,1,0
BRDA:124,11,0,0
BRDA:124,11,1,0
BRDA:137,12,0,0
BRDA:137,12,1,0
BRDA:147,13,0,0
BRDA:147,13,1,0
BRDA:165,14,0,0
BRDA:165,14,1,0
BRDA:175,15,0,0
BRDA:175,15,1,0
BRDA:186,16,0,0
BRDA:186,16,1,0
BRDA:197,17,0,0
BRDA:197,17,1,0
BRDA:204,18,0,0
BRDA:204,18,1,0
BRDA:217,19,0,0
BRDA:217,19,1,0
BRDA:228,20,0,0
BRDA:228,20,1,0
BRDA:235,21,0,0
BRDA:235,21,1,0
BRDA:248,22,0,0
BRDA:248,22,1,0
BRDA:258,23,0,0
BRDA:258,23,1,0
BRDA:264,24,0,0
BRDA:264,24,1,0
BRDA:275,25,0,0
BRDA:275,25,1,0
BRDA:281,26,0,0
BRDA:281,26,1,0
BRDA:292,27,0,0
BRDA:292,27,1,0
BRDA:297,28,0,0
BRDA:297,28,1,0
BRDA:300,29,0,0
BRDA:300,29,1,0
BRDA:307,30,0,0
BRDA:307,30,1,0
BRDA:310,31,0,0
BRDA:310,31,1,0
BRDA:325,32,0,0
BRDA:325,32,1,0
BRDA:335,33,0,0
BRDA:335,33,1,0
BRDA:341,34,0,0
BRDA:341,34,1,0
BRDA:352,35,0,0
BRDA:352,35,1,0
BRDA:362,36,0,0
BRDA:362,36,1,0
BRDA:372,37,0,0
BRDA:372,37,1,0
BRDA:378,38,0,0
BRDA:378,38,1,0
BRDA:389,39,0,0
BRDA:389,39,1,0
BRDA:399,40,0,1
BRDA:399,40,1,1
BRF:82
BRH:2
end_of_record
