{"/Users/elli/Documents/pocket-ponics/packages/pocket-ponics-app/components/greenhouse/display-styles.js": {"path":"/Users/elli/Documents/pocket-ponics/packages/pocket-ponics-app/components/greenhouse/display-styles.js","statementMap":{},"fnMap":{},"branchMap":{},"s":{},"f":{},"b":{},"_coverageSchema":"1a1c01bbd47fc00a2c39e90264f33305004495a9","hash":"ed225309f394c79443b4607706d931c60112aa3c"}
,"/Users/elli/Documents/pocket-ponics/packages/pocket-ponics-app/components/greenhouse/display.js": {"path":"/Users/elli/Documents/pocket-ponics/packages/pocket-ponics-app/components/greenhouse/display.js","statementMap":{"0":{"start":{"line":7,"column":18},"end":{"line":7,"column":50}},"1":{"start":{"line":8,"column":21},"end":{"line":8,"column":57}},"2":{"start":{"line":9,"column":20},"end":{"line":9,"column":54}},"3":{"start":{"line":10,"column":23},"end":{"line":10,"column":60}},"4":{"start":{"line":11,"column":21},"end":{"line":11,"column":56}},"5":{"start":{"line":12,"column":20},"end":{"line":12,"column":54}},"6":{"start":{"line":13,"column":22},"end":{"line":13,"column":58}},"7":{"start":{"line":16,"column":23},"end":{"line":25,"column":1}},"8":{"start":{"line":17,"column":1},"end":{"line":17,"column":43}},"9":{"start":{"line":17,"column":32},"end":{"line":17,"column":43}},"10":{"start":{"line":19,"column":1},"end":{"line":24,"column":2}},"11":{"start":{"line":21,"column":2},"end":{"line":23,"column":3}},"12":{"start":{"line":27,"column":20},"end":{"line":53,"column":1}},"13":{"start":{"line":28,"column":1},"end":{"line":31,"column":2}},"14":{"start":{"line":28,"column":32},"end":{"line":31,"column":2}},"15":{"start":{"line":34,"column":1},"end":{"line":44,"column":2}},"16":{"start":{"line":36,"column":2},"end":{"line":36,"column":27}},"17":{"start":{"line":37,"column":2},"end":{"line":37,"column":7}},"18":{"start":{"line":39,"column":2},"end":{"line":39,"column":25}},"19":{"start":{"line":40,"column":2},"end":{"line":40,"column":7}},"20":{"start":{"line":42,"column":2},"end":{"line":42,"column":24}},"21":{"start":{"line":43,"column":2},"end":{"line":43,"column":7}},"22":{"start":{"line":46,"column":1},"end":{"line":52,"column":2}},"23":{"start":{"line":55,"column":26},"end":{"line":87,"column":1}},"24":{"start":{"line":56,"column":22},"end":{"line":56,"column":38}},"25":{"start":{"line":58,"column":1},"end":{"line":86,"column":2}},"26":{"start":{"line":60,"column":61},"end":{"line":60,"column":116}},"27":{"start":{"line":65,"column":58},"end":{"line":65,"column":141}},"28":{"start":{"line":68,"column":58},"end":{"line":68,"column":141}},"29":{"start":{"line":71,"column":58},"end":{"line":71,"column":141}},"30":{"start":{"line":75,"column":59},"end":{"line":75,"column":154}}},"fnMap":{"0":{"name":"(anonymous_0)","decl":{"start":{"line":16,"column":23},"end":{"line":16,"column":24}},"loc":{"start":{"line":16,"column":33},"end":{"line":25,"column":1}},"line":16},"1":{"name":"(anonymous_1)","decl":{"start":{"line":27,"column":20},"end":{"line":27,"column":21}},"loc":{"start":{"line":27,"column":30},"end":{"line":53,"column":1}},"line":27},"2":{"name":"(anonymous_2)","decl":{"start":{"line":55,"column":26},"end":{"line":55,"column":27}},"loc":{"start":{"line":55,"column":35},"end":{"line":87,"column":1}},"line":55},"3":{"name":"(anonymous_3)","decl":{"start":{"line":60,"column":55},"end":{"line":60,"column":56}},"loc":{"start":{"line":60,"column":61},"end":{"line":60,"column":116}},"line":60},"4":{"name":"(anonymous_4)","decl":{"start":{"line":65,"column":52},"end":{"line":65,"column":53}},"loc":{"start":{"line":65,"column":58},"end":{"line":65,"column":141}},"line":65},"5":{"name":"(anonymous_5)","decl":{"start":{"line":68,"column":52},"end":{"line":68,"column":53}},"loc":{"start":{"line":68,"column":58},"end":{"line":68,"column":141}},"line":68},"6":{"name":"(anonymous_6)","decl":{"start":{"line":71,"column":52},"end":{"line":71,"column":53}},"loc":{"start":{"line":71,"column":58},"end":{"line":71,"column":141}},"line":71},"7":{"name":"(anonymous_7)","decl":{"start":{"line":75,"column":53},"end":{"line":75,"column":54}},"loc":{"start":{"line":75,"column":59},"end":{"line":75,"column":154}},"line":75}},"branchMap":{"0":{"loc":{"start":{"line":17,"column":1},"end":{"line":17,"column":43}},"type":"if","locations":[{"start":{"line":17,"column":1},"end":{"line":17,"column":43}},{"start":{"line":17,"column":1},"end":{"line":17,"column":43}}],"line":17},"1":{"loc":{"start":{"line":17,"column":4},"end":{"line":17,"column":30}},"type":"binary-expr","locations":[{"start":{"line":17,"column":4},"end":{"line":17,"column":9}},{"start":{"line":17,"column":13},"end":{"line":17,"column":30}}],"line":17},"2":{"loc":{"start":{"line":19,"column":1},"end":{"line":24,"column":2}},"type":"switch","locations":[{"start":{"line":20,"column":1},"end":{"line":23,"column":3}}],"line":19},"3":{"loc":{"start":{"line":28,"column":1},"end":{"line":31,"column":2}},"type":"if","locations":[{"start":{"line":28,"column":1},"end":{"line":31,"column":2}},{"start":{"line":28,"column":1},"end":{"line":31,"column":2}}],"line":28},"4":{"loc":{"start":{"line":28,"column":4},"end":{"line":28,"column":30}},"type":"binary-expr","locations":[{"start":{"line":28,"column":4},"end":{"line":28,"column":9}},{"start":{"line":28,"column":13},"end":{"line":28,"column":30}}],"line":28},"5":{"loc":{"start":{"line":34,"column":1},"end":{"line":44,"column":2}},"type":"switch","locations":[{"start":{"line":35,"column":1},"end":{"line":37,"column":7}},{"start":{"line":38,"column":1},"end":{"line":40,"column":7}},{"start":{"line":41,"column":1},"end":{"line":43,"column":7}}],"line":34},"6":{"loc":{"start":{"line":74,"column":4},"end":{"line":84,"column":11}},"type":"cond-expr","locations":[{"start":{"line":75,"column":4},"end":{"line":83,"column":23}},{"start":{"line":84,"column":7},"end":{"line":84,"column":11}}],"line":74}},"s":{"0":5,"1":5,"2":5,"3":5,"4":5,"5":5,"6":5,"7":5,"8":6,"9":4,"10":2,"11":2,"12":5,"13":18,"14":12,"15":6,"16":2,"17":2,"18":2,"19":2,"20":2,"21":2,"22":6,"23":5,"24":6,"25":6,"26":1,"27":1,"28":1,"29":1,"30":1},"f":{"0":6,"1":18,"2":6,"3":1,"4":1,"5":1,"6":1,"7":1},"b":{"0":[4,2],"1":[6,5],"2":[2],"3":[12,6],"4":[18,15],"5":[2,2,2],"6":[2,4]},"_coverageSchema":"1a1c01bbd47fc00a2c39e90264f33305004495a9","hash":"2f6a069df227065017bec5dd0b55f0929d1b1913"}
,"/Users/elli/Documents/pocket-ponics/packages/pocket-ponics-app/components/greenhouse/dot-scroll-menu-style.js": {"path":"/Users/elli/Documents/pocket-ponics/packages/pocket-ponics-app/components/greenhouse/dot-scroll-menu-style.js","statementMap":{},"fnMap":{},"branchMap":{},"s":{},"f":{},"b":{},"_coverageSchema":"1a1c01bbd47fc00a2c39e90264f33305004495a9","hash":"d8f30115d11bf3493c4f09eb31c03ef2c012c003"}
,"/Users/elli/Documents/pocket-ponics/packages/pocket-ponics-app/components/greenhouse/dot-scroll-menu.js": {"path":"/Users/elli/Documents/pocket-ponics/packages/pocket-ponics-app/components/greenhouse/dot-scroll-menu.js","statementMap":{"0":{"start":{"line":6,"column":22},"end":{"line":29,"column":1}},"1":{"start":{"line":7,"column":1},"end":{"line":7,"column":48}},"2":{"start":{"line":7,"column":37},"end":{"line":7,"column":48}},"3":{"start":{"line":9,"column":1},"end":{"line":28,"column":2}},"4":{"start":{"line":13,"column":5},"end":{"line":19,"column":6}},"5":{"start":{"line":14,"column":6},"end":{"line":18,"column":7}},"6":{"start":{"line":15,"column":52},"end":{"line":15,"column":73}},"7":{"start":{"line":20,"column":5},"end":{"line":24,"column":6}},"8":{"start":{"line":21,"column":51},"end":{"line":21,"column":72}}},"fnMap":{"0":{"name":"(anonymous_0)","decl":{"start":{"line":6,"column":22},"end":{"line":6,"column":23}},"loc":{"start":{"line":6,"column":31},"end":{"line":29,"column":1}},"line":6},"1":{"name":"(anonymous_1)","decl":{"start":{"line":12,"column":30},"end":{"line":12,"column":31}},"loc":{"start":{"line":12,"column":53},"end":{"line":25,"column":5}},"line":12},"2":{"name":"(anonymous_2)","decl":{"start":{"line":15,"column":46},"end":{"line":15,"column":47}},"loc":{"start":{"line":15,"column":52},"end":{"line":15,"column":73}},"line":15},"3":{"name":"(anonymous_3)","decl":{"start":{"line":21,"column":45},"end":{"line":21,"column":46}},"loc":{"start":{"line":21,"column":51},"end":{"line":21,"column":72}},"line":21}},"branchMap":{"0":{"loc":{"start":{"line":7,"column":1},"end":{"line":7,"column":48}},"type":"if","locations":[{"start":{"line":7,"column":1},"end":{"line":7,"column":48}},{"start":{"line":7,"column":1},"end":{"line":7,"column":48}}],"line":7},"1":{"loc":{"start":{"line":13,"column":5},"end":{"line":19,"column":6}},"type":"if","locations":[{"start":{"line":13,"column":5},"end":{"line":19,"column":6}},{"start":{"line":13,"column":5},"end":{"line":19,"column":6}}],"line":13},"2":{"loc":{"start":{"line":16,"column":21},"end":{"line":16,"column":74}},"type":"cond-expr","locations":[{"start":{"line":16,"column":47},"end":{"line":16,"column":61}},{"start":{"line":16,"column":64},"end":{"line":16,"column":74}}],"line":16},"3":{"loc":{"start":{"line":22,"column":20},"end":{"line":22,"column":73}},"type":"cond-expr","locations":[{"start":{"line":22,"column":46},"end":{"line":22,"column":60}},{"start":{"line":22,"column":63},"end":{"line":22,"column":73}}],"line":22}},"s":{"0":2,"1":7,"2":3,"3":4,"4":10,"5":4,"6":1,"7":6,"8":1},"f":{"0":7,"1":10,"2":1,"3":1},"b":{"0":[3,4],"1":[4,6],"2":[1,3],"3":[3,3]},"_coverageSchema":"1a1c01bbd47fc00a2c39e90264f33305004495a9","hash":"dba7a6e06e8172adf6ec3f06dcc35e2c16b21fe2"}
,"/Users/elli/Documents/pocket-ponics/packages/pocket-ponics-app/components/greenhouse/greenhouse-list.js": {"path":"/Users/elli/Documents/pocket-ponics/packages/pocket-ponics-app/components/greenhouse/greenhouse-list.js","statementMap":{"0":{"start":{"line":12,"column":20},"end":{"line":12,"column":44}},"1":{"start":{"line":14,"column":2},"end":{"line":43,"column":3}},"2":{"start":{"line":18,"column":5},"end":{"line":24,"column":6}},"3":{"start":{"line":19,"column":6},"end":{"line":23,"column":7}},"4":{"start":{"line":26,"column":5},"end":{"line":26,"column":88}}},"fnMap":{"0":{"name":"(anonymous_0)","decl":{"start":{"line":11,"column":1},"end":{"line":11,"column":2}},"loc":{"start":{"line":11,"column":10},"end":{"line":44,"column":2}},"line":11},"1":{"name":"(anonymous_1)","decl":{"start":{"line":17,"column":16},"end":{"line":17,"column":17}},"loc":{"start":{"line":17,"column":30},"end":{"line":27,"column":5}},"line":17}},"branchMap":{"0":{"loc":{"start":{"line":18,"column":5},"end":{"line":24,"column":6}},"type":"if","locations":[{"start":{"line":18,"column":5},"end":{"line":24,"column":6}},{"start":{"line":18,"column":5},"end":{"line":24,"column":6}}],"line":18}},"s":{"0":5,"1":5,"2":2,"3":1,"4":1},"f":{"0":5,"1":2},"b":{"0":[1,1]},"_coverageSchema":"1a1c01bbd47fc00a2c39e90264f33305004495a9","hash":"5f3050f82e13b565c1c545c807852ed41822bddc"}
,"/Users/elli/Documents/pocket-ponics/packages/pocket-ponics-app/components/greenhouse/history-styles.js": {"path":"/Users/elli/Documents/pocket-ponics/packages/pocket-ponics-app/components/greenhouse/history-styles.js","statementMap":{},"fnMap":{},"branchMap":{},"s":{},"f":{},"b":{},"_coverageSchema":"1a1c01bbd47fc00a2c39e90264f33305004495a9","hash":"a05b9936190b75f24da4c13ea8872ef622586775"}
,"/Users/elli/Documents/pocket-ponics/packages/pocket-ponics-app/components/greenhouse/history.js": {"path":"/Users/elli/Documents/pocket-ponics/packages/pocket-ponics-app/components/greenhouse/history.js","statementMap":{"0":{"start":{"line":8,"column":33},"end":{"line":70,"column":1}},"1":{"start":{"line":9,"column":15},"end":{"line":9,"column":17}},"2":{"start":{"line":10,"column":17},"end":{"line":10,"column":19}},"3":{"start":{"line":11,"column":18},"end":{"line":11,"column":20}},"4":{"start":{"line":12,"column":15},"end":{"line":12,"column":17}},"5":{"start":{"line":14,"column":1},"end":{"line":23,"column":3}},"6":{"start":{"line":15,"column":2},"end":{"line":15,"column":26}},"7":{"start":{"line":15,"column":20},"end":{"line":15,"column":26}},"8":{"start":{"line":17,"column":15},"end":{"line":17,"column":40}},"9":{"start":{"line":19,"column":2},"end":{"line":19,"column":54}},"10":{"start":{"line":20,"column":2},"end":{"line":20,"column":34}},"11":{"start":{"line":21,"column":2},"end":{"line":21,"column":42}},"12":{"start":{"line":22,"column":2},"end":{"line":22,"column":36}},"13":{"start":{"line":25,"column":1},"end":{"line":69,"column":2}},"14":{"start":{"line":34,"column":20},"end":{"line":34,"column":33}},"15":{"start":{"line":39,"column":20},"end":{"line":39,"column":31}},"16":{"start":{"line":44,"column":20},"end":{"line":44,"column":31}},"17":{"start":{"line":52,"column":27},"end":{"line":52,"column":50}},"18":{"start":{"line":58,"column":29},"end":{"line":58,"column":62}},"19":{"start":{"line":59,"column":23},"end":{"line":59,"column":47}}},"fnMap":{"0":{"name":"(anonymous_0)","decl":{"start":{"line":8,"column":33},"end":{"line":8,"column":34}},"loc":{"start":{"line":8,"column":42},"end":{"line":70,"column":1}},"line":8},"1":{"name":"(anonymous_1)","decl":{"start":{"line":14,"column":23},"end":{"line":14,"column":24}},"loc":{"start":{"line":14,"column":46},"end":{"line":23,"column":2}},"line":14},"2":{"name":"(anonymous_2)","decl":{"start":{"line":34,"column":14},"end":{"line":34,"column":15}},"loc":{"start":{"line":34,"column":20},"end":{"line":34,"column":33}},"line":34},"3":{"name":"(anonymous_3)","decl":{"start":{"line":39,"column":14},"end":{"line":39,"column":15}},"loc":{"start":{"line":39,"column":20},"end":{"line":39,"column":31}},"line":39},"4":{"name":"(anonymous_4)","decl":{"start":{"line":44,"column":14},"end":{"line":44,"column":15}},"loc":{"start":{"line":44,"column":20},"end":{"line":44,"column":31}},"line":44},"5":{"name":"(anonymous_5)","decl":{"start":{"line":52,"column":18},"end":{"line":52,"column":19}},"loc":{"start":{"line":52,"column":27},"end":{"line":52,"column":50}},"line":52},"6":{"name":"(anonymous_6)","decl":{"start":{"line":58,"column":12},"end":{"line":58,"column":13}},"loc":{"start":{"line":58,"column":29},"end":{"line":58,"column":62}},"line":58},"7":{"name":"(anonymous_7)","decl":{"start":{"line":59,"column":17},"end":{"line":59,"column":18}},"loc":{"start":{"line":59,"column":23},"end":{"line":59,"column":47}},"line":59}},"branchMap":{"0":{"loc":{"start":{"line":15,"column":2},"end":{"line":15,"column":26}},"type":"if","locations":[{"start":{"line":15,"column":2},"end":{"line":15,"column":26}},{"start":{"line":15,"column":2},"end":{"line":15,"column":26}}],"line":15},"1":{"loc":{"start":{"line":58,"column":13},"end":{"line":58,"column":24}},"type":"default-arg","locations":[{"start":{"line":58,"column":23},"end":{"line":58,"column":24}}],"line":58}},"s":{"0":4,"1":2,"2":2,"3":2,"4":2,"5":2,"6":3,"7":2,"8":1,"9":1,"10":1,"11":1,"12":1,"13":2,"14":5,"15":5,"16":5,"17":8,"18":11,"19":15},"f":{"0":2,"1":3,"2":5,"3":5,"4":5,"5":8,"6":11,"7":15},"b":{"0":[2,1],"1":[2]},"_coverageSchema":"1a1c01bbd47fc00a2c39e90264f33305004495a9","hash":"559c2b73fe1ec5bc369504ad836b9cd472fa8659"}
,"/Users/elli/Documents/pocket-ponics/packages/pocket-ponics-app/components/greenhouse/new-greenhouse-styles.js": {"path":"/Users/elli/Documents/pocket-ponics/packages/pocket-ponics-app/components/greenhouse/new-greenhouse-styles.js","statementMap":{},"fnMap":{},"branchMap":{},"s":{},"f":{},"b":{},"_coverageSchema":"1a1c01bbd47fc00a2c39e90264f33305004495a9","hash":"1c717ed3e1ec194f5f8d1452d1af2c4fa7ed0627"}
,"/Users/elli/Documents/pocket-ponics/packages/pocket-ponics-app/components/greenhouse/new-greenhouse.js": {"path":"/Users/elli/Documents/pocket-ponics/packages/pocket-ponics-app/components/greenhouse/new-greenhouse.js","statementMap":{"0":{"start":{"line":7,"column":15},"end":{"line":7,"column":49}},"1":{"start":{"line":11,"column":22},"end":{"line":17,"column":4}},"2":{"start":{"line":18,"column":2},"end":{"line":18,"column":45}},"3":{"start":{"line":22,"column":20},"end":{"line":22,"column":44}},"4":{"start":{"line":23,"column":2},"end":{"line":35,"column":3}}},"fnMap":{"0":{"name":"(anonymous_0)","decl":{"start":{"line":10,"column":1},"end":{"line":10,"column":2}},"loc":{"start":{"line":10,"column":12},"end":{"line":19,"column":2}},"line":10},"1":{"name":"(anonymous_1)","decl":{"start":{"line":21,"column":1},"end":{"line":21,"column":2}},"loc":{"start":{"line":21,"column":10},"end":{"line":36,"column":2}},"line":21}},"branchMap":{},"s":{"0":3,"1":1,"2":1,"3":2,"4":2},"f":{"0":1,"1":2},"b":{},"_coverageSchema":"1a1c01bbd47fc00a2c39e90264f33305004495a9","hash":"c73bf15e77f325aa730114757f387453d1bae700"}
,"/Users/elli/Documents/pocket-ponics/packages/pocket-ponics-app/components/greenhouse/stats-styles.js": {"path":"/Users/elli/Documents/pocket-ponics/packages/pocket-ponics-app/components/greenhouse/stats-styles.js","statementMap":{},"fnMap":{},"branchMap":{},"s":{},"f":{},"b":{},"_coverageSchema":"1a1c01bbd47fc00a2c39e90264f33305004495a9","hash":"e58a9ecea0e3079bd9d06d04df9ce6b73b98ed04"}
,"/Users/elli/Documents/pocket-ponics/packages/pocket-ponics-app/components/greenhouse/stats.js": {"path":"/Users/elli/Documents/pocket-ponics/packages/pocket-ponics-app/components/greenhouse/stats.js","statementMap":{"0":{"start":{"line":6,"column":17},"end":{"line":6,"column":53}},"1":{"start":{"line":7,"column":18},"end":{"line":7,"column":55}},"2":{"start":{"line":8,"column":18},"end":{"line":8,"column":55}},"3":{"start":{"line":9,"column":19},"end":{"line":9,"column":57}},"4":{"start":{"line":10,"column":15},"end":{"line":10,"column":49}},"5":{"start":{"line":11,"column":16},"end":{"line":11,"column":51}},"6":{"start":{"line":12,"column":16},"end":{"line":12,"column":51}},"7":{"start":{"line":13,"column":17},"end":{"line":13,"column":53}},"8":{"start":{"line":14,"column":18},"end":{"line":14,"column":55}},"9":{"start":{"line":15,"column":19},"end":{"line":15,"column":57}},"10":{"start":{"line":16,"column":19},"end":{"line":16,"column":57}},"11":{"start":{"line":17,"column":20},"end":{"line":17,"column":59}},"12":{"start":{"line":19,"column":16},"end":{"line":19,"column":60}},"13":{"start":{"line":20,"column":14},"end":{"line":20,"column":50}},"14":{"start":{"line":21,"column":17},"end":{"line":21,"column":65}},"15":{"start":{"line":23,"column":27},"end":{"line":34,"column":1}},"16":{"start":{"line":24,"column":1},"end":{"line":26,"column":2}},"17":{"start":{"line":25,"column":2},"end":{"line":25,"column":22}},"18":{"start":{"line":27,"column":1},"end":{"line":29,"column":2}},"19":{"start":{"line":28,"column":2},"end":{"line":28,"column":22}},"20":{"start":{"line":30,"column":1},"end":{"line":32,"column":2}},"21":{"start":{"line":31,"column":2},"end":{"line":31,"column":22}},"22":{"start":{"line":33,"column":1},"end":{"line":33,"column":21}},"23":{"start":{"line":36,"column":31},"end":{"line":54,"column":1}},"24":{"start":{"line":37,"column":1},"end":{"line":53,"column":2}}},"fnMap":{"0":{"name":"(anonymous_0)","decl":{"start":{"line":23,"column":27},"end":{"line":23,"column":28}},"loc":{"start":{"line":23,"column":52},"end":{"line":34,"column":1}},"line":23},"1":{"name":"(anonymous_1)","decl":{"start":{"line":36,"column":31},"end":{"line":36,"column":32}},"loc":{"start":{"line":36,"column":40},"end":{"line":54,"column":1}},"line":36}},"branchMap":{"0":{"loc":{"start":{"line":24,"column":1},"end":{"line":26,"column":2}},"type":"if","locations":[{"start":{"line":24,"column":1},"end":{"line":26,"column":2}},{"start":{"line":24,"column":1},"end":{"line":26,"column":2}}],"line":24},"1":{"loc":{"start":{"line":27,"column":1},"end":{"line":29,"column":2}},"type":"if","locations":[{"start":{"line":27,"column":1},"end":{"line":29,"column":2}},{"start":{"line":27,"column":1},"end":{"line":29,"column":2}}],"line":27},"2":{"loc":{"start":{"line":30,"column":1},"end":{"line":32,"column":2}},"type":"if","locations":[{"start":{"line":30,"column":1},"end":{"line":32,"column":2}},{"start":{"line":30,"column":1},"end":{"line":32,"column":2}}],"line":30}},"s":{"0":4,"1":4,"2":4,"3":4,"4":4,"5":4,"6":4,"7":4,"8":4,"9":4,"10":4,"11":4,"12":4,"13":4,"14":4,"15":4,"16":9,"17":1,"18":8,"19":3,"20":5,"21":1,"22":4,"23":4,"24":3},"f":{"0":9,"1":3},"b":{"0":[1,8],"1":[3,5],"2":[1,4]},"_coverageSchema":"1a1c01bbd47fc00a2c39e90264f33305004495a9","hash":"ad69ad4b7b4bdead6352a262d4e03cc5c5160e8e"}
,"/Users/elli/Documents/pocket-ponics/packages/pocket-ponics-app/components/greenhouse/swipeable-styles.js": {"path":"/Users/elli/Documents/pocket-ponics/packages/pocket-ponics-app/components/greenhouse/swipeable-styles.js","statementMap":{"0":{"start":{"line":4,"column":18},"end":{"line":4,"column":42}},"1":{"start":{"line":6,"column":15},"end":{"line":19,"column":2}}},"fnMap":{},"branchMap":{},"s":{"0":3,"1":3},"f":{},"b":{},"_coverageSchema":"1a1c01bbd47fc00a2c39e90264f33305004495a9","hash":"2cd14635bdda9a1d6f63ec0de9752d226d35a1c0"}
,"/Users/elli/Documents/pocket-ponics/packages/pocket-ponics-app/components/greenhouse/swipeable.js": {"path":"/Users/elli/Documents/pocket-ponics/packages/pocket-ponics-app/components/greenhouse/swipeable.js","statementMap":{"0":{"start":{"line":12,"column":2},"end":{"line":16,"column":3}},"1":{"start":{"line":20,"column":2},"end":{"line":35,"column":3}}},"fnMap":{"0":{"name":"(anonymous_0)","decl":{"start":{"line":11,"column":1},"end":{"line":11,"column":2}},"loc":{"start":{"line":11,"column":12},"end":{"line":17,"column":2}},"line":11},"1":{"name":"(anonymous_1)","decl":{"start":{"line":19,"column":1},"end":{"line":19,"column":2}},"loc":{"start":{"line":19,"column":10},"end":{"line":36,"column":2}},"line":19}},"branchMap":{},"s":{"0":1,"1":1},"f":{"0":1,"1":1},"b":{},"_coverageSchema":"1a1c01bbd47fc00a2c39e90264f33305004495a9","hash":"dbb39f1aef6db15670851860ad5250546c507ecd"}
,"/Users/elli/Documents/pocket-ponics/packages/pocket-ponics-app/screens/auth-loading-screen-styles.js": {"path":"/Users/elli/Documents/pocket-ponics/packages/pocket-ponics-app/screens/auth-loading-screen-styles.js","statementMap":{"0":{"start":{"line":3,"column":15},"end":{"line":17,"column":2}}},"fnMap":{},"branchMap":{},"s":{"0":1},"f":{},"b":{},"_coverageSchema":"1a1c01bbd47fc00a2c39e90264f33305004495a9","hash":"827ab618a8fa6d14331cc21ab97847ebfe8be686"}
,"/Users/elli/Documents/pocket-ponics/packages/pocket-ponics-app/screens/auth-loading-screen.js": {"path":"/Users/elli/Documents/pocket-ponics/packages/pocket-ponics-app/screens/auth-loading-screen.js","statementMap":{"0":{"start":{"line":7,"column":18},"end":{"line":7,"column":56}},"1":{"start":{"line":11,"column":2},"end":{"line":11,"column":14}},"2":{"start":{"line":13,"column":2},"end":{"line":16,"column":3}},"3":{"start":{"line":20,"column":2},"end":{"line":20,"column":122}},"4":{"start":{"line":20,"column":30},"end":{"line":20,"column":69}},"5":{"start":{"line":20,"column":77},"end":{"line":20,"column":121}},"6":{"start":{"line":24,"column":2},"end":{"line":31,"column":3}}},"fnMap":{"0":{"name":"(anonymous_0)","decl":{"start":{"line":10,"column":1},"end":{"line":10,"column":2}},"loc":{"start":{"line":10,"column":20},"end":{"line":17,"column":2}},"line":10},"1":{"name":"(anonymous_1)","decl":{"start":{"line":19,"column":1},"end":{"line":19,"column":2}},"loc":{"start":{"line":19,"column":21},"end":{"line":21,"column":2}},"line":19},"2":{"name":"(anonymous_2)","decl":{"start":{"line":20,"column":24},"end":{"line":20,"column":25}},"loc":{"start":{"line":20,"column":30},"end":{"line":20,"column":69}},"line":20},"3":{"name":"(anonymous_3)","decl":{"start":{"line":20,"column":71},"end":{"line":20,"column":72}},"loc":{"start":{"line":20,"column":77},"end":{"line":20,"column":121}},"line":20},"4":{"name":"(anonymous_4)","decl":{"start":{"line":23,"column":1},"end":{"line":23,"column":2}},"loc":{"start":{"line":23,"column":10},"end":{"line":32,"column":2}},"line":23}},"branchMap":{},"s":{"0":1,"1":2,"2":2,"3":2,"4":1,"5":1,"6":2},"f":{"0":2,"1":2,"2":1,"3":1,"4":2},"b":{},"_coverageSchema":"1a1c01bbd47fc00a2c39e90264f33305004495a9","hash":"9ae21b47f1eb7b0972a51bc4eee17610d7ba6f9b"}
,"/Users/elli/Documents/pocket-ponics/packages/pocket-ponics-app/screens/change-password-screen.js": {"path":"/Users/elli/Documents/pocket-ponics/packages/pocket-ponics-app/screens/change-password-screen.js","statementMap":{"0":{"start":{"line":19,"column":18},"end":{"line":19,"column":56}},"1":{"start":{"line":23,"column":2},"end":{"line":23,"column":14}},"2":{"start":{"line":25,"column":2},"end":{"line":29,"column":3}},"3":{"start":{"line":31,"column":2},"end":{"line":31,"column":64}},"4":{"start":{"line":32,"column":2},"end":{"line":32,"column":58}},"5":{"start":{"line":33,"column":2},"end":{"line":33,"column":70}},"6":{"start":{"line":34,"column":2},"end":{"line":34,"column":54}},"7":{"start":{"line":38,"column":2},"end":{"line":38,"column":32}},"8":{"start":{"line":42,"column":2},"end":{"line":42,"column":29}},"9":{"start":{"line":46,"column":2},"end":{"line":46,"column":35}},"10":{"start":{"line":50,"column":2},"end":{"line":53,"column":3}},"11":{"start":{"line":51,"column":3},"end":{"line":51,"column":57}},"12":{"start":{"line":52,"column":3},"end":{"line":52,"column":9}},"13":{"start":{"line":55,"column":2},"end":{"line":58,"column":3}},"14":{"start":{"line":56,"column":3},"end":{"line":56,"column":38}},"15":{"start":{"line":57,"column":3},"end":{"line":57,"column":9}},"16":{"start":{"line":60,"column":19},"end":{"line":60,"column":65}},"17":{"start":{"line":61,"column":16},"end":{"line":61,"column":59}},"18":{"start":{"line":63,"column":2},"end":{"line":78,"column":5}},"19":{"start":{"line":65,"column":4},"end":{"line":68,"column":5}},"20":{"start":{"line":66,"column":5},"end":{"line":66,"column":45}},"21":{"start":{"line":67,"column":5},"end":{"line":67,"column":84}},"22":{"start":{"line":70,"column":4},"end":{"line":73,"column":6}},"23":{"start":{"line":75,"column":15},"end":{"line":75,"column":53}},"24":{"start":{"line":77,"column":4},"end":{"line":77,"column":31}},"25":{"start":{"line":82,"column":24},"end":{"line":82,"column":73}},"26":{"start":{"line":84,"column":2},"end":{"line":136,"column":3}}},"fnMap":{"0":{"name":"(anonymous_0)","decl":{"start":{"line":22,"column":1},"end":{"line":22,"column":2}},"loc":{"start":{"line":22,"column":20},"end":{"line":35,"column":2}},"line":22},"1":{"name":"(anonymous_1)","decl":{"start":{"line":37,"column":1},"end":{"line":37,"column":2}},"loc":{"start":{"line":37,"column":34},"end":{"line":39,"column":2}},"line":37},"2":{"name":"(anonymous_2)","decl":{"start":{"line":41,"column":1},"end":{"line":41,"column":2}},"loc":{"start":{"line":41,"column":28},"end":{"line":43,"column":2}},"line":41},"3":{"name":"(anonymous_3)","decl":{"start":{"line":45,"column":1},"end":{"line":45,"column":2}},"loc":{"start":{"line":45,"column":40},"end":{"line":47,"column":2}},"line":45},"4":{"name":"(anonymous_4)","decl":{"start":{"line":49,"column":1},"end":{"line":49,"column":2}},"loc":{"start":{"line":49,"column":18},"end":{"line":79,"column":2}},"line":49},"5":{"name":"(anonymous_5)","decl":{"start":{"line":64,"column":9},"end":{"line":64,"column":10}},"loc":{"start":{"line":64,"column":21},"end":{"line":74,"column":4}},"line":64},"6":{"name":"(anonymous_6)","decl":{"start":{"line":75,"column":9},"end":{"line":75,"column":10}},"loc":{"start":{"line":75,"column":15},"end":{"line":75,"column":53}},"line":75},"7":{"name":"(anonymous_7)","decl":{"start":{"line":76,"column":10},"end":{"line":76,"column":11}},"loc":{"start":{"line":76,"column":19},"end":{"line":78,"column":4}},"line":76},"8":{"name":"(anonymous_8)","decl":{"start":{"line":81,"column":1},"end":{"line":81,"column":2}},"loc":{"start":{"line":81,"column":10},"end":{"line":137,"column":2}},"line":81}},"branchMap":{"0":{"loc":{"start":{"line":50,"column":2},"end":{"line":53,"column":3}},"type":"if","locations":[{"start":{"line":50,"column":2},"end":{"line":53,"column":3}},{"start":{"line":50,"column":2},"end":{"line":53,"column":3}}],"line":50},"1":{"loc":{"start":{"line":55,"column":2},"end":{"line":58,"column":3}},"type":"if","locations":[{"start":{"line":55,"column":2},"end":{"line":58,"column":3}},{"start":{"line":55,"column":2},"end":{"line":58,"column":3}}],"line":55},"2":{"loc":{"start":{"line":65,"column":4},"end":{"line":68,"column":5}},"type":"if","locations":[{"start":{"line":65,"column":4},"end":{"line":68,"column":5}},{"start":{"line":65,"column":4},"end":{"line":68,"column":5}}],"line":65},"3":{"loc":{"start":{"line":82,"column":35},"end":{"line":82,"column":71}},"type":"cond-expr","locations":[{"start":{"line":82,"column":64},"end":{"line":82,"column":67}},{"start":{"line":82,"column":70},"end":{"line":82,"column":71}}],"line":82},"4":{"loc":{"start":{"line":85,"column":70},"end":{"line":85,"column":110}},"type":"cond-expr","locations":[{"start":{"line":85,"column":94},"end":{"line":85,"column":103}},{"start":{"line":85,"column":106},"end":{"line":85,"column":110}}],"line":85}},"s":{"0":1,"1":6,"2":6,"3":6,"4":6,"5":6,"6":6,"7":1,"8":5,"9":4,"10":4,"11":1,"12":1,"13":3,"14":1,"15":1,"16":2,"17":2,"18":2,"19":2,"20":1,"21":1,"22":1,"23":1,"24":1,"25":16,"26":16},"f":{"0":6,"1":1,"2":5,"3":4,"4":4,"5":2,"6":1,"7":1,"8":16},"b":{"0":[1,3],"1":[1,2],"2":[1,1],"3":[7,9],"4":[2,14]},"_coverageSchema":"1a1c01bbd47fc00a2c39e90264f33305004495a9","hash":"0e0db9fb70e48e9328392e11d44a31abcbc98b71"}
,"/Users/elli/Documents/pocket-ponics/packages/pocket-ponics-app/screens/fill-nutrients-screen.js": {"path":"/Users/elli/Documents/pocket-ponics/packages/pocket-ponics-app/screens/fill-nutrients-screen.js","statementMap":{"0":{"start":{"line":7,"column":15},"end":{"line":7,"column":54}},"1":{"start":{"line":10,"column":28},"end":{"line":12,"column":2}},"2":{"start":{"line":15,"column":22},"end":{"line":20,"column":4}},"3":{"start":{"line":21,"column":2},"end":{"line":21,"column":45}},"4":{"start":{"line":25,"column":2},"end":{"line":25,"column":53}},"5":{"start":{"line":29,"column":2},"end":{"line":43,"column":3}}},"fnMap":{"0":{"name":"(anonymous_0)","decl":{"start":{"line":14,"column":1},"end":{"line":14,"column":2}},"loc":{"start":{"line":14,"column":12},"end":{"line":22,"column":2}},"line":14},"1":{"name":"(anonymous_1)","decl":{"start":{"line":24,"column":1},"end":{"line":24,"column":2}},"loc":{"start":{"line":24,"column":10},"end":{"line":26,"column":2}},"line":24},"2":{"name":"(anonymous_2)","decl":{"start":{"line":28,"column":1},"end":{"line":28,"column":2}},"loc":{"start":{"line":28,"column":10},"end":{"line":44,"column":2}},"line":28}},"branchMap":{},"s":{"0":1,"1":1,"2":1,"3":1,"4":1,"5":3},"f":{"0":1,"1":1,"2":3},"b":{},"_coverageSchema":"1a1c01bbd47fc00a2c39e90264f33305004495a9","hash":"5350e281c110dd59bcfc8044e65de02e893d102f"}
,"/Users/elli/Documents/pocket-ponics/packages/pocket-ponics-app/screens/fill-water-screen.js": {"path":"/Users/elli/Documents/pocket-ponics/packages/pocket-ponics-app/screens/fill-water-screen.js","statementMap":{"0":{"start":{"line":7,"column":15},"end":{"line":7,"column":50}},"1":{"start":{"line":10,"column":28},"end":{"line":12,"column":2}},"2":{"start":{"line":15,"column":22},"end":{"line":20,"column":4}},"3":{"start":{"line":21,"column":2},"end":{"line":21,"column":45}},"4":{"start":{"line":25,"column":2},"end":{"line":25,"column":53}},"5":{"start":{"line":29,"column":2},"end":{"line":43,"column":3}}},"fnMap":{"0":{"name":"(anonymous_0)","decl":{"start":{"line":14,"column":1},"end":{"line":14,"column":2}},"loc":{"start":{"line":14,"column":12},"end":{"line":22,"column":2}},"line":14},"1":{"name":"(anonymous_1)","decl":{"start":{"line":24,"column":1},"end":{"line":24,"column":2}},"loc":{"start":{"line":24,"column":10},"end":{"line":26,"column":2}},"line":24},"2":{"name":"(anonymous_2)","decl":{"start":{"line":28,"column":1},"end":{"line":28,"column":2}},"loc":{"start":{"line":28,"column":10},"end":{"line":44,"column":2}},"line":28}},"branchMap":{},"s":{"0":1,"1":1,"2":1,"3":1,"4":1,"5":3},"f":{"0":1,"1":1,"2":3},"b":{},"_coverageSchema":"1a1c01bbd47fc00a2c39e90264f33305004495a9","hash":"6af06eb504a5a07e493b57c161e146554fe8c876"}
,"/Users/elli/Documents/pocket-ponics/packages/pocket-ponics-app/screens/greenhouse-screen-styles.js": {"path":"/Users/elli/Documents/pocket-ponics/packages/pocket-ponics-app/screens/greenhouse-screen-styles.js","statementMap":{"0":{"start":{"line":4,"column":15},"end":{"line":20,"column":2}}},"fnMap":{},"branchMap":{},"s":{"0":1},"f":{},"b":{},"_coverageSchema":"1a1c01bbd47fc00a2c39e90264f33305004495a9","hash":"2c36d3709239bd56de1d28e000b387a51fe59517"}
,"/Users/elli/Documents/pocket-ponics/packages/pocket-ponics-app/screens/greenhouse-screen.js": {"path":"/Users/elli/Documents/pocket-ponics/packages/pocket-ponics-app/screens/greenhouse-screen.js","statementMap":{"0":{"start":{"line":10,"column":28},"end":{"line":19,"column":2}},"1":{"start":{"line":11,"column":2},"end":{"line":18,"column":3}},"2":{"start":{"line":14,"column":4},"end":{"line":16,"column":23}},"3":{"start":{"line":14,"column":59},"end":{"line":14,"column":120}},"4":{"start":{"line":22,"column":2},"end":{"line":22,"column":14}},"5":{"start":{"line":24,"column":23},"end":{"line":24,"column":73}},"6":{"start":{"line":25,"column":22},"end":{"line":31,"column":3}},"7":{"start":{"line":32,"column":24},"end":{"line":32,"column":102}},"8":{"start":{"line":32,"column":60},"end":{"line":32,"column":101}},"9":{"start":{"line":33,"column":28},"end":{"line":33,"column":68}},"10":{"start":{"line":35,"column":2},"end":{"line":39,"column":3}},"11":{"start":{"line":42,"column":2},"end":{"line":55,"column":4}},"12":{"start":{"line":43,"column":24},"end":{"line":43,"column":74}},"13":{"start":{"line":44,"column":23},"end":{"line":50,"column":4}},"14":{"start":{"line":51,"column":25},"end":{"line":51,"column":103}},"15":{"start":{"line":51,"column":61},"end":{"line":51,"column":102}},"16":{"start":{"line":52,"column":29},"end":{"line":52,"column":69}},"17":{"start":{"line":54,"column":3},"end":{"line":54,"column":52}},"18":{"start":{"line":59,"column":2},"end":{"line":59,"column":80}},"19":{"start":{"line":60,"column":2},"end":{"line":60,"column":45}},"20":{"start":{"line":64,"column":2},"end":{"line":77,"column":3}}},"fnMap":{"0":{"name":"(anonymous_0)","decl":{"start":{"line":10,"column":28},"end":{"line":10,"column":29}},"loc":{"start":{"line":10,"column":48},"end":{"line":19,"column":2}},"line":10},"1":{"name":"(anonymous_1)","decl":{"start":{"line":13,"column":16},"end":{"line":13,"column":17}},"loc":{"start":{"line":14,"column":4},"end":{"line":16,"column":23}},"line":14},"2":{"name":"(anonymous_2)","decl":{"start":{"line":14,"column":53},"end":{"line":14,"column":54}},"loc":{"start":{"line":14,"column":59},"end":{"line":14,"column":120}},"line":14},"3":{"name":"(anonymous_3)","decl":{"start":{"line":21,"column":1},"end":{"line":21,"column":2}},"loc":{"start":{"line":21,"column":20},"end":{"line":56,"column":2}},"line":21},"4":{"name":"(anonymous_4)","decl":{"start":{"line":32,"column":46},"end":{"line":32,"column":47}},"loc":{"start":{"line":32,"column":60},"end":{"line":32,"column":101}},"line":32},"5":{"name":"(anonymous_5)","decl":{"start":{"line":42,"column":48},"end":{"line":42,"column":49}},"loc":{"start":{"line":42,"column":54},"end":{"line":55,"column":3}},"line":42},"6":{"name":"(anonymous_6)","decl":{"start":{"line":51,"column":47},"end":{"line":51,"column":48}},"loc":{"start":{"line":51,"column":61},"end":{"line":51,"column":102}},"line":51},"7":{"name":"(anonymous_7)","decl":{"start":{"line":58,"column":1},"end":{"line":58,"column":2}},"loc":{"start":{"line":58,"column":17},"end":{"line":61,"column":2}},"line":58},"8":{"name":"(anonymous_8)","decl":{"start":{"line":63,"column":1},"end":{"line":63,"column":2}},"loc":{"start":{"line":63,"column":10},"end":{"line":78,"column":2}},"line":63}},"branchMap":{"0":{"loc":{"start":{"line":33,"column":28},"end":{"line":33,"column":68}},"type":"cond-expr","locations":[{"start":{"line":33,"column":51},"end":{"line":33,"column":52}},{"start":{"line":33,"column":55},"end":{"line":33,"column":68}}],"line":33},"1":{"loc":{"start":{"line":52,"column":29},"end":{"line":52,"column":69}},"type":"cond-expr","locations":[{"start":{"line":52,"column":52},"end":{"line":52,"column":53}},{"start":{"line":52,"column":56},"end":{"line":52,"column":69}}],"line":52}},"s":{"0":1,"1":1,"2":1,"3":1,"4":3,"5":3,"6":3,"7":3,"8":4,"9":3,"10":3,"11":3,"12":3,"13":3,"14":3,"15":4,"16":3,"17":3,"18":1,"19":1,"20":4},"f":{"0":1,"1":1,"2":1,"3":3,"4":4,"5":3,"6":4,"7":1,"8":4},"b":{"0":[1,2],"1":[1,2]},"_coverageSchema":"1a1c01bbd47fc00a2c39e90264f33305004495a9","hash":"27ce987becb532653251f6cf18d6fed017122789"}
,"/Users/elli/Documents/pocket-ponics/packages/pocket-ponics-app/screens/harvest-instruction-screen.js": {"path":"/Users/elli/Documents/pocket-ponics/packages/pocket-ponics-app/screens/harvest-instruction-screen.js","statementMap":{"0":{"start":{"line":18,"column":22},"end":{"line":18,"column":61}},"1":{"start":{"line":19,"column":25},"end":{"line":19,"column":67}},"2":{"start":{"line":20,"column":23},"end":{"line":20,"column":63}},"3":{"start":{"line":21,"column":22},"end":{"line":21,"column":61}},"4":{"start":{"line":25,"column":2},"end":{"line":34,"column":3}},"5":{"start":{"line":27,"column":3},"end":{"line":27,"column":23}},"6":{"start":{"line":29,"column":3},"end":{"line":29,"column":26}},"7":{"start":{"line":31,"column":3},"end":{"line":31,"column":24}},"8":{"start":{"line":33,"column":3},"end":{"line":33,"column":23}},"9":{"start":{"line":38,"column":16},"end":{"line":38,"column":39}},"10":{"start":{"line":39,"column":2},"end":{"line":39,"column":20}},"11":{"start":{"line":43,"column":2},"end":{"line":43,"column":114}},"12":{"start":{"line":43,"column":23},"end":{"line":43,"column":114}},"13":{"start":{"line":45,"column":2},"end":{"line":45,"column":53}},"14":{"start":{"line":49,"column":13},"end":{"line":49,"column":49}},"15":{"start":{"line":50,"column":2},"end":{"line":61,"column":3}}},"fnMap":{"0":{"name":"(anonymous_0)","decl":{"start":{"line":24,"column":1},"end":{"line":24,"column":2}},"loc":{"start":{"line":24,"column":23},"end":{"line":35,"column":2}},"line":24},"1":{"name":"(anonymous_1)","decl":{"start":{"line":37,"column":1},"end":{"line":37,"column":2}},"loc":{"start":{"line":37,"column":28},"end":{"line":40,"column":2}},"line":37},"2":{"name":"(anonymous_2)","decl":{"start":{"line":42,"column":1},"end":{"line":42,"column":2}},"loc":{"start":{"line":42,"column":14},"end":{"line":46,"column":2}},"line":42},"3":{"name":"(anonymous_3)","decl":{"start":{"line":48,"column":1},"end":{"line":48,"column":2}},"loc":{"start":{"line":48,"column":10},"end":{"line":62,"column":2}},"line":48}},"branchMap":{"0":{"loc":{"start":{"line":25,"column":2},"end":{"line":34,"column":3}},"type":"switch","locations":[{"start":{"line":26,"column":2},"end":{"line":27,"column":23}},{"start":{"line":28,"column":2},"end":{"line":29,"column":26}},{"start":{"line":30,"column":2},"end":{"line":31,"column":24}},{"start":{"line":32,"column":2},"end":{"line":33,"column":23}}],"line":25},"1":{"loc":{"start":{"line":38,"column":16},"end":{"line":38,"column":39}},"type":"binary-expr","locations":[{"start":{"line":38,"column":16},"end":{"line":38,"column":33}},{"start":{"line":38,"column":37},"end":{"line":38,"column":39}}],"line":38},"2":{"loc":{"start":{"line":43,"column":2},"end":{"line":43,"column":114}},"type":"if","locations":[{"start":{"line":43,"column":2},"end":{"line":43,"column":114}},{"start":{"line":43,"column":2},"end":{"line":43,"column":114}}],"line":43}},"s":{"0":1,"1":1,"2":1,"3":1,"4":6,"5":1,"6":1,"7":2,"8":2,"9":6,"10":6,"11":2,"12":1,"13":1,"14":6,"15":6},"f":{"0":6,"1":6,"2":2,"3":6},"b":{"0":[1,1,2,2],"1":[6,6],"2":[1,1]},"_coverageSchema":"1a1c01bbd47fc00a2c39e90264f33305004495a9","hash":"993e3dad3dda93d420ccea2630da6394661fd34d"}
,"/Users/elli/Documents/pocket-ponics/packages/pocket-ponics-app/screens/login-screen.js": {"path":"/Users/elli/Documents/pocket-ponics/packages/pocket-ponics-app/screens/login-screen.js","statementMap":{"0":{"start":{"line":20,"column":18},"end":{"line":20,"column":56}},"1":{"start":{"line":24,"column":2},"end":{"line":24,"column":14}},"2":{"start":{"line":26,"column":2},"end":{"line":30,"column":3}},"3":{"start":{"line":32,"column":2},"end":{"line":32,"column":58}},"4":{"start":{"line":33,"column":2},"end":{"line":33,"column":58}},"5":{"start":{"line":34,"column":2},"end":{"line":34,"column":36}},"6":{"start":{"line":38,"column":2},"end":{"line":38,"column":29}},"7":{"start":{"line":42,"column":2},"end":{"line":42,"column":29}},"8":{"start":{"line":46,"column":2},"end":{"line":49,"column":3}},"9":{"start":{"line":47,"column":3},"end":{"line":47,"column":46}},"10":{"start":{"line":48,"column":3},"end":{"line":48,"column":9}},"11":{"start":{"line":51,"column":2},"end":{"line":51,"column":34}},"12":{"start":{"line":53,"column":2},"end":{"line":53,"column":117}},"13":{"start":{"line":53,"column":72},"end":{"line":53,"column":116}},"14":{"start":{"line":57,"column":2},"end":{"line":102,"column":3}},"15":{"start":{"line":60,"column":85},"end":{"line":60,"column":125}},"16":{"start":{"line":93,"column":38},"end":{"line":93,"column":78}},"17":{"start":{"line":96,"column":38},"end":{"line":96,"column":77}}},"fnMap":{"0":{"name":"(anonymous_0)","decl":{"start":{"line":23,"column":1},"end":{"line":23,"column":2}},"loc":{"start":{"line":23,"column":20},"end":{"line":35,"column":2}},"line":23},"1":{"name":"(anonymous_1)","decl":{"start":{"line":37,"column":1},"end":{"line":37,"column":2}},"loc":{"start":{"line":37,"column":28},"end":{"line":39,"column":2}},"line":37},"2":{"name":"(anonymous_2)","decl":{"start":{"line":41,"column":1},"end":{"line":41,"column":2}},"loc":{"start":{"line":41,"column":28},"end":{"line":43,"column":2}},"line":41},"3":{"name":"(anonymous_3)","decl":{"start":{"line":45,"column":1},"end":{"line":45,"column":2}},"loc":{"start":{"line":45,"column":9},"end":{"line":54,"column":2}},"line":45},"4":{"name":"(anonymous_4)","decl":{"start":{"line":53,"column":66},"end":{"line":53,"column":67}},"loc":{"start":{"line":53,"column":72},"end":{"line":53,"column":116}},"line":53},"5":{"name":"(anonymous_5)","decl":{"start":{"line":56,"column":1},"end":{"line":56,"column":2}},"loc":{"start":{"line":56,"column":10},"end":{"line":103,"column":2}},"line":56},"6":{"name":"(anonymous_6)","decl":{"start":{"line":60,"column":79},"end":{"line":60,"column":80}},"loc":{"start":{"line":60,"column":85},"end":{"line":60,"column":125}},"line":60},"7":{"name":"(anonymous_7)","decl":{"start":{"line":93,"column":32},"end":{"line":93,"column":33}},"loc":{"start":{"line":93,"column":38},"end":{"line":93,"column":78}},"line":93},"8":{"name":"(anonymous_8)","decl":{"start":{"line":96,"column":32},"end":{"line":96,"column":33}},"loc":{"start":{"line":96,"column":38},"end":{"line":96,"column":77}},"line":96}},"branchMap":{"0":{"loc":{"start":{"line":46,"column":2},"end":{"line":49,"column":3}},"type":"if","locations":[{"start":{"line":46,"column":2},"end":{"line":49,"column":3}},{"start":{"line":46,"column":2},"end":{"line":49,"column":3}}],"line":46},"1":{"loc":{"start":{"line":46,"column":5},"end":{"line":46,"column":61}},"type":"binary-expr","locations":[{"start":{"line":46,"column":5},"end":{"line":46,"column":31}},{"start":{"line":46,"column":35},"end":{"line":46,"column":61}}],"line":46},"2":{"loc":{"start":{"line":58,"column":70},"end":{"line":58,"column":110}},"type":"cond-expr","locations":[{"start":{"line":58,"column":94},"end":{"line":58,"column":103}},{"start":{"line":58,"column":106},"end":{"line":58,"column":110}}],"line":58}},"s":{"0":1,"1":4,"2":4,"3":4,"4":4,"5":4,"6":2,"7":2,"8":2,"9":1,"10":1,"11":1,"12":1,"13":1,"14":9,"15":1,"16":1,"17":1},"f":{"0":4,"1":2,"2":2,"3":2,"4":1,"5":9,"6":1,"7":1,"8":1},"b":{"0":[1,1],"1":[2,2],"2":[8,1]},"_coverageSchema":"1a1c01bbd47fc00a2c39e90264f33305004495a9","hash":"c11cb6f3e7c3f29ba7535af1df317770415eff4a"}
,"/Users/elli/Documents/pocket-ponics/packages/pocket-ponics-app/screens/login-styles.js": {"path":"/Users/elli/Documents/pocket-ponics/packages/pocket-ponics-app/screens/login-styles.js","statementMap":{"0":{"start":{"line":7,"column":17},"end":{"line":7,"column":38}},"1":{"start":{"line":9,"column":15},"end":{"line":102,"column":2}}},"fnMap":{},"branchMap":{},"s":{"0":5,"1":5},"f":{},"b":{},"_coverageSchema":"1a1c01bbd47fc00a2c39e90264f33305004495a9","hash":"74cd6bd38e9d53ad34ab3369212559404608a485"}
,"/Users/elli/Documents/pocket-ponics/packages/pocket-ponics-app/screens/ml-camera-screen.js": {"path":"/Users/elli/Documents/pocket-ponics/packages/pocket-ponics-app/screens/ml-camera-screen.js","statementMap":{"0":{"start":{"line":18,"column":21},"end":{"line":34,"column":1}},"1":{"start":{"line":19,"column":1},"end":{"line":19,"column":69}},"2":{"start":{"line":19,"column":22},"end":{"line":19,"column":69}},"3":{"start":{"line":20,"column":1},"end":{"line":27,"column":2}},"4":{"start":{"line":21,"column":2},"end":{"line":26,"column":3}},"5":{"start":{"line":28,"column":1},"end":{"line":33,"column":2}},"6":{"start":{"line":36,"column":23},"end":{"line":103,"column":1}},"7":{"start":{"line":37,"column":43},"end":{"line":37,"column":57}},"8":{"start":{"line":38,"column":37},"end":{"line":38,"column":52}},"9":{"start":{"line":39,"column":31},"end":{"line":39,"column":45}},"10":{"start":{"line":40,"column":33},"end":{"line":40,"column":44}},"11":{"start":{"line":42,"column":1},"end":{"line":48,"column":7}},"12":{"start":{"line":43,"column":2},"end":{"line":47,"column":6}},"13":{"start":{"line":44,"column":3},"end":{"line":46,"column":66}},"14":{"start":{"line":45,"column":26},"end":{"line":45,"column":64}},"15":{"start":{"line":46,"column":20},"end":{"line":46,"column":65}},"16":{"start":{"line":50,"column":1},"end":{"line":52,"column":2}},"17":{"start":{"line":51,"column":2},"end":{"line":51,"column":17}},"18":{"start":{"line":53,"column":1},"end":{"line":55,"column":2}},"19":{"start":{"line":54,"column":2},"end":{"line":54,"column":41}},"20":{"start":{"line":57,"column":21},"end":{"line":82,"column":2}},"21":{"start":{"line":58,"column":2},"end":{"line":58,"column":21}},"22":{"start":{"line":59,"column":16},"end":{"line":59,"column":51}},"23":{"start":{"line":61,"column":2},"end":{"line":81,"column":5}},"24":{"start":{"line":63,"column":4},"end":{"line":67,"column":5}},"25":{"start":{"line":69,"column":18},"end":{"line":69,"column":60}},"26":{"start":{"line":71,"column":4},"end":{"line":71,"column":25}},"27":{"start":{"line":72,"column":4},"end":{"line":72,"column":24}},"28":{"start":{"line":73,"column":4},"end":{"line":73,"column":60}},"29":{"start":{"line":74,"column":4},"end":{"line":74,"column":34}},"30":{"start":{"line":77,"column":4},"end":{"line":77,"column":22}},"31":{"start":{"line":78,"column":4},"end":{"line":78,"column":24}},"32":{"start":{"line":79,"column":4},"end":{"line":79,"column":21}},"33":{"start":{"line":80,"column":4},"end":{"line":80,"column":18}},"34":{"start":{"line":84,"column":1},"end":{"line":102,"column":2}},"35":{"start":{"line":89,"column":50},"end":{"line":89,"column":67}},"36":{"start":{"line":92,"column":67},"end":{"line":92,"column":80}},"37":{"start":{"line":97,"column":59},"end":{"line":97,"column":144}}},"fnMap":{"0":{"name":"(anonymous_0)","decl":{"start":{"line":18,"column":21},"end":{"line":18,"column":22}},"loc":{"start":{"line":18,"column":44},"end":{"line":34,"column":1}},"line":18},"1":{"name":"(anonymous_1)","decl":{"start":{"line":36,"column":23},"end":{"line":36,"column":24}},"loc":{"start":{"line":36,"column":32},"end":{"line":103,"column":1}},"line":36},"2":{"name":"(anonymous_2)","decl":{"start":{"line":42,"column":11},"end":{"line":42,"column":12}},"loc":{"start":{"line":42,"column":17},"end":{"line":48,"column":2}},"line":42},"3":{"name":"(anonymous_3)","decl":{"start":{"line":43,"column":3},"end":{"line":43,"column":4}},"loc":{"start":{"line":43,"column":15},"end":{"line":47,"column":3}},"line":43},"4":{"name":"(anonymous_4)","decl":{"start":{"line":45,"column":10},"end":{"line":45,"column":11}},"loc":{"start":{"line":45,"column":26},"end":{"line":45,"column":64}},"line":45},"5":{"name":"(anonymous_5)","decl":{"start":{"line":46,"column":11},"end":{"line":46,"column":12}},"loc":{"start":{"line":46,"column":20},"end":{"line":46,"column":65}},"line":46},"6":{"name":"(anonymous_6)","decl":{"start":{"line":57,"column":21},"end":{"line":57,"column":22}},"loc":{"start":{"line":57,"column":33},"end":{"line":82,"column":2}},"line":57},"7":{"name":"(anonymous_7)","decl":{"start":{"line":62,"column":9},"end":{"line":62,"column":10}},"loc":{"start":{"line":62,"column":18},"end":{"line":68,"column":4}},"line":62},"8":{"name":"(anonymous_8)","decl":{"start":{"line":69,"column":9},"end":{"line":69,"column":10}},"loc":{"start":{"line":69,"column":18},"end":{"line":69,"column":60}},"line":69},"9":{"name":"(anonymous_9)","decl":{"start":{"line":70,"column":9},"end":{"line":70,"column":10}},"loc":{"start":{"line":70,"column":21},"end":{"line":75,"column":4}},"line":70},"10":{"name":"(anonymous_10)","decl":{"start":{"line":76,"column":10},"end":{"line":76,"column":11}},"loc":{"start":{"line":76,"column":19},"end":{"line":81,"column":4}},"line":76},"11":{"name":"(anonymous_11)","decl":{"start":{"line":89,"column":39},"end":{"line":89,"column":40}},"loc":{"start":{"line":89,"column":48},"end":{"line":89,"column":69}},"line":89},"12":{"name":"(anonymous_12)","decl":{"start":{"line":92,"column":61},"end":{"line":92,"column":62}},"loc":{"start":{"line":92,"column":67},"end":{"line":92,"column":80}},"line":92},"13":{"name":"(anonymous_13)","decl":{"start":{"line":97,"column":53},"end":{"line":97,"column":54}},"loc":{"start":{"line":97,"column":59},"end":{"line":97,"column":144}},"line":97}},"branchMap":{"0":{"loc":{"start":{"line":19,"column":1},"end":{"line":19,"column":69}},"type":"if","locations":[{"start":{"line":19,"column":1},"end":{"line":19,"column":69}},{"start":{"line":19,"column":1},"end":{"line":19,"column":69}}],"line":19},"1":{"loc":{"start":{"line":20,"column":1},"end":{"line":27,"column":2}},"type":"if","locations":[{"start":{"line":20,"column":1},"end":{"line":27,"column":2}},{"start":{"line":20,"column":1},"end":{"line":27,"column":2}}],"line":20},"2":{"loc":{"start":{"line":20,"column":4},"end":{"line":20,"column":30}},"type":"binary-expr","locations":[{"start":{"line":20,"column":4},"end":{"line":20,"column":12}},{"start":{"line":20,"column":16},"end":{"line":20,"column":30}}],"line":20},"3":{"loc":{"start":{"line":50,"column":1},"end":{"line":52,"column":2}},"type":"if","locations":[{"start":{"line":50,"column":1},"end":{"line":52,"column":2}},{"start":{"line":50,"column":1},"end":{"line":52,"column":2}}],"line":50},"4":{"loc":{"start":{"line":53,"column":1},"end":{"line":55,"column":2}},"type":"if","locations":[{"start":{"line":53,"column":1},"end":{"line":55,"column":2}},{"start":{"line":53,"column":1},"end":{"line":55,"column":2}}],"line":53},"5":{"loc":{"start":{"line":90,"column":6},"end":{"line":90,"column":123}},"type":"cond-expr","locations":[{"start":{"line":90,"column":19},"end":{"line":90,"column":89}},{"start":{"line":90,"column":92},"end":{"line":90,"column":123}}],"line":90}},"s":{"0":1,"1":0,"2":0,"3":0,"4":0,"5":0,"6":1,"7":1,"8":1,"9":1,"10":1,"11":1,"12":0,"13":0,"14":0,"15":0,"16":1,"17":1,"18":0,"19":0,"20":0,"21":0,"22":0,"23":0,"24":0,"25":0,"26":0,"27":0,"28":0,"29":0,"30":0,"31":0,"32":0,"33":0,"34":0,"35":0,"36":0,"37":0},"f":{"0":0,"1":1,"2":0,"3":0,"4":0,"5":0,"6":0,"7":0,"8":0,"9":0,"10":0,"11":0,"12":0,"13":0},"b":{"0":[0,0],"1":[0,0],"2":[0,0],"3":[1,0],"4":[0,0],"5":[0,0]},"_coverageSchema":"1a1c01bbd47fc00a2c39e90264f33305004495a9","hash":"86e6bb63a336c775d1b937aee42c25095b7254da"}
,"/Users/elli/Documents/pocket-ponics/packages/pocket-ponics-app/screens/ml-camera-styles.js": {"path":"/Users/elli/Documents/pocket-ponics/packages/pocket-ponics-app/screens/ml-camera-styles.js","statementMap":{"0":{"start":{"line":4,"column":14},"end":{"line":4,"column":23}}},"fnMap":{},"branchMap":{},"s":{"0":1},"f":{},"b":{},"_coverageSchema":"1a1c01bbd47fc00a2c39e90264f33305004495a9","hash":"14229214065e76b295576ecfed3e9102cd9408f2"}
,"/Users/elli/Documents/pocket-ponics/packages/pocket-ponics-app/screens/network-connection-screen.js": {"path":"/Users/elli/Documents/pocket-ponics/packages/pocket-ponics-app/screens/network-connection-screen.js","statementMap":{"0":{"start":{"line":9,"column":15},"end":{"line":9,"column":55}},"1":{"start":{"line":12,"column":28},"end":{"line":14,"column":2}},"2":{"start":{"line":17,"column":2},"end":{"line":17,"column":14}},"3":{"start":{"line":19,"column":2},"end":{"line":22,"column":3}},"4":{"start":{"line":26,"column":2},"end":{"line":26,"column":53}},"5":{"start":{"line":30,"column":2},"end":{"line":49,"column":48}},"6":{"start":{"line":32,"column":4},"end":{"line":35,"column":5}},"7":{"start":{"line":37,"column":15},"end":{"line":37,"column":42}},"8":{"start":{"line":39,"column":18},"end":{"line":39,"column":61}},"9":{"start":{"line":40,"column":24},"end":{"line":46,"column":6}},"10":{"start":{"line":47,"column":4},"end":{"line":47,"column":47}},"11":{"start":{"line":49,"column":19},"end":{"line":49,"column":47}},"12":{"start":{"line":53,"column":2},"end":{"line":67,"column":3}}},"fnMap":{"0":{"name":"(anonymous_0)","decl":{"start":{"line":16,"column":1},"end":{"line":16,"column":2}},"loc":{"start":{"line":16,"column":20},"end":{"line":23,"column":2}},"line":16},"1":{"name":"(anonymous_1)","decl":{"start":{"line":25,"column":1},"end":{"line":25,"column":2}},"loc":{"start":{"line":25,"column":10},"end":{"line":27,"column":2}},"line":25},"2":{"name":"(anonymous_2)","decl":{"start":{"line":29,"column":1},"end":{"line":29,"column":2}},"loc":{"start":{"line":29,"column":12},"end":{"line":50,"column":2}},"line":29},"3":{"name":"(anonymous_3)","decl":{"start":{"line":31,"column":9},"end":{"line":31,"column":10}},"loc":{"start":{"line":31,"column":21},"end":{"line":36,"column":4}},"line":31},"4":{"name":"(anonymous_4)","decl":{"start":{"line":37,"column":9},"end":{"line":37,"column":10}},"loc":{"start":{"line":37,"column":15},"end":{"line":37,"column":42}},"line":37},"5":{"name":"(anonymous_5)","decl":{"start":{"line":38,"column":9},"end":{"line":38,"column":10}},"loc":{"start":{"line":38,"column":18},"end":{"line":48,"column":4}},"line":38},"6":{"name":"(anonymous_6)","decl":{"start":{"line":49,"column":10},"end":{"line":49,"column":11}},"loc":{"start":{"line":49,"column":19},"end":{"line":49,"column":47}},"line":49},"7":{"name":"(anonymous_7)","decl":{"start":{"line":52,"column":1},"end":{"line":52,"column":2}},"loc":{"start":{"line":52,"column":9},"end":{"line":68,"column":2}},"line":52}},"branchMap":{},"s":{"0":1,"1":1,"2":1,"3":1,"4":0,"5":0,"6":0,"7":0,"8":0,"9":0,"10":0,"11":0,"12":1},"f":{"0":1,"1":0,"2":0,"3":0,"4":0,"5":0,"6":0,"7":1},"b":{},"_coverageSchema":"1a1c01bbd47fc00a2c39e90264f33305004495a9","hash":"49e67d7cfd1682e554f8fa78c33b63124a0b408f"}
,"/Users/elli/Documents/pocket-ponics/packages/pocket-ponics-app/screens/profile-screen.js": {"path":"/Users/elli/Documents/pocket-ponics/packages/pocket-ponics-app/screens/profile-screen.js","statementMap":{"0":{"start":{"line":7,"column":28},"end":{"line":9,"column":2}},"1":{"start":{"line":12,"column":2},"end":{"line":24,"column":6}},"2":{"start":{"line":13,"column":3},"end":{"line":23,"column":4}},"3":{"start":{"line":14,"column":21},"end":{"line":14,"column":63}},"4":{"start":{"line":15,"column":21},"end":{"line":15,"column":63}},"5":{"start":{"line":16,"column":18},"end":{"line":16,"column":57}},"6":{"start":{"line":17,"column":4},"end":{"line":20,"column":13}},"7":{"start":{"line":22,"column":4},"end":{"line":22,"column":18}},"8":{"start":{"line":28,"column":2},"end":{"line":36,"column":6}},"9":{"start":{"line":29,"column":3},"end":{"line":35,"column":4}},"10":{"start":{"line":30,"column":4},"end":{"line":30,"column":46}},"11":{"start":{"line":31,"column":4},"end":{"line":31,"column":46}},"12":{"start":{"line":32,"column":4},"end":{"line":32,"column":49}},"13":{"start":{"line":34,"column":4},"end":{"line":34,"column":18}},"14":{"start":{"line":40,"column":22},"end":{"line":40,"column":71}},"15":{"start":{"line":41,"column":19},"end":{"line":41,"column":65}},"16":{"start":{"line":43,"column":2},"end":{"line":43,"column":26}},"17":{"start":{"line":45,"column":2},"end":{"line":58,"column":3}}},"fnMap":{"0":{"name":"(anonymous_0)","decl":{"start":{"line":11,"column":1},"end":{"line":11,"column":2}},"loc":{"start":{"line":11,"column":17},"end":{"line":25,"column":2}},"line":11},"1":{"name":"(anonymous_1)","decl":{"start":{"line":12,"column":3},"end":{"line":12,"column":4}},"loc":{"start":{"line":12,"column":15},"end":{"line":24,"column":3}},"line":12},"2":{"name":"(anonymous_2)","decl":{"start":{"line":27,"column":1},"end":{"line":27,"column":2}},"loc":{"start":{"line":27,"column":10},"end":{"line":37,"column":2}},"line":27},"3":{"name":"(anonymous_3)","decl":{"start":{"line":28,"column":3},"end":{"line":28,"column":4}},"loc":{"start":{"line":28,"column":15},"end":{"line":36,"column":3}},"line":28},"4":{"name":"(anonymous_4)","decl":{"start":{"line":39,"column":1},"end":{"line":39,"column":2}},"loc":{"start":{"line":39,"column":10},"end":{"line":59,"column":2}},"line":39}},"branchMap":{},"s":{"0":1,"1":0,"2":0,"3":0,"4":0,"5":0,"6":0,"7":0,"8":0,"9":0,"10":0,"11":0,"12":0,"13":0,"14":1,"15":1,"16":1,"17":1},"f":{"0":0,"1":0,"2":0,"3":0,"4":1},"b":{},"_coverageSchema":"1a1c01bbd47fc00a2c39e90264f33305004495a9","hash":"aebe3f198385d1b1f2ee45c198debd68b1b12d4a"}
,"/Users/elli/Documents/pocket-ponics/packages/pocket-ponics-app/screens/purple-light-screen.js": {"path":"/Users/elli/Documents/pocket-ponics/packages/pocket-ponics-app/screens/purple-light-screen.js","statementMap":{"0":{"start":{"line":7,"column":25},"end":{"line":7,"column":67}},"1":{"start":{"line":10,"column":28},"end":{"line":12,"column":2}},"2":{"start":{"line":15,"column":22},"end":{"line":20,"column":4}},"3":{"start":{"line":21,"column":2},"end":{"line":21,"column":45}},"4":{"start":{"line":25,"column":2},"end":{"line":25,"column":53}},"5":{"start":{"line":29,"column":2},"end":{"line":43,"column":3}}},"fnMap":{"0":{"name":"(anonymous_0)","decl":{"start":{"line":14,"column":1},"end":{"line":14,"column":2}},"loc":{"start":{"line":14,"column":12},"end":{"line":22,"column":2}},"line":14},"1":{"name":"(anonymous_1)","decl":{"start":{"line":24,"column":1},"end":{"line":24,"column":2}},"loc":{"start":{"line":24,"column":10},"end":{"line":26,"column":2}},"line":24},"2":{"name":"(anonymous_2)","decl":{"start":{"line":28,"column":1},"end":{"line":28,"column":2}},"loc":{"start":{"line":28,"column":10},"end":{"line":44,"column":2}},"line":28}},"branchMap":{},"s":{"0":1,"1":1,"2":0,"3":0,"4":0,"5":1},"f":{"0":0,"1":0,"2":1},"b":{},"_coverageSchema":"1a1c01bbd47fc00a2c39e90264f33305004495a9","hash":"4a91e4e43561d9c37f6f878f1af9590ffb2b6305"}
,"/Users/elli/Documents/pocket-ponics/packages/pocket-ponics-app/screens/replant-screen.js": {"path":"/Users/elli/Documents/pocket-ponics/packages/pocket-ponics-app/screens/replant-screen.js","statementMap":{"0":{"start":{"line":14,"column":20},"end":{"line":14,"column":51}},"1":{"start":{"line":15,"column":23},"end":{"line":15,"column":57}},"2":{"start":{"line":16,"column":21},"end":{"line":16,"column":53}},"3":{"start":{"line":17,"column":20},"end":{"line":17,"column":51}},"4":{"start":{"line":21,"column":16},"end":{"line":21,"column":51}},"5":{"start":{"line":23,"column":18},"end":{"line":23,"column":54}},"6":{"start":{"line":24,"column":17},"end":{"line":24,"column":57}},"7":{"start":{"line":25,"column":23},"end":{"line":25,"column":69}},"8":{"start":{"line":26,"column":25},"end":{"line":26,"column":73}},"9":{"start":{"line":28,"column":2},"end":{"line":57,"column":5}},"10":{"start":{"line":30,"column":4},"end":{"line":30,"column":63}},"11":{"start":{"line":31,"column":4},"end":{"line":31,"column":44}},"12":{"start":{"line":32,"column":4},"end":{"line":32,"column":140}},"13":{"start":{"line":35,"column":28},"end":{"line":35,"column":74}},"14":{"start":{"line":36,"column":23},"end":{"line":36,"column":144}},"15":{"start":{"line":37,"column":25},"end":{"line":37,"column":102}},"16":{"start":{"line":38,"column":26},"end":{"line":38,"column":138}},"17":{"start":{"line":41,"column":4},"end":{"line":41,"column":57}},"18":{"start":{"line":42,"column":4},"end":{"line":42,"column":81}},"19":{"start":{"line":43,"column":4},"end":{"line":43,"column":63}},"20":{"start":{"line":44,"column":4},"end":{"line":44,"column":55}},"21":{"start":{"line":47,"column":4},"end":{"line":47,"column":39}},"22":{"start":{"line":49,"column":28},"end":{"line":49,"column":74}},"23":{"start":{"line":50,"column":23},"end":{"line":50,"column":144}},"24":{"start":{"line":51,"column":25},"end":{"line":51,"column":102}},"25":{"start":{"line":52,"column":26},"end":{"line":52,"column":138}},"26":{"start":{"line":53,"column":4},"end":{"line":53,"column":81}},"27":{"start":{"line":54,"column":4},"end":{"line":54,"column":63}},"28":{"start":{"line":55,"column":4},"end":{"line":55,"column":35}},"29":{"start":{"line":56,"column":4},"end":{"line":56,"column":55}},"30":{"start":{"line":61,"column":2},"end":{"line":70,"column":3}},"31":{"start":{"line":63,"column":3},"end":{"line":63,"column":21}},"32":{"start":{"line":65,"column":3},"end":{"line":65,"column":24}},"33":{"start":{"line":67,"column":3},"end":{"line":67,"column":22}},"34":{"start":{"line":69,"column":3},"end":{"line":69,"column":21}},"35":{"start":{"line":74,"column":18},"end":{"line":74,"column":54}},"36":{"start":{"line":75,"column":16},"end":{"line":75,"column":44}},"37":{"start":{"line":76,"column":21},"end":{"line":76,"column":69}},"38":{"start":{"line":77,"column":2},"end":{"line":77,"column":34}},"39":{"start":{"line":79,"column":2},"end":{"line":99,"column":3}},"40":{"start":{"line":88,"column":7},"end":{"line":90,"column":14}},"41":{"start":{"line":93,"column":37},"end":{"line":93,"column":53}}},"fnMap":{"0":{"name":"(anonymous_0)","decl":{"start":{"line":20,"column":1},"end":{"line":20,"column":2}},"loc":{"start":{"line":20,"column":18},"end":{"line":58,"column":2}},"line":20},"1":{"name":"(anonymous_1)","decl":{"start":{"line":29,"column":9},"end":{"line":29,"column":10}},"loc":{"start":{"line":29,"column":21},"end":{"line":33,"column":4}},"line":29},"2":{"name":"(anonymous_2)","decl":{"start":{"line":34,"column":9},"end":{"line":34,"column":10}},"loc":{"start":{"line":34,"column":21},"end":{"line":45,"column":4}},"line":34},"3":{"name":"(anonymous_3)","decl":{"start":{"line":46,"column":10},"end":{"line":46,"column":11}},"loc":{"start":{"line":46,"column":19},"end":{"line":57,"column":4}},"line":46},"4":{"name":"(anonymous_4)","decl":{"start":{"line":60,"column":1},"end":{"line":60,"column":2}},"loc":{"start":{"line":60,"column":14},"end":{"line":71,"column":2}},"line":60},"5":{"name":"(anonymous_5)","decl":{"start":{"line":73,"column":1},"end":{"line":73,"column":2}},"loc":{"start":{"line":73,"column":10},"end":{"line":100,"column":2}},"line":73},"6":{"name":"(anonymous_6)","decl":{"start":{"line":87,"column":18},"end":{"line":87,"column":19}},"loc":{"start":{"line":88,"column":7},"end":{"line":90,"column":14}},"line":88},"7":{"name":"(anonymous_7)","decl":{"start":{"line":93,"column":20},"end":{"line":93,"column":21}},"loc":{"start":{"line":93,"column":37},"end":{"line":93,"column":53}},"line":93}},"branchMap":{"0":{"loc":{"start":{"line":32,"column":66},"end":{"line":32,"column":104}},"type":"binary-expr","locations":[{"start":{"line":32,"column":66},"end":{"line":32,"column":99}},{"start":{"line":32,"column":103},"end":{"line":32,"column":104}}],"line":32},"1":{"loc":{"start":{"line":61,"column":2},"end":{"line":70,"column":3}},"type":"switch","locations":[{"start":{"line":62,"column":2},"end":{"line":63,"column":21}},{"start":{"line":64,"column":2},"end":{"line":65,"column":24}},{"start":{"line":66,"column":2},"end":{"line":67,"column":22}},{"start":{"line":68,"column":2},"end":{"line":69,"column":21}}],"line":61},"2":{"loc":{"start":{"line":75,"column":16},"end":{"line":75,"column":44}},"type":"binary-expr","locations":[{"start":{"line":75,"column":16},"end":{"line":75,"column":38}},{"start":{"line":75,"column":42},"end":{"line":75,"column":44}}],"line":75},"3":{"loc":{"start":{"line":76,"column":32},"end":{"line":76,"column":53}},"type":"binary-expr","locations":[{"start":{"line":76,"column":32},"end":{"line":76,"column":48}},{"start":{"line":76,"column":52},"end":{"line":76,"column":53}}],"line":76}},"s":{"0":1,"1":1,"2":1,"3":1,"4":0,"5":0,"6":0,"7":0,"8":0,"9":0,"10":0,"11":0,"12":0,"13":0,"14":0,"15":0,"16":0,"17":0,"18":0,"19":0,"20":0,"21":0,"22":0,"23":0,"24":0,"25":0,"26":0,"27":0,"28":0,"29":0,"30":0,"31":0,"32":0,"33":0,"34":0,"35":1,"36":1,"37":1,"38":1,"39":1,"40":0,"41":0},"f":{"0":0,"1":0,"2":0,"3":0,"4":0,"5":1,"6":0,"7":0},"b":{"0":[0,0],"1":[0,0,0,0],"2":[1,1],"3":[1,1]},"_coverageSchema":"1a1c01bbd47fc00a2c39e90264f33305004495a9","hash":"a7049910a366812c0993af598528d0a30b20abee"}
,"/Users/elli/Documents/pocket-ponics/packages/pocket-ponics-app/screens/reset-password-screen.js": {"path":"/Users/elli/Documents/pocket-ponics/packages/pocket-ponics-app/screens/reset-password-screen.js","statementMap":{"0":{"start":{"line":21,"column":18},"end":{"line":21,"column":56}},"1":{"start":{"line":25,"column":2},"end":{"line":25,"column":14}},"2":{"start":{"line":27,"column":2},"end":{"line":30,"column":3}},"3":{"start":{"line":32,"column":2},"end":{"line":32,"column":58}},"4":{"start":{"line":33,"column":2},"end":{"line":33,"column":36}},"5":{"start":{"line":37,"column":2},"end":{"line":37,"column":29}},"6":{"start":{"line":41,"column":2},"end":{"line":44,"column":3}},"7":{"start":{"line":42,"column":3},"end":{"line":42,"column":34}},"8":{"start":{"line":43,"column":3},"end":{"line":43,"column":9}},"9":{"start":{"line":46,"column":2},"end":{"line":46,"column":34}},"10":{"start":{"line":48,"column":2},"end":{"line":51,"column":62}},"11":{"start":{"line":49,"column":15},"end":{"line":49,"column":57}},"12":{"start":{"line":50,"column":15},"end":{"line":50,"column":54}},"13":{"start":{"line":51,"column":19},"end":{"line":51,"column":61}},"14":{"start":{"line":55,"column":2},"end":{"line":80,"column":3}},"15":{"start":{"line":74,"column":38},"end":{"line":74,"column":77}}},"fnMap":{"0":{"name":"(anonymous_0)","decl":{"start":{"line":24,"column":1},"end":{"line":24,"column":2}},"loc":{"start":{"line":24,"column":20},"end":{"line":34,"column":2}},"line":24},"1":{"name":"(anonymous_1)","decl":{"start":{"line":36,"column":1},"end":{"line":36,"column":2}},"loc":{"start":{"line":36,"column":28},"end":{"line":38,"column":2}},"line":36},"2":{"name":"(anonymous_2)","decl":{"start":{"line":40,"column":1},"end":{"line":40,"column":2}},"loc":{"start":{"line":40,"column":9},"end":{"line":52,"column":2}},"line":40},"3":{"name":"(anonymous_3)","decl":{"start":{"line":49,"column":9},"end":{"line":49,"column":10}},"loc":{"start":{"line":49,"column":15},"end":{"line":49,"column":57}},"line":49},"4":{"name":"(anonymous_4)","decl":{"start":{"line":50,"column":9},"end":{"line":50,"column":10}},"loc":{"start":{"line":50,"column":15},"end":{"line":50,"column":54}},"line":50},"5":{"name":"(anonymous_5)","decl":{"start":{"line":51,"column":10},"end":{"line":51,"column":11}},"loc":{"start":{"line":51,"column":19},"end":{"line":51,"column":61}},"line":51},"6":{"name":"(anonymous_6)","decl":{"start":{"line":54,"column":1},"end":{"line":54,"column":2}},"loc":{"start":{"line":54,"column":10},"end":{"line":81,"column":2}},"line":54},"7":{"name":"(anonymous_7)","decl":{"start":{"line":74,"column":32},"end":{"line":74,"column":33}},"loc":{"start":{"line":74,"column":38},"end":{"line":74,"column":77}},"line":74}},"branchMap":{"0":{"loc":{"start":{"line":41,"column":2},"end":{"line":44,"column":3}},"type":"if","locations":[{"start":{"line":41,"column":2},"end":{"line":44,"column":3}},{"start":{"line":41,"column":2},"end":{"line":44,"column":3}}],"line":41},"1":{"loc":{"start":{"line":56,"column":70},"end":{"line":56,"column":110}},"type":"cond-expr","locations":[{"start":{"line":56,"column":94},"end":{"line":56,"column":103}},{"start":{"line":56,"column":106},"end":{"line":56,"column":110}}],"line":56}},"s":{"0":1,"1":1,"2":1,"3":1,"4":1,"5":0,"6":0,"7":0,"8":0,"9":0,"10":0,"11":0,"12":0,"13":0,"14":1,"15":0},"f":{"0":1,"1":0,"2":0,"3":0,"4":0,"5":0,"6":1,"7":0},"b":{"0":[0,0],"1":[1,0]},"_coverageSchema":"1a1c01bbd47fc00a2c39e90264f33305004495a9","hash":"9c0df9b54b3a7caf5738754b0f5e75faaf51d853"}
,"/Users/elli/Documents/pocket-ponics/packages/pocket-ponics-app/screens/seedlings-screen-styles.js": {"path":"/Users/elli/Documents/pocket-ponics/packages/pocket-ponics-app/screens/seedlings-screen-styles.js","statementMap":{"0":{"start":{"line":4,"column":15},"end":{"line":56,"column":2}}},"fnMap":{},"branchMap":{},"s":{"0":1},"f":{},"b":{},"_coverageSchema":"1a1c01bbd47fc00a2c39e90264f33305004495a9","hash":"67961061d5c8ab511c6459285a79a560b03a90f0"}
,"/Users/elli/Documents/pocket-ponics/packages/pocket-ponics-app/screens/seedlings-screen.js": {"path":"/Users/elli/Documents/pocket-ponics/packages/pocket-ponics-app/screens/seedlings-screen.js","statementMap":{"0":{"start":{"line":14,"column":22},"end":{"line":14,"column":55}},"1":{"start":{"line":18,"column":2},"end":{"line":18,"column":14}},"2":{"start":{"line":20,"column":23},"end":{"line":20,"column":72}},"3":{"start":{"line":21,"column":28},"end":{"line":21,"column":66}},"4":{"start":{"line":23,"column":2},"end":{"line":25,"column":3}},"5":{"start":{"line":29,"column":2},"end":{"line":29,"column":71}},"6":{"start":{"line":33,"column":20},"end":{"line":33,"column":40}},"7":{"start":{"line":34,"column":2},"end":{"line":43,"column":3}},"8":{"start":{"line":35,"column":3},"end":{"line":42,"column":4}},"9":{"start":{"line":45,"column":15},"end":{"line":45,"column":57}},"10":{"start":{"line":46,"column":14},"end":{"line":46,"column":63}},"11":{"start":{"line":48,"column":25},"end":{"line":48,"column":44}},"12":{"start":{"line":49,"column":2},"end":{"line":49,"column":47}},"13":{"start":{"line":50,"column":27},"end":{"line":50,"column":66}},"14":{"start":{"line":51,"column":16},"end":{"line":51,"column":36}},"15":{"start":{"line":53,"column":28},"end":{"line":53,"column":65}},"16":{"start":{"line":54,"column":28},"end":{"line":54,"column":77}},"17":{"start":{"line":55,"column":27},"end":{"line":55,"column":49}},"18":{"start":{"line":57,"column":20},"end":{"line":57,"column":82}},"19":{"start":{"line":58,"column":18},"end":{"line":58,"column":81}},"20":{"start":{"line":60,"column":2},"end":{"line":90,"column":3}},"21":{"start":{"line":83,"column":62},"end":{"line":83,"column":123}}},"fnMap":{"0":{"name":"(anonymous_0)","decl":{"start":{"line":17,"column":1},"end":{"line":17,"column":2}},"loc":{"start":{"line":17,"column":20},"end":{"line":26,"column":2}},"line":17},"1":{"name":"(anonymous_1)","decl":{"start":{"line":28,"column":1},"end":{"line":28,"column":2}},"loc":{"start":{"line":28,"column":26},"end":{"line":30,"column":2}},"line":28},"2":{"name":"(anonymous_2)","decl":{"start":{"line":32,"column":1},"end":{"line":32,"column":2}},"loc":{"start":{"line":32,"column":10},"end":{"line":91,"column":2}},"line":32},"3":{"name":"(anonymous_3)","decl":{"start":{"line":83,"column":56},"end":{"line":83,"column":57}},"loc":{"start":{"line":83,"column":62},"end":{"line":83,"column":123}},"line":83}},"branchMap":{"0":{"loc":{"start":{"line":21,"column":28},"end":{"line":21,"column":66}},"type":"binary-expr","locations":[{"start":{"line":21,"column":28},"end":{"line":21,"column":60}},{"start":{"line":21,"column":64},"end":{"line":21,"column":66}}],"line":21},"1":{"loc":{"start":{"line":34,"column":2},"end":{"line":43,"column":3}},"type":"if","locations":[{"start":{"line":34,"column":2},"end":{"line":43,"column":3}},{"start":{"line":34,"column":2},"end":{"line":43,"column":3}}],"line":34},"2":{"loc":{"start":{"line":82,"column":7},"end":{"line":86,"column":14}},"type":"cond-expr","locations":[{"start":{"line":83,"column":7},"end":{"line":85,"column":26}},{"start":{"line":86,"column":10},"end":{"line":86,"column":14}}],"line":82}},"s":{"0":1,"1":2,"2":2,"3":2,"4":2,"5":3,"6":2,"7":2,"8":1,"9":1,"10":1,"11":1,"12":1,"13":1,"14":1,"15":1,"16":1,"17":1,"18":1,"19":1,"20":1,"21":0},"f":{"0":2,"1":3,"2":2,"3":0},"b":{"0":[2,1],"1":[1,1],"2":[0,1]},"_coverageSchema":"1a1c01bbd47fc00a2c39e90264f33305004495a9","hash":"122cfc30bd04e40085262bc00a0be96ca344f65a"}
,"/Users/elli/Documents/pocket-ponics/packages/pocket-ponics-app/screens/server-screen.js": {"path":"/Users/elli/Documents/pocket-ponics/packages/pocket-ponics-app/screens/server-screen.js","statementMap":{"0":{"start":{"line":24,"column":2},"end":{"line":24,"column":14}},"1":{"start":{"line":26,"column":2},"end":{"line":38,"column":3}},"2":{"start":{"line":39,"column":2},"end":{"line":39,"column":36}},"3":{"start":{"line":40,"column":2},"end":{"line":40,"column":50}},"4":{"start":{"line":41,"column":2},"end":{"line":41,"column":62}},"5":{"start":{"line":42,"column":2},"end":{"line":42,"column":62}},"6":{"start":{"line":43,"column":2},"end":{"line":43,"column":62}},"7":{"start":{"line":44,"column":2},"end":{"line":44,"column":44}},"8":{"start":{"line":45,"column":2},"end":{"line":45,"column":54}},"9":{"start":{"line":49,"column":2},"end":{"line":49,"column":34}},"10":{"start":{"line":53,"column":2},"end":{"line":53,"column":21}},"11":{"start":{"line":54,"column":2},"end":{"line":54,"column":37}},"12":{"start":{"line":58,"column":2},"end":{"line":58,"column":37}},"13":{"start":{"line":62,"column":2},"end":{"line":62,"column":37}},"14":{"start":{"line":66,"column":2},"end":{"line":69,"column":3}},"15":{"start":{"line":67,"column":3},"end":{"line":67,"column":46}},"16":{"start":{"line":68,"column":3},"end":{"line":68,"column":9}},"17":{"start":{"line":71,"column":2},"end":{"line":71,"column":34}},"18":{"start":{"line":73,"column":2},"end":{"line":73,"column":117}},"19":{"start":{"line":73,"column":72},"end":{"line":73,"column":116}},"20":{"start":{"line":77,"column":2},"end":{"line":87,"column":5}},"21":{"start":{"line":77,"column":30},"end":{"line":87,"column":3}},"22":{"start":{"line":91,"column":22},"end":{"line":91,"column":74}},"23":{"start":{"line":92,"column":24},"end":{"line":92,"column":93}},"24":{"start":{"line":94,"column":2},"end":{"line":99,"column":3}},"25":{"start":{"line":95,"column":3},"end":{"line":98,"column":6}},"26":{"start":{"line":95,"column":31},"end":{"line":98,"column":4}},"27":{"start":{"line":103,"column":2},"end":{"line":103,"column":21}},"28":{"start":{"line":107,"column":2},"end":{"line":107,"column":85}},"29":{"start":{"line":109,"column":2},"end":{"line":113,"column":3}},"30":{"start":{"line":110,"column":3},"end":{"line":110,"column":77}},"31":{"start":{"line":112,"column":3},"end":{"line":112,"column":44}},"32":{"start":{"line":115,"column":2},"end":{"line":115,"column":69}},"33":{"start":{"line":116,"column":2},"end":{"line":116,"column":69}},"34":{"start":{"line":118,"column":2},"end":{"line":118,"column":41}},"35":{"start":{"line":122,"column":2},"end":{"line":122,"column":43}},"36":{"start":{"line":123,"column":2},"end":{"line":131,"column":3}},"37":{"start":{"line":135,"column":2},"end":{"line":160,"column":3}},"38":{"start":{"line":164,"column":2},"end":{"line":164,"column":25}},"39":{"start":{"line":165,"column":2},"end":{"line":182,"column":3}},"40":{"start":{"line":172,"column":39},"end":{"line":172,"column":69}},"41":{"start":{"line":173,"column":28},"end":{"line":173,"column":37}}},"fnMap":{"0":{"name":"(anonymous_0)","decl":{"start":{"line":23,"column":1},"end":{"line":23,"column":2}},"loc":{"start":{"line":23,"column":20},"end":{"line":46,"column":2}},"line":23},"1":{"name":"(anonymous_1)","decl":{"start":{"line":48,"column":1},"end":{"line":48,"column":2}},"loc":{"start":{"line":48,"column":29},"end":{"line":50,"column":2}},"line":48},"2":{"name":"(anonymous_2)","decl":{"start":{"line":52,"column":1},"end":{"line":52,"column":2}},"loc":{"start":{"line":52,"column":38},"end":{"line":55,"column":2}},"line":52},"3":{"name":"(anonymous_3)","decl":{"start":{"line":57,"column":1},"end":{"line":57,"column":2}},"loc":{"start":{"line":57,"column":38},"end":{"line":59,"column":2}},"line":57},"4":{"name":"(anonymous_4)","decl":{"start":{"line":61,"column":1},"end":{"line":61,"column":2}},"loc":{"start":{"line":61,"column":38},"end":{"line":63,"column":2}},"line":61},"5":{"name":"(anonymous_5)","decl":{"start":{"line":65,"column":1},"end":{"line":65,"column":2}},"loc":{"start":{"line":65,"column":9},"end":{"line":74,"column":2}},"line":65},"6":{"name":"(anonymous_6)","decl":{"start":{"line":73,"column":66},"end":{"line":73,"column":67}},"loc":{"start":{"line":73,"column":72},"end":{"line":73,"column":116}},"line":73},"7":{"name":"(anonymous_7)","decl":{"start":{"line":76,"column":1},"end":{"line":76,"column":2}},"loc":{"start":{"line":76,"column":13},"end":{"line":88,"column":2}},"line":76},"8":{"name":"(anonymous_8)","decl":{"start":{"line":77,"column":16},"end":{"line":77,"column":17}},"loc":{"start":{"line":77,"column":30},"end":{"line":87,"column":3}},"line":77},"9":{"name":"(anonymous_9)","decl":{"start":{"line":90,"column":1},"end":{"line":90,"column":2}},"loc":{"start":{"line":90,"column":22},"end":{"line":100,"column":2}},"line":90},"10":{"name":"(anonymous_10)","decl":{"start":{"line":95,"column":17},"end":{"line":95,"column":18}},"loc":{"start":{"line":95,"column":31},"end":{"line":98,"column":4}},"line":95},"11":{"name":"(anonymous_11)","decl":{"start":{"line":102,"column":1},"end":{"line":102,"column":2}},"loc":{"start":{"line":102,"column":21},"end":{"line":104,"column":2}},"line":102},"12":{"name":"(anonymous_12)","decl":{"start":{"line":106,"column":1},"end":{"line":106,"column":2}},"loc":{"start":{"line":106,"column":18},"end":{"line":119,"column":2}},"line":106},"13":{"name":"(anonymous_13)","decl":{"start":{"line":121,"column":1},"end":{"line":121,"column":2}},"loc":{"start":{"line":121,"column":33},"end":{"line":132,"column":2}},"line":121},"14":{"name":"(anonymous_14)","decl":{"start":{"line":134,"column":1},"end":{"line":134,"column":2}},"loc":{"start":{"line":134,"column":16},"end":{"line":161,"column":2}},"line":134},"15":{"name":"(anonymous_15)","decl":{"start":{"line":163,"column":1},"end":{"line":163,"column":2}},"loc":{"start":{"line":163,"column":10},"end":{"line":183,"column":2}},"line":163},"16":{"name":"(anonymous_16)","decl":{"start":{"line":172,"column":18},"end":{"line":172,"column":19}},"loc":{"start":{"line":172,"column":39},"end":{"line":172,"column":69}},"line":172},"17":{"name":"(anonymous_17)","decl":{"start":{"line":173,"column":20},"end":{"line":173,"column":21}},"loc":{"start":{"line":173,"column":28},"end":{"line":173,"column":37}},"line":173}},"branchMap":{"0":{"loc":{"start":{"line":66,"column":2},"end":{"line":69,"column":3}},"type":"if","locations":[{"start":{"line":66,"column":2},"end":{"line":69,"column":3}},{"start":{"line":66,"column":2},"end":{"line":69,"column":3}}],"line":66},"1":{"loc":{"start":{"line":66,"column":5},"end":{"line":66,"column":61}},"type":"binary-expr","locations":[{"start":{"line":66,"column":5},"end":{"line":66,"column":31}},{"start":{"line":66,"column":35},"end":{"line":66,"column":61}}],"line":66},"2":{"loc":{"start":{"line":92,"column":33},"end":{"line":92,"column":84}},"type":"binary-expr","locations":[{"start":{"line":92,"column":33},"end":{"line":92,"column":76}},{"start":{"line":92,"column":80},"end":{"line":92,"column":84}}],"line":92},"3":{"loc":{"start":{"line":94,"column":2},"end":{"line":99,"column":3}},"type":"if","locations":[{"start":{"line":94,"column":2},"end":{"line":99,"column":3}},{"start":{"line":94,"column":2},"end":{"line":99,"column":3}}],"line":94},"4":{"loc":{"start":{"line":109,"column":2},"end":{"line":113,"c
[...]
,"/Users/elli/Documents/pocket-ponics/packages/pocket-ponics-app/util/auth-util.js": {"path":"/Users/elli/Documents/pocket-ponics/packages/pocket-ponics-app/util/auth-util.js","statementMap":{"0":{"start":{"line":6,"column":27},"end":{"line":8,"column":1}},"1":{"start":{"line":7,"column":1},"end":{"line":7,"column":131}},"2":{"start":{"line":10,"column":17},"end":{"line":327,"column":1}},"3":{"start":{"line":12,"column":22},"end":{"line":12,"column":74}},"4":{"start":{"line":13,"column":24},"end":{"line":13,"column":89}},"5":{"start":{"line":15,"column":2},"end":{"line":15,"column":26}},"6":{"start":{"line":16,"column":2},"end":{"line":16,"column":28}},"7":{"start":{"line":18,"column":2},"end":{"line":21,"column":3}},"8":{"start":{"line":19,"column":3},"end":{"line":19,"column":48}},"9":{"start":{"line":20,"column":3},"end":{"line":20,"column":48}},"10":{"start":{"line":23,"column":2},"end":{"line":23,"column":54}},"11":{"start":{"line":27,"column":19},"end":{"line":27,"column":57}},"12":{"start":{"line":28,"column":19},"end":{"line":28,"column":57}},"13":{"start":{"line":29,"column":2},"end":{"line":29,"column":33}},"14":{"start":{"line":30,"column":2},"end":{"line":30,"column":28}},"15":{"start":{"line":33,"column":2},"end":{"line":35,"column":3}},"16":{"start":{"line":34,"column":3},"end":{"line":34,"column":23}},"17":{"start":{"line":38,"column":2},"end":{"line":60,"column":5}},"18":{"start":{"line":39,"column":15},"end":{"line":39,"column":34}},"19":{"start":{"line":41,"column":4},"end":{"line":41,"column":22}},"20":{"start":{"line":42,"column":4},"end":{"line":42,"column":68}},"21":{"start":{"line":42,"column":30},"end":{"line":42,"column":67}},"22":{"start":{"line":44,"column":4},"end":{"line":44,"column":51}},"23":{"start":{"line":47,"column":4},"end":{"line":47,"column":26}},"24":{"start":{"line":48,"column":4},"end":{"line":48,"column":33}},"25":{"start":{"line":49,"column":4},"end":{"line":51,"column":5}},"26":{"start":{"line":50,"column":5},"end":{"line":50,"column":25}},"27":{"start":{"line":53,"column":4},"end":{"line":53,"column":57}},"28":{"start":{"line":56,"column":4},"end":{"line":56,"column":31}},"29":{"start":{"line":59,"column":4},"end":{"line":59,"column":72}},"30":{"start":{"line":65,"column":2},"end":{"line":101,"column":62}},"31":{"start":{"line":67,"column":4},"end":{"line":67,"column":40}},"32":{"start":{"line":69,"column":4},"end":{"line":71,"column":6}},"33":{"start":{"line":70,"column":19},"end":{"line":70,"column":59}},"34":{"start":{"line":74,"column":4},"end":{"line":74,"column":30}},"35":{"start":{"line":75,"column":18},"end":{"line":75,"column":87}},"36":{"start":{"line":76,"column":16},"end":{"line":76,"column":56}},"37":{"start":{"line":78,"column":4},"end":{"line":80,"column":6}},"38":{"start":{"line":79,"column":19},"end":{"line":79,"column":68}},"39":{"start":{"line":83,"column":4},"end":{"line":83,"column":27}},"40":{"start":{"line":84,"column":4},"end":{"line":87,"column":6}},"41":{"start":{"line":85,"column":5},"end":{"line":85,"column":50}},"42":{"start":{"line":86,"column":5},"end":{"line":86,"column":62}},"43":{"start":{"line":89,"column":4},"end":{"line":98,"column":6}},"44":{"start":{"line":100,"column":15},"end":{"line":100,"column":26}},"45":{"start":{"line":101,"column":19},"end":{"line":101,"column":61}},"46":{"start":{"line":105,"column":2},"end":{"line":150,"column":5}},"47":{"start":{"line":106,"column":15},"end":{"line":106,"column":34}},"48":{"start":{"line":108,"column":4},"end":{"line":108,"column":22}},"49":{"start":{"line":109,"column":4},"end":{"line":109,"column":68}},"50":{"start":{"line":109,"column":30},"end":{"line":109,"column":67}},"51":{"start":{"line":111,"column":4},"end":{"line":111,"column":51}},"52":{"start":{"line":114,"column":4},"end":{"line":117,"column":5}},"53":{"start":{"line":115,"column":5},"end":{"line":115,"column":48}},"54":{"start":{"line":116,"column":5},"end":{"line":116,"column":58}},"55":{"start":{"line":119,"column":4},"end":{"line":119,"column":26}},"56":{"start":{"line":120,"column":4},"end":{"line":120,"column":33}},"57":{"start":{"line":122,"column":4},"end":{"line":122,"column":30}},"58":{"start":{"line":123,"column":4},"end":{"line":126,"column":6}},"59":{"start":{"line":128,"column":15},"end":{"line":128,"column":64}},"60":{"start":{"line":133,"column":4},"end":{"line":137,"column":5}},"61":{"start":{"line":136,"column":5},"end":{"line":136,"column":59}},"62":{"start":{"line":139,"column":4},"end":{"line":139,"column":19}},"63":{"start":{"line":142,"column":4},"end":{"line":144,"column":5}},"64":{"start":{"line":143,"column":5},"end":{"line":143,"column":39}},"65":{"start":{"line":146,"column":15},"end":{"line":146,"column":61}},"66":{"start":{"line":148,"column":4},"end":{"line":148,"column":40}},"67":{"start":{"line":149,"column":4},"end":{"line":149,"column":91}},"68":{"start":{"line":153,"column":2},"end":{"line":176,"column":5}},"69":{"start":{"line":154,"column":15},"end":{"line":154,"column":53}},"70":{"start":{"line":156,"column":4},"end":{"line":159,"column":5}},"71":{"start":{"line":157,"column":5},"end":{"line":157,"column":43}},"72":{"start":{"line":158,"column":5},"end":{"line":158,"column":53}},"73":{"start":{"line":161,"column":4},"end":{"line":164,"column":5}},"74":{"start":{"line":162,"column":5},"end":{"line":162,"column":36}},"75":{"start":{"line":163,"column":5},"end":{"line":163,"column":72}},"76":{"start":{"line":166,"column":4},"end":{"line":166,"column":30}},"77":{"start":{"line":167,"column":4},"end":{"line":170,"column":6}},"78":{"start":{"line":172,"column":15},"end":{"line":172,"column":123}},"79":{"start":{"line":172,"column":78},"end":{"line":172,"column":122}},"80":{"start":{"line":174,"column":4},"end":{"line":174,"column":41}},"81":{"start":{"line":175,"column":4},"end":{"line":175,"column":91}},"82":{"start":{"line":180,"column":2},"end":{"line":180,"column":21}},"83":{"start":{"line":181,"column":2},"end":{"line":262,"column":59}},"84":{"start":{"line":262,"column":21},"end":{"line":262,"column":58}},"85":{"start":{"line":264,"column":2},"end":{"line":264,"column":26}},"86":{"start":{"line":265,"column":2},"end":{"line":317,"column":4}},"87":{"start":{"line":316,"column":3},"end":{"line":316,"column":60}},"88":{"start":{"line":318,"column":2},"end":{"line":325,"column":5}},"89":{"start":{"line":324,"column":4},"end":{"line":324,"column":22}}},"fnMap":{"0":{"name":"(anonymous_0)","decl":{"start":{"line":6,"column":27},"end":{"line":6,"column":28}},"loc":{"start":{"line":6,"column":37},"end":{"line":8,"column":1}},"line":6},"1":{"name":"(anonymous_1)","decl":{"start":{"line":11,"column":1},"end":{"line":11,"column":2}},"loc":{"start":{"line":11,"column":24},"end":{"line":24,"column":2}},"line":11},"2":{"name":"(anonymous_2)","decl":{"start":{"line":25,"column":1},"end":{"line":25,"column":2}},"loc":{"start":{"line":25,"column":44},"end":{"line":61,"column":2}},"line":25},"3":{"name":"(anonymous_3)","decl":{"start":{"line":39,"column":9},"end":{"line":39,"column":10}},"loc":{"start":{"line":39,"column":15},"end":{"line":39,"column":34}},"line":39},"4":{"name":"(anonymous_4)","decl":{"start":{"line":40,"column":9},"end":{"line":40,"column":10}},"loc":{"start":{"line":40,"column":21},"end":{"line":45,"column":4}},"line":40},"5":{"name":"(anonymous_5)","decl":{"start":{"line":42,"column":21},"end":{"line":42,"column":22}},"loc":{"start":{"line":42,"column":30},"end":{"line":42,"column":67}},"line":42},"6":{"name":"(anonymous_6)","decl":{"start":{"line":46,"column":9},"end":{"line":46,"column":10}},"loc":{"start":{"line":46,"column":21},"end":{"line":54,"column":4}},"line":46},"7":{"name":"(anonymous_7)","decl":{"start":{"line":55,"column":10},"end":{"line":55,"column":11}},"loc":{"start":{"line":55,"column":19},"end":{"line":60,"column":4}},"line":55},"8":{"name":"(anonymous_8)","decl":{"start":{"line":62,"column":1},"end":{"line":62,"column":2}},"loc":{"start":{"line":62,"column":39},"end":{"line":102,"column":2}},"line":62},"9":{"name":"(anonymous_9)","decl":{"start":{"line":66,"column":9},"end":{"line":66,"column":10}},"loc":{"start":{"line":66,"column":21},"end":{"line":72,"column":4}},"line":66},"10":{"name":"(anonymous_10)","decl":{"start":{"line":70,"column":5},"end":{"line":70,"column":6}},"loc":{"start":{"line":70,"column":19},"end":{"line":70,"column":59}},"line":70},"11":{"name":"(anonymous_11)","decl":{"start":{"line":73,"column":9},"end":{"line":73,"column":10}},"loc":{"start":{"line":73,"column":22},"end":{"line":81,"column":4}},"line":73},"12":{"name":"(anonymous_12)","decl":{"start":{"line":79,"column":5},"end":{"line":79,"column":6}},"loc":{"start":{"line":79,"column":19},"end":{"line":79,"column":68}},"line":79},"13":{"name":"(anonymous_13)","decl":{"start":{"line":82,"column":9},"end":{"line":82,"column":10}},"loc":{"start":{"line":82,"column":22},"end":{"line":99,"column":4}},"line":82},"14":{"name":"(anonymous_14)","decl":{"start":{"line":84,"column":27},"end":{"line":84,"column":28}},"loc":{"start":{"line":84,"column":50},"end":{"line":87,"column":5}},"line":84},"15":{"name":"(anonymous_15)","decl":{"start":{"line":100,"column":9},"end":{"line":100,"column":10}},"loc":{"start":{"line":100,"column":15},"end":{"line":100,"column":26}},"line":100},"16":{"name":"(anonymous_16)","decl":{"start":{"line":101,"column":10},"end":{"line":101,"column":11}},"loc":{"start":{"line":101,"column":19},"end":{"line":101,"column":61}},"line":101},"17":{"name":"(anonymous_17)","decl":{"start":{"line":103,"column":1},"end":{"line":103,"column":2}},"loc":{"start":{"line":103,"column":38},"end":{"line":151,"column":2}},"line":103},"18":{"name":"(anonymous_18)","decl":{"start":{"line":106,"column":9},"end":{"line":106,"column":10}},"loc":{"start":{"line":106,"column":15},"end":{"line":106,"column":34}},"line":106},"19":{"name":"(anonymous_19)","decl":{"start":{"line":107,"column":9},"end":{"line":107,"column":10}},"loc":{"start":{"line":107,"column":21},"end":{"line":112,"column":4}},"line":107},"20":{"name":"(anonymous_20)","decl":{"start":{"line":109,"column":21},"end":{"line":109,"column":22}},"loc":{"start":{"line":109,"column":30},"end":{"line":109,"column":67}},"line":109},"21":{"name":"(anonymous_21)","decl":{"start":{"line":113,"column":9},"end":{"line":113,"column":10}},"loc":{"start":{"line":113,"column":21},"end":{"line":127,"column":4}},"line":113},"22":{"name":"(anonymous_22)","decl":{"start":{"line":128,"column":9},"end":{"line":128,"column":10}},"loc":{"start":{"line":128,"column":15},"end":{"line":128,"column":64}},"line":128},"23":{"name":"(anonymous_23)","decl":{"start":{"line":129,"column":9},"end":{"line":129,"column":10}},"loc":{"start":{"line":129,"column":21},"end":{"line":140,"column":4}},"line":129},"24":{"name":"(anonymous_24)","decl":{"start":{"line":141,"column":9},"end":{"line":141,"column":10}},"loc":{"start":{"line":141,"column":21},"end":{"line":145,"column":4}},"line":141},"25":{"name":"(anonymous_25)","decl":{"start":{"line":146,"column":9},"end":{"line":146,"column":10}},"loc":{"start":{"line":146,"column":15},"end":{"line":146,"column":61}},"line":146},"26":{"name":"(anonymous_26)","decl":{"start":{"line":147,"column":10},"end":{"line":147,"column":11}},"loc":{"start":{"line":147,"column":19},"end":{"line":150,"column":4}},"line":147},"27":{"name":"(anonymous_27)","decl":{"start":{"line":152,"column":1},"end":{"line":152,"column":2}},"loc":{"start":{"line":152,"column":28},"end":{"line":177,"column":2}},"line":152},"28":{"name":"(anonymous_28)","decl":{"start":{"line":154,"column":9},"end":{"line":154,"column":10}},"loc":{"start":{"line":154,"column":15},"end":{"line":154,"column":53}},"line":154},"29":{"name":"(anonymous_29)","decl":{"start":{"line":155,"column":9},"end":{"line":155,"column":10}},"loc":{"start":{"line":155,"column":21},"end":{"line":171,"column":4}},"line":155},"30":{"name":"(anonymous_30)","decl":{"start":{"line":172,"column":9},"end":{"line":172,"column":10}},"loc":{"start":{"line":172,"column":15},"end":{"line":172,"column":123}},"line":172},"31":{"name":"(anonymous_31)","decl":{"start":{"line":172,"column":72},"end":{"line":172,"column":73}},"loc":{"start":{"line":172,"column":78},"end":{"line":172,"column":122}},"line":172},"32":{"name":"(anonymous_32)","decl":{"start":{"line":173,"column":10},"end":{"line":173,"column":11}},"loc":{"start":{"line":173,"column":19},"end":{"line":176,"column":4}},"line":173},"33":{"name":"(anonymous_33)","decl":{"start":{"line":179,"column":1},"end":{"line":179,"column":2}},"loc":{"start":{"line":179,"column":54},"end":{"line":326,"column":2}},"line":179},"34":{"name":"(anonymous_34)","decl":{"start":{"line":262,"column":12},"end":{"line":262,"column":13}},"loc":{"start":{"line":262,"column":21},"end":{"line":262,"column":58}},"line":262},"35":{"name":"(anonymous_35)","decl":{"start":{"line":315,"column":12},"end":{"line":315,"column":13}},"loc":{"start":{"line":315,"column":28},"end":{"line":317,"column":3}},"line":315},"36":{"name":"(anonymous_36)","decl":{"start":{"line":323,"column":9},"end":{"line":323,"column":10}},"loc":{"start":{"line":323,"column":15},"end":{"line":325,"column":4}},"line":323}},"branchMap":{"0":{"loc":{"start":{"line":13,"column":33},"end":{"line":13,"column":84}},"type":"binary-expr","locations":[{"start":{"line":13,"column":33},"end":{"line":13,"column":76}},{"start":{"line":13,"column":80},"end":{"line":13,"column":84}}],"line":13},"1":{"loc":{"start":{"line":18,"column":2},"end":{"line":21,"column":3}},"type":"if","locations":[{"start":{"line":18,"column":2},"end":{"line":21,"column":3}},{"start":{"line":18,"column":2},"end":{"line":21,"column":3}}],"line":18},"2":{"loc":{"start":{"line":33,"column":2},"end":{"line":35,"column":3}},"type":"if","locations":[{"start":{"line":33,"column":2},"end":{"line":35,"column":3}},{"start":{"line":33,"column":2},"end":{"line":35,"column":3}}],"line":33},"3":{"loc":{"start":{"line":33,"column":5},"end":{"line":33,"column":27}},"type":"binary-expr","locations":[{"start":{"line":33,"column":5},"end":{"line":33,"column":14}},{"start":{"line":33,"column":18},"end":{"line":33,"column":27}}],"line":33},"4":{"loc":{"start":{"line":49,"column":4},"end":{"line":51,"column":5}},"type":"if","locations":[{"start":{"line":49,"column":4},"end":{"line":51,"column":5}},{"start":{"line":49,"column":4},"end":{"line":51,"column":5}}],"line":49},"5":{"loc":{"start":{"line":114,"column":4},"end":{"line":117,"column":5}},"type":"if","locations":[{"start":{"line":114,"column":4},"end":{"line":117,"column":5}},{"start":{"line":114,"column":4},"end":{"line":117,"column":5}}],"line":114},"6":{"loc":{"start":{"line":133,"column":4},"end":{"line":137,"column":5}},"type":"if","locations":[{"start":{"line":133,"column":4},"end":{"line":137,"column":5}},{"start":{"line":133,"column":4},"end":{"line":137,"column":5}}],"line":133},"7":{"loc":{"start":{"line":142,"column":4},"end":{"line":144,"column":5}},"type":"if","locations":[{"start":{"line":142,"column":4},"end":{"line":144,"column":5}},{"start":{"line":142,"column":4},"end":{"line":144,"column":5}}],"line":142},"8":{"loc":{"start":{"line":156,"column":4},"end":{"line":159,"column":5}},"type":"if","locations":[{"start":{"line":156,"column":4},"end":{"line":159,"column":5}},{"start":{"line":156,"column":4},"end":{"line":159,"column":5}}],"line":156},"9":{"loc":{"start":{"line":161,"column":4},"end":{"line":164,"column":5}},"type":"if","locations":[{"start":{"line":161,"column":4},"end":{"line":164,"column":5}},{"start":{"line":161,"column":4},"end":{"line":164,"column":5}}],"line":161}},"s":{"0":5,"1":0,"2":5,"3":0,"4":0,"5":0,"6":0,"7":0,"8":0,"9":0,"10":0,"11":0,"12":0,"13":0,"14":0,"15":0,"16":0,"17":0,"18":0,"19":0,"20":0,"21":0,"22":0,"23":0,"24":0,"25":0,"26":0,"27":0,"28":0,"29":0,"30":0,"31":0,"32":0,"33":0,"34":0,"35":0,"36":0,"37":0,"38":0,"39":0,"40":0,"41":0,"42":0,"43":0,"44":0,"45":0,"46":0,"47":0,"48":0,"49":0,"50":0,"51":0,"52":0,"53":0,"54":0,"55":0,"56":0,"57":0,"58":0,"59":0,"60":0,"61":0,"62":0,"63":0,"64":0,"65":0,"66":0,"67":0,"68":0,"69":0,"70":0,"71":0,"72":0,"73":0,"74":0,"75":0,"76":0,"77":0,"78":0,"79":0,"80":0,"81":0,"82":0,"83":0,"84":0,"85":0,"86":0,"87":0,"88":0,"89":0},"f":{"0":0,"1":0,"2":0,"3":0,"4":0,"5":0,"6":0,"7":0,"8":0,"9":0,"10":0,"11":0,"12":0,"13":0,"14":0,"15":0,"16":0,"17":0,"18":0,"19":0,"20":0,"21":0,"22":0,"23":0,"24":0,"25":0,"26":0,"27":0,"28":0,"29":0,"30":0,"31":0,"32":0,"33":0,"34":0,"35":0,"36":0},"b":{"0":[0,0],"1":[0,0],"2":[0,0],"3":[0,0],"4":[0,0],"5":[0,0],"6":[0,0],"7":[0,0],"8":[0,0],"9":[0,0]},"_coverageSchema":"1a1c01bbd47fc00a2c39e90264f33305004495a9","hash":"25d1af9f830fb01b2cca0a491dc4419859433076"}
,"/Users/elli/Documents/pocket-ponics/packages/pocket-ponics-app/util/constants.js": {"path":"/Users/elli/Documents/pocket-ponics/packages/pocket-ponics-app/util/constants.js","statementMap":{"0":{"start":{"line":1,"column":25},"end":{"line":1,"column":26}},"1":{"start":{"line":2,"column":28},"end":{"line":2,"column":29}},"2":{"start":{"line":3,"column":26},"end":{"line":3,"column":27}},"3":{"start":{"line":4,"column":25},"end":{"line":4,"column":26}},"4":{"start":{"line":6,"column":29},"end":{"line":14,"column":2}},"5":{"start":{"line":15,"column":32},"end":{"line":23,"column":2}},"6":{"start":{"line":24,"column":30},"end":{"line":32,"column":2}},"7":{"start":{"line":33,"column":29},"end":{"line":41,"column":2}},"8":{"start":{"line":43,"column":32},"end":{"line":43,"column":41}},"9":{"start":{"line":44,"column":26},"end":{"line":44,"column":35}},"10":{"start":{"line":45,"column":28},"end":{"line":45,"column":37}},"11":{"start":{"line":46,"column":27},"end":{"line":46,"column":36}},"12":{"start":{"line":47,"column":29},"end":{"line":47,"column":38}},"13":{"start":{"line":48,"column":27},"end":{"line":48,"column":36}},"14":{"start":{"line":50,"column":23},"end":{"line":50,"column":42}}},"fnMap":{},"branchMap":{},"s":{"0":28,"1":28,"2":28,"3":28,"4":28,"5":28,"6":28,"7":28,"8":28,"9":28,"10":28,"11":28,"12":28,"13":28,"14":28},"f":{},"b":{},"_coverageSchema":"1a1c01bbd47fc00a2c39e90264f33305004495a9","hash":"6a608b0e72899852bf1b8b991a232ffb641f1058"}
}
