{"/Users/elli/Documents/pocket-ponics/packages/pocket-ponics-app/components/greenhouse/display-styles.js": {"path":"/Users/elli/Documents/pocket-ponics/packages/pocket-ponics-app/components/greenhouse/display-styles.js","statementMap":{},"fnMap":{},"branchMap":{},"s":{},"f":{},"b":{},"_coverageSchema":"1a1c01bbd47fc00a2c39e90264f33305004495a9","hash":"ed225309f394c79443b4607706d931c60112aa3c"}
,"/Users/elli/Documents/pocket-ponics/packages/pocket-ponics-app/components/greenhouse/display.js": {"path":"/Users/elli/Documents/pocket-ponics/packages/pocket-ponics-app/components/greenhouse/display.js","statementMap":{"0":{"start":{"line":7,"column":18},"end":{"line":7,"column":50}},"1":{"start":{"line":8,"column":21},"end":{"line":8,"column":57}},"2":{"start":{"line":9,"column":20},"end":{"line":9,"column":54}},"3":{"start":{"line":10,"column":23},"end":{"line":10,"column":60}},"4":{"start":{"line":11,"column":21},"end":{"line":11,"column":56}},"5":{"start":{"line":12,"column":20},"end":{"line":12,"column":54}},"6":{"start":{"line":13,"column":22},"end":{"line":13,"column":58}},"7":{"start":{"line":16,"column":23},"end":{"line":25,"column":1}},"8":{"start":{"line":17,"column":1},"end":{"line":17,"column":43}},"9":{"start":{"line":17,"column":32},"end":{"line":17,"column":43}},"10":{"start":{"line":19,"column":1},"end":{"line":24,"column":2}},"11":{"start":{"line":21,"column":2},"end":{"line":23,"column":3}},"12":{"start":{"line":27,"column":20},"end":{"line":53,"column":1}},"13":{"start":{"line":28,"column":1},"end":{"line":31,"column":2}},"14":{"start":{"line":28,"column":32},"end":{"line":31,"column":2}},"15":{"start":{"line":34,"column":1},"end":{"line":44,"column":2}},"16":{"start":{"line":36,"column":2},"end":{"line":36,"column":27}},"17":{"start":{"line":37,"column":2},"end":{"line":37,"column":7}},"18":{"start":{"line":39,"column":2},"end":{"line":39,"column":25}},"19":{"start":{"line":40,"column":2},"end":{"line":40,"column":7}},"20":{"start":{"line":42,"column":2},"end":{"line":42,"column":24}},"21":{"start":{"line":43,"column":2},"end":{"line":43,"column":7}},"22":{"start":{"line":46,"column":1},"end":{"line":52,"column":2}},"23":{"start":{"line":55,"column":26},"end":{"line":87,"column":1}},"24":{"start":{"line":56,"column":22},"end":{"line":56,"column":38}},"25":{"start":{"line":58,"column":1},"end":{"line":86,"column":2}},"26":{"start":{"line":60,"column":61},"end":{"line":60,"column":116}},"27":{"start":{"line":65,"column":58},"end":{"line":65,"column":141}},"28":{"start":{"line":68,"column":58},"end":{"line":68,"column":141}},"29":{"start":{"line":71,"column":58},"end":{"line":71,"column":141}},"30":{"start":{"line":75,"column":59},"end":{"line":75,"column":154}}},"fnMap":{"0":{"name":"(anonymous_0)","decl":{"start":{"line":16,"column":23},"end":{"line":16,"column":24}},"loc":{"start":{"line":16,"column":33},"end":{"line":25,"column":1}},"line":16},"1":{"name":"(anonymous_1)","decl":{"start":{"line":27,"column":20},"end":{"line":27,"column":21}},"loc":{"start":{"line":27,"column":30},"end":{"line":53,"column":1}},"line":27},"2":{"name":"(anonymous_2)","decl":{"start":{"line":55,"column":26},"end":{"line":55,"column":27}},"loc":{"start":{"line":55,"column":35},"end":{"line":87,"column":1}},"line":55},"3":{"name":"(anonymous_3)","decl":{"start":{"line":60,"column":55},"end":{"line":60,"column":56}},"loc":{"start":{"line":60,"column":61},"end":{"line":60,"column":116}},"line":60},"4":{"name":"(anonymous_4)","decl":{"start":{"line":65,"column":52},"end":{"line":65,"column":53}},"loc":{"start":{"line":65,"column":58},"end":{"line":65,"column":141}},"line":65},"5":{"name":"(anonymous_5)","decl":{"start":{"line":68,"column":52},"end":{"line":68,"column":53}},"loc":{"start":{"line":68,"column":58},"end":{"line":68,"column":141}},"line":68},"6":{"name":"(anonymous_6)","decl":{"start":{"line":71,"column":52},"end":{"line":71,"column":53}},"loc":{"start":{"line":71,"column":58},"end":{"line":71,"column":141}},"line":71},"7":{"name":"(anonymous_7)","decl":{"start":{"line":75,"column":53},"end":{"line":75,"column":54}},"loc":{"start":{"line":75,"column":59},"end":{"line":75,"column":154}},"line":75}},"branchMap":{"0":{"loc":{"start":{"line":17,"column":1},"end":{"line":17,"column":43}},"type":"if","locations":[{"start":{"line":17,"column":1},"end":{"line":17,"column":43}},{"start":{"line":17,"column":1},"end":{"line":17,"column":43}}],"line":17},"1":{"loc":{"start":{"line":17,"column":4},"end":{"line":17,"column":30}},"type":"binary-expr","locations":[{"start":{"line":17,"column":4},"end":{"line":17,"column":9}},{"start":{"line":17,"column":13},"end":{"line":17,"column":30}}],"line":17},"2":{"loc":{"start":{"line":19,"column":1},"end":{"line":24,"column":2}},"type":"switch","locations":[{"start":{"line":20,"column":1},"end":{"line":23,"column":3}}],"line":19},"3":{"loc":{"start":{"line":28,"column":1},"end":{"line":31,"column":2}},"type":"if","locations":[{"start":{"line":28,"column":1},"end":{"line":31,"column":2}},{"start":{"line":28,"column":1},"end":{"line":31,"column":2}}],"line":28},"4":{"loc":{"start":{"line":28,"column":4},"end":{"line":28,"column":30}},"type":"binary-expr","locations":[{"start":{"line":28,"column":4},"end":{"line":28,"column":9}},{"start":{"line":28,"column":13},"end":{"line":28,"column":30}}],"line":28},"5":{"loc":{"start":{"line":34,"column":1},"end":{"line":44,"column":2}},"type":"switch","locations":[{"start":{"line":35,"column":1},"end":{"line":37,"column":7}},{"start":{"line":38,"column":1},"end":{"line":40,"column":7}},{"start":{"line":41,"column":1},"end":{"line":43,"column":7}}],"line":34},"6":{"loc":{"start":{"line":74,"column":4},"end":{"line":84,"column":11}},"type":"cond-expr","locations":[{"start":{"line":75,"column":4},"end":{"line":83,"column":23}},{"start":{"line":84,"column":7},"end":{"line":84,"column":11}}],"line":74}},"s":{"0":2,"1":2,"2":2,"3":2,"4":2,"5":2,"6":2,"7":2,"8":4,"9":2,"10":2,"11":2,"12":2,"13":12,"14":6,"15":6,"16":2,"17":2,"18":2,"19":2,"20":2,"21":2,"22":6,"23":2,"24":4,"25":4,"26":1,"27":1,"28":1,"29":1,"30":1},"f":{"0":4,"1":12,"2":4,"3":1,"4":1,"5":1,"6":1,"7":1},"b":{"0":[2,2],"1":[4,4],"2":[2],"3":[6,6],"4":[12,12],"5":[2,2,2],"6":[2,2]},"_coverageSchema":"1a1c01bbd47fc00a2c39e90264f33305004495a9","hash":"2f6a069df227065017bec5dd0b55f0929d1b1913"}
,"/Users/elli/Documents/pocket-ponics/packages/pocket-ponics-app/components/greenhouse/dot-scroll-menu-style.js": {"path":"/Users/elli/Documents/pocket-ponics/packages/pocket-ponics-app/components/greenhouse/dot-scroll-menu-style.js","statementMap":{},"fnMap":{},"branchMap":{},"s":{},"f":{},"b":{},"_coverageSchema":"1a1c01bbd47fc00a2c39e90264f33305004495a9","hash":"d8f30115d11bf3493c4f09eb31c03ef2c012c003"}
,"/Users/elli/Documents/pocket-ponics/packages/pocket-ponics-app/components/greenhouse/dot-scroll-menu.js": {"path":"/Users/elli/Documents/pocket-ponics/packages/pocket-ponics-app/components/greenhouse/dot-scroll-menu.js","statementMap":{"0":{"start":{"line":6,"column":22},"end":{"line":29,"column":1}},"1":{"start":{"line":7,"column":1},"end":{"line":7,"column":48}},"2":{"start":{"line":7,"column":37},"end":{"line":7,"column":48}},"3":{"start":{"line":9,"column":1},"end":{"line":28,"column":2}},"4":{"start":{"line":13,"column":5},"end":{"line":19,"column":6}},"5":{"start":{"line":14,"column":6},"end":{"line":18,"column":7}},"6":{"start":{"line":15,"column":52},"end":{"line":15,"column":73}},"7":{"start":{"line":20,"column":5},"end":{"line":24,"column":6}},"8":{"start":{"line":21,"column":51},"end":{"line":21,"column":72}}},"fnMap":{"0":{"name":"(anonymous_0)","decl":{"start":{"line":6,"column":22},"end":{"line":6,"column":23}},"loc":{"start":{"line":6,"column":31},"end":{"line":29,"column":1}},"line":6},"1":{"name":"(anonymous_1)","decl":{"start":{"line":12,"column":30},"end":{"line":12,"column":31}},"loc":{"start":{"line":12,"column":53},"end":{"line":25,"column":5}},"line":12},"2":{"name":"(anonymous_2)","decl":{"start":{"line":15,"column":46},"end":{"line":15,"column":47}},"loc":{"start":{"line":15,"column":52},"end":{"line":15,"column":73}},"line":15},"3":{"name":"(anonymous_3)","decl":{"start":{"line":21,"column":45},"end":{"line":21,"column":46}},"loc":{"start":{"line":21,"column":51},"end":{"line":21,"column":72}},"line":21}},"branchMap":{"0":{"loc":{"start":{"line":7,"column":1},"end":{"line":7,"column":48}},"type":"if","locations":[{"start":{"line":7,"column":1},"end":{"line":7,"column":48}},{"start":{"line":7,"column":1},"end":{"line":7,"column":48}}],"line":7},"1":{"loc":{"start":{"line":13,"column":5},"end":{"line":19,"column":6}},"type":"if","locations":[{"start":{"line":13,"column":5},"end":{"line":19,"column":6}},{"start":{"line":13,"column":5},"end":{"line":19,"column":6}}],"line":13},"2":{"loc":{"start":{"line":16,"column":21},"end":{"line":16,"column":74}},"type":"cond-expr","locations":[{"start":{"line":16,"column":47},"end":{"line":16,"column":61}},{"start":{"line":16,"column":64},"end":{"line":16,"column":74}}],"line":16},"3":{"loc":{"start":{"line":22,"column":20},"end":{"line":22,"column":73}},"type":"cond-expr","locations":[{"start":{"line":22,"column":46},"end":{"line":22,"column":60}},{"start":{"line":22,"column":63},"end":{"line":22,"column":73}}],"line":22}},"s":{"0":1,"1":4,"2":1,"3":3,"4":8,"5":3,"6":1,"7":5,"8":1},"f":{"0":4,"1":8,"2":1,"3":1},"b":{"0":[1,3],"1":[3,5],"2":[1,2],"3":[2,3]},"_coverageSchema":"1a1c01bbd47fc00a2c39e90264f33305004495a9","hash":"dba7a6e06e8172adf6ec3f06dcc35e2c16b21fe2"}
,"/Users/elli/Documents/pocket-ponics/packages/pocket-ponics-app/components/greenhouse/greenhouse-list.js": {"path":"/Users/elli/Documents/pocket-ponics/packages/pocket-ponics-app/components/greenhouse/greenhouse-list.js","statementMap":{"0":{"start":{"line":12,"column":20},"end":{"line":12,"column":44}},"1":{"start":{"line":14,"column":2},"end":{"line":43,"column":3}},"2":{"start":{"line":18,"column":5},"end":{"line":24,"column":6}},"3":{"start":{"line":19,"column":6},"end":{"line":23,"column":7}},"4":{"start":{"line":26,"column":5},"end":{"line":26,"column":88}}},"fnMap":{"0":{"name":"(anonymous_0)","decl":{"start":{"line":11,"column":1},"end":{"line":11,"column":2}},"loc":{"start":{"line":11,"column":10},"end":{"line":44,"column":2}},"line":11},"1":{"name":"(anonymous_1)","decl":{"start":{"line":17,"column":16},"end":{"line":17,"column":17}},"loc":{"start":{"line":17,"column":30},"end":{"line":27,"column":5}},"line":17}},"branchMap":{"0":{"loc":{"start":{"line":18,"column":5},"end":{"line":24,"column":6}},"type":"if","locations":[{"start":{"line":18,"column":5},"end":{"line":24,"column":6}},{"start":{"line":18,"column":5},"end":{"line":24,"column":6}}],"line":18}},"s":{"0":2,"1":2,"2":2,"3":1,"4":1},"f":{"0":2,"1":2},"b":{"0":[1,1]},"_coverageSchema":"1a1c01bbd47fc00a2c39e90264f33305004495a9","hash":"5f3050f82e13b565c1c545c807852ed41822bddc"}
,"/Users/elli/Documents/pocket-ponics/packages/pocket-ponics-app/components/greenhouse/history-styles.js": {"path":"/Users/elli/Documents/pocket-ponics/packages/pocket-ponics-app/components/greenhouse/history-styles.js","statementMap":{},"fnMap":{},"branchMap":{},"s":{},"f":{},"b":{},"_coverageSchema":"1a1c01bbd47fc00a2c39e90264f33305004495a9","hash":"a05b9936190b75f24da4c13ea8872ef622586775"}
,"/Users/elli/Documents/pocket-ponics/packages/pocket-ponics-app/components/greenhouse/history.js": {"path":"/Users/elli/Documents/pocket-ponics/packages/pocket-ponics-app/components/greenhouse/history.js","statementMap":{"0":{"start":{"line":8,"column":33},"end":{"line":70,"column":1}},"1":{"start":{"line":9,"column":15},"end":{"line":9,"column":17}},"2":{"start":{"line":10,"column":17},"end":{"line":10,"column":19}},"3":{"start":{"line":11,"column":18},"end":{"line":11,"column":20}},"4":{"start":{"line":12,"column":15},"end":{"line":12,"column":17}},"5":{"start":{"line":14,"column":1},"end":{"line":23,"column":3}},"6":{"start":{"line":15,"column":2},"end":{"line":15,"column":26}},"7":{"start":{"line":15,"column":20},"end":{"line":15,"column":26}},"8":{"start":{"line":17,"column":15},"end":{"line":17,"column":40}},"9":{"start":{"line":19,"column":2},"end":{"line":19,"column":54}},"10":{"start":{"line":20,"column":2},"end":{"line":20,"column":34}},"11":{"start":{"line":21,"column":2},"end":{"line":21,"column":42}},"12":{"start":{"line":22,"column":2},"end":{"line":22,"column":36}},"13":{"start":{"line":25,"column":1},"end":{"line":69,"column":2}},"14":{"start":{"line":34,"column":20},"end":{"line":34,"column":33}},"15":{"start":{"line":39,"column":20},"end":{"line":39,"column":31}},"16":{"start":{"line":44,"column":20},"end":{"line":44,"column":31}},"17":{"start":{"line":52,"column":27},"end":{"line":52,"column":50}},"18":{"start":{"line":58,"column":29},"end":{"line":58,"column":62}},"19":{"start":{"line":59,"column":23},"end":{"line":59,"column":47}}},"fnMap":{"0":{"name":"(anonymous_0)","decl":{"start":{"line":8,"column":33},"end":{"line":8,"column":34}},"loc":{"start":{"line":8,"column":42},"end":{"line":70,"column":1}},"line":8},"1":{"name":"(anonymous_1)","decl":{"start":{"line":14,"column":23},"end":{"line":14,"column":24}},"loc":{"start":{"line":14,"column":46},"end":{"line":23,"column":2}},"line":14},"2":{"name":"(anonymous_2)","decl":{"start":{"line":34,"column":14},"end":{"line":34,"column":15}},"loc":{"start":{"line":34,"column":20},"end":{"line":34,"column":33}},"line":34},"3":{"name":"(anonymous_3)","decl":{"start":{"line":39,"column":14},"end":{"line":39,"column":15}},"loc":{"start":{"line":39,"column":20},"end":{"line":39,"column":31}},"line":39},"4":{"name":"(anonymous_4)","decl":{"start":{"line":44,"column":14},"end":{"line":44,"column":15}},"loc":{"start":{"line":44,"column":20},"end":{"line":44,"column":31}},"line":44},"5":{"name":"(anonymous_5)","decl":{"start":{"line":52,"column":18},"end":{"line":52,"column":19}},"loc":{"start":{"line":52,"column":27},"end":{"line":52,"column":50}},"line":52},"6":{"name":"(anonymous_6)","decl":{"start":{"line":58,"column":12},"end":{"line":58,"column":13}},"loc":{"start":{"line":58,"column":29},"end":{"line":58,"column":62}},"line":58},"7":{"name":"(anonymous_7)","decl":{"start":{"line":59,"column":17},"end":{"line":59,"column":18}},"loc":{"start":{"line":59,"column":23},"end":{"line":59,"column":47}},"line":59}},"branchMap":{"0":{"loc":{"start":{"line":15,"column":2},"end":{"line":15,"column":26}},"type":"if","locations":[{"start":{"line":15,"column":2},"end":{"line":15,"column":26}},{"start":{"line":15,"column":2},"end":{"line":15,"column":26}}],"line":15},"1":{"loc":{"start":{"line":58,"column":13},"end":{"line":58,"column":24}},"type":"default-arg","locations":[{"start":{"line":58,"column":23},"end":{"line":58,"column":24}}],"line":58}},"s":{"0":2,"1":1,"2":1,"3":1,"4":1,"5":1,"6":3,"7":2,"8":1,"9":1,"10":1,"11":1,"12":1,"13":1,"14":3,"15":3,"16":3,"17":4,"18":6,"19":8},"f":{"0":1,"1":3,"2":3,"3":3,"4":3,"5":4,"6":6,"7":8},"b":{"0":[2,1],"1":[1]},"_coverageSchema":"1a1c01bbd47fc00a2c39e90264f33305004495a9","hash":"559c2b73fe1ec5bc369504ad836b9cd472fa8659"}
,"/Users/elli/Documents/pocket-ponics/packages/pocket-ponics-app/components/greenhouse/new-greenhouse-styles.js": {"path":"/Users/elli/Documents/pocket-ponics/packages/pocket-ponics-app/components/greenhouse/new-greenhouse-styles.js","statementMap":{},"fnMap":{},"branchMap":{},"s":{},"f":{},"b":{},"_coverageSchema":"1a1c01bbd47fc00a2c39e90264f33305004495a9","hash":"1c717ed3e1ec194f5f8d1452d1af2c4fa7ed0627"}
,"/Users/elli/Documents/pocket-ponics/packages/pocket-ponics-app/components/greenhouse/new-greenhouse.js": {"path":"/Users/elli/Documents/pocket-ponics/packages/pocket-ponics-app/components/greenhouse/new-greenhouse.js","statementMap":{"0":{"start":{"line":7,"column":15},"end":{"line":7,"column":49}},"1":{"start":{"line":11,"column":22},"end":{"line":17,"column":4}},"2":{"start":{"line":18,"column":2},"end":{"line":18,"column":45}},"3":{"start":{"line":22,"column":20},"end":{"line":22,"column":44}},"4":{"start":{"line":23,"column":2},"end":{"line":35,"column":3}}},"fnMap":{"0":{"name":"(anonymous_0)","decl":{"start":{"line":10,"column":1},"end":{"line":10,"column":2}},"loc":{"start":{"line":10,"column":12},"end":{"line":19,"column":2}},"line":10},"1":{"name":"(anonymous_1)","decl":{"start":{"line":21,"column":1},"end":{"line":21,"column":2}},"loc":{"start":{"line":21,"column":10},"end":{"line":36,"column":2}},"line":21}},"branchMap":{},"s":{"0":1,"1":0,"2":0,"3":0,"4":0},"f":{"0":0,"1":0},"b":{},"_coverageSchema":"1a1c01bbd47fc00a2c39e90264f33305004495a9","hash":"c73bf15e77f325aa730114757f387453d1bae700"}
,"/Users/elli/Documents/pocket-ponics/packages/pocket-ponics-app/components/greenhouse/stats-styles.js": {"path":"/Users/elli/Documents/pocket-ponics/packages/pocket-ponics-app/components/greenhouse/stats-styles.js","statementMap":{},"fnMap":{},"branchMap":{},"s":{},"f":{},"b":{},"_coverageSchema":"1a1c01bbd47fc00a2c39e90264f33305004495a9","hash":"e58a9ecea0e3079bd9d06d04df9ce6b73b98ed04"}
,"/Users/elli/Documents/pocket-ponics/packages/pocket-ponics-app/components/greenhouse/stats.js": {"path":"/Users/elli/Documents/pocket-ponics/packages/pocket-ponics-app/components/greenhouse/stats.js","statementMap":{"0":{"start":{"line":6,"column":17},"end":{"line":6,"column":53}},"1":{"start":{"line":7,"column":18},"end":{"line":7,"column":55}},"2":{"start":{"line":8,"column":18},"end":{"line":8,"column":55}},"3":{"start":{"line":9,"column":19},"end":{"line":9,"column":57}},"4":{"start":{"line":10,"column":15},"end":{"line":10,"column":49}},"5":{"start":{"line":11,"column":16},"end":{"line":11,"column":51}},"6":{"start":{"line":12,"column":16},"end":{"line":12,"column":51}},"7":{"start":{"line":13,"column":17},"end":{"line":13,"column":53}},"8":{"start":{"line":14,"column":18},"end":{"line":14,"column":55}},"9":{"start":{"line":15,"column":19},"end":{"line":15,"column":57}},"10":{"start":{"line":16,"column":19},"end":{"line":16,"column":57}},"11":{"start":{"line":17,"column":20},"end":{"line":17,"column":59}},"12":{"start":{"line":19,"column":16},"end":{"line":19,"column":60}},"13":{"start":{"line":20,"column":14},"end":{"line":20,"column":50}},"14":{"start":{"line":21,"column":17},"end":{"line":21,"column":65}},"15":{"start":{"line":23,"column":27},"end":{"line":34,"column":1}},"16":{"start":{"line":24,"column":1},"end":{"line":26,"column":2}},"17":{"start":{"line":25,"column":2},"end":{"line":25,"column":22}},"18":{"start":{"line":27,"column":1},"end":{"line":29,"column":2}},"19":{"start":{"line":28,"column":2},"end":{"line":28,"column":22}},"20":{"start":{"line":30,"column":1},"end":{"line":32,"column":2}},"21":{"start":{"line":31,"column":2},"end":{"line":31,"column":22}},"22":{"start":{"line":33,"column":1},"end":{"line":33,"column":21}},"23":{"start":{"line":36,"column":31},"end":{"line":54,"column":1}},"24":{"start":{"line":37,"column":1},"end":{"line":53,"column":2}}},"fnMap":{"0":{"name":"(anonymous_0)","decl":{"start":{"line":23,"column":27},"end":{"line":23,"column":28}},"loc":{"start":{"line":23,"column":52},"end":{"line":34,"column":1}},"line":23},"1":{"name":"(anonymous_1)","decl":{"start":{"line":36,"column":31},"end":{"line":36,"column":32}},"loc":{"start":{"line":36,"column":40},"end":{"line":54,"column":1}},"line":36}},"branchMap":{"0":{"loc":{"start":{"line":24,"column":1},"end":{"line":26,"column":2}},"type":"if","locations":[{"start":{"line":24,"column":1},"end":{"line":26,"column":2}},{"start":{"line":24,"column":1},"end":{"line":26,"column":2}}],"line":24},"1":{"loc":{"start":{"line":27,"column":1},"end":{"line":29,"column":2}},"type":"if","locations":[{"start":{"line":27,"column":1},"end":{"line":29,"column":2}},{"start":{"line":27,"column":1},"end":{"line":29,"column":2}}],"line":27},"2":{"loc":{"start":{"line":30,"column":1},"end":{"line":32,"column":2}},"type":"if","locations":[{"start":{"line":30,"column":1},"end":{"line":32,"column":2}},{"start":{"line":30,"column":1},"end":{"line":32,"column":2}}],"line":30}},"s":{"0":1,"1":1,"2":1,"3":1,"4":1,"5":1,"6":1,"7":1,"8":1,"9":1,"10":1,"11":1,"12":1,"13":1,"14":1,"15":1,"16":0,"17":0,"18":0,"19":0,"20":0,"21":0,"22":0,"23":1,"24":0},"f":{"0":0,"1":0},"b":{"0":[0,0],"1":[0,0],"2":[0,0]},"_coverageSchema":"1a1c01bbd47fc00a2c39e90264f33305004495a9","hash":"ad69ad4b7b4bdead6352a262d4e03cc5c5160e8e"}
,"/Users/elli/Documents/pocket-ponics/packages/pocket-ponics-app/components/greenhouse/swipeable-styles.js": {"path":"/Users/elli/Documents/pocket-ponics/packages/pocket-ponics-app/components/greenhouse/swipeable-styles.js","statementMap":{"0":{"start":{"line":4,"column":18},"end":{"line":4,"column":42}},"1":{"start":{"line":6,"column":15},"end":{"line":19,"column":2}}},"fnMap":{},"branchMap":{},"s":{"0":1,"1":1},"f":{},"b":{},"_coverageSchema":"1a1c01bbd47fc00a2c39e90264f33305004495a9","hash":"2cd14635bdda9a1d6f63ec0de9752d226d35a1c0"}
,"/Users/elli/Documents/pocket-ponics/packages/pocket-ponics-app/components/greenhouse/swipeable.js": {"path":"/Users/elli/Documents/pocket-ponics/packages/pocket-ponics-app/components/greenhouse/swipeable.js","statementMap":{"0":{"start":{"line":12,"column":2},"end":{"line":12,"column":14}},"1":{"start":{"line":14,"column":2},"end":{"line":14,"column":36}},"2":{"start":{"line":18,"column":2},"end":{"line":22,"column":3}},"3":{"start":{"line":26,"column":2},"end":{"line":41,"column":3}}},"fnMap":{"0":{"name":"(anonymous_0)","decl":{"start":{"line":11,"column":1},"end":{"line":11,"column":2}},"loc":{"start":{"line":11,"column":20},"end":{"line":15,"column":2}},"line":11},"1":{"name":"(anonymous_1)","decl":{"start":{"line":17,"column":1},"end":{"line":17,"column":2}},"loc":{"start":{"line":17,"column":12},"end":{"line":23,"column":2}},"line":17},"2":{"name":"(anonymous_2)","decl":{"start":{"line":25,"column":1},"end":{"line":25,"column":2}},"loc":{"start":{"line":25,"column":10},"end":{"line":42,"column":2}},"line":25}},"branchMap":{"0":{"loc":{"start":{"line":38,"column":35},"end":{"line":38,"column":56}},"type":"binary-expr","locations":[{"start":{"line":38,"column":35},"end":{"line":38,"column":50}},{"start":{"line":38,"column":54},"end":{"line":38,"column":56}}],"line":38}},"s":{"0":0,"1":0,"2":0,"3":0},"f":{"0":0,"1":0,"2":0},"b":{"0":[0,0]},"_coverageSchema":"1a1c01bbd47fc00a2c39e90264f33305004495a9","hash":"cc2bf046d817a7ceda5cd0a032bd5cc598137b47"}
,"/Users/elli/Documents/pocket-ponics/packages/pocket-ponics-app/util/constants.js": {"path":"/Users/elli/Documents/pocket-ponics/packages/pocket-ponics-app/util/constants.js","statementMap":{"0":{"start":{"line":1,"column":25},"end":{"line":1,"column":26}},"1":{"start":{"line":2,"column":28},"end":{"line":2,"column":29}},"2":{"start":{"line":3,"column":26},"end":{"line":3,"column":27}},"3":{"start":{"line":4,"column":25},"end":{"line":4,"column":26}},"4":{"start":{"line":6,"column":29},"end":{"line":14,"column":2}},"5":{"start":{"line":15,"column":32},"end":{"line":23,"column":2}},"6":{"start":{"line":24,"column":30},"end":{"line":32,"column":2}},"7":{"start":{"line":33,"column":29},"end":{"line":41,"column":2}},"8":{"start":{"line":43,"column":32},"end":{"line":43,"column":41}},"9":{"start":{"line":44,"column":26},"end":{"line":44,"column":35}},"10":{"start":{"line":45,"column":28},"end":{"line":45,"column":37}},"11":{"start":{"line":46,"column":27},"end":{"line":46,"column":36}},"12":{"start":{"line":47,"column":29},"end":{"line":47,"column":38}},"13":{"start":{"line":48,"column":27},"end":{"line":48,"column":36}},"14":{"start":{"line":50,"column":23},"end":{"line":50,"column":42}}},"fnMap":{},"branchMap":{},"s":{"0":4,"1":4,"2":4,"3":4,"4":4,"5":4,"6":4,"7":4,"8":4,"9":4,"10":4,"11":4,"12":4,"13":4,"14":4},"f":{},"b":{},"_coverageSchema":"1a1c01bbd47fc00a2c39e90264f33305004495a9","hash":"6a608b0e72899852bf1b8b991a232ffb641f1058"}
}
