TN:
SF:components/greenhouse/display-styles.js
FNF:0
FNH:0
LF:0
LH:0
BRF:0
BRH:0
end_of_record
TN:
SF:components/greenhouse/display.js
FN:16,(anonymous_0)
FN:27,(anonymous_1)
FN:55,(anonymous_2)
FN:60,(anonymous_3)
FN:65,(anonymous_4)
FN:68,(anonymous_5)
FN:71,(anonymous_6)
FN:75,(anonymous_7)
FNF:8
FNH:8
FNDA:6,(anonymous_0)
FNDA:18,(anonymous_1)
FNDA:6,(anonymous_2)
FNDA:1,(anonymous_3)
FNDA:1,(anonymous_4)
FNDA:1,(anonymous_5)
FNDA:1,(anonymous_6)
FNDA:1,(anonymous_7)
DA:7,5
DA:8,5
DA:9,5
DA:10,5
DA:11,5
DA:12,5
DA:13,5
DA:16,5
DA:17,6
DA:19,2
DA:21,2
DA:27,5
DA:28,18
DA:34,6
DA:36,2
DA:37,2
DA:39,2
DA:40,2
DA:42,2
DA:43,2
DA:46,6
DA:55,5
DA:56,6
DA:58,6
DA:60,1
DA:65,1
DA:68,1
DA:71,1
DA:75,1
LF:29
LH:29
BRDA:17,0,0,4
BRDA:17,0,1,2
BRDA:17,1,0,6
BRDA:17,1,1,5
BRDA:19,2,0,2
BRDA:28,3,0,12
BRDA:28,3,1,6
BRDA:28,4,0,18
BRDA:28,4,1,15
BRDA:34,5,0,2
BRDA:34,5,1,2
BRDA:34,5,2,2
BRDA:74,6,0,2
BRDA:74,6,1,4
BRF:14
BRH:14
end_of_record
TN:
SF:components/greenhouse/dot-scroll-menu-style.js
FNF:0
FNH:0
LF:0
LH:0
BRF:0
BRH:0
end_of_record
TN:
SF:components/greenhouse/dot-scroll-menu.js
FN:6,(anonymous_0)
FN:12,(anonymous_1)
FN:15,(anonymous_2)
FN:21,(anonymous_3)
FNF:4
FNH:4
FNDA:7,(anonymous_0)
FNDA:10,(anonymous_1)
FNDA:1,(anonymous_2)
FNDA:1,(anonymous_3)
DA:6,2
DA:7,7
DA:9,4
DA:13,10
DA:14,4
DA:15,1
DA:20,6
DA:21,1
LF:8
LH:8
BRDA:7,0,0,3
BRDA:7,0,1,4
BRDA:13,1,0,4
BRDA:13,1,1,6
BRDA:16,2,0,1
BRDA:16,2,1,3
BRDA:22,3,0,3
BRDA:22,3,1,3
BRF:8
BRH:8
end_of_record
TN:
SF:components/greenhouse/greenhouse-list.js
FN:11,(anonymous_0)
FN:17,(anonymous_1)
FNF:2
FNH:2
FNDA:5,(anonymous_0)
FNDA:2,(anonymous_1)
DA:12,5
DA:14,5
DA:18,2
DA:19,1
DA:26,1
LF:5
LH:5
BRDA:18,0,0,1
BRDA:18,0,1,1
BRF:2
BRH:2
end_of_record
TN:
SF:components/greenhouse/history-styles.js
FNF:0
FNH:0
LF:0
LH:0
BRF:0
BRH:0
end_of_record
TN:
SF:components/greenhouse/history.js
FN:8,(anonymous_0)
FN:14,(anonymous_1)
FN:34,(anonymous_2)
FN:39,(anonymous_3)
FN:44,(anonymous_4)
FN:52,(anonymous_5)
FN:58,(anonymous_6)
FN:59,(anonymous_7)
FNF:8
FNH:8
FNDA:2,(anonymous_0)
FNDA:3,(anonymous_1)
FNDA:5,(anonymous_2)
FNDA:5,(anonymous_3)
FNDA:5,(anonymous_4)
FNDA:8,(anonymous_5)
FNDA:11,(anonymous_6)
FNDA:15,(anonymous_7)
DA:8,4
DA:9,2
DA:10,2
DA:11,2
DA:12,2
DA:14,2
DA:15,3
DA:17,1
DA:19,1
DA:20,1
DA:21,1
DA:22,1
DA:25,2
DA:34,5
DA:39,5
DA:44,5
DA:52,8
DA:58,11
DA:59,15
LF:19
LH:19
BRDA:15,0,0,2
BRDA:15,0,1,1
BRDA:58,1,0,2
BRF:3
BRH:3
end_of_record
TN:
SF:components/greenhouse/new-greenhouse-styles.js
FNF:0
FNH:0
LF:0
LH:0
BRF:0
BRH:0
end_of_record
TN:
SF:components/greenhouse/new-greenhouse.js
FN:10,(anonymous_0)
FN:21,(anonymous_1)
FNF:2
FNH:2
FNDA:1,(anonymous_0)
FNDA:2,(anonymous_1)
DA:7,3
DA:11,1
DA:18,1
DA:22,2
DA:23,2
LF:5
LH:5
BRF:0
BRH:0
end_of_record
TN:
SF:components/greenhouse/stats-styles.js
FNF:0
FNH:0
LF:0
LH:0
BRF:0
BRH:0
end_of_record
TN:
SF:components/greenhouse/stats.js
FN:23,(anonymous_0)
FN:36,(anonymous_1)
FNF:2
FNH:2
FNDA:9,(anonymous_0)
FNDA:3,(anonymous_1)
DA:6,4
DA:7,4
DA:8,4
DA:9,4
DA:10,4
DA:11,4
DA:12,4
DA:13,4
DA:14,4
DA:15,4
DA:16,4
DA:17,4
DA:19,4
DA:20,4
DA:21,4
DA:23,4
DA:24,9
DA:25,1
DA:27,8
DA:28,3
DA:30,5
DA:31,1
DA:33,4
DA:36,4
DA:37,3
LF:25
LH:25
BRDA:24,0,0,1
BRDA:24,0,1,8
BRDA:27,1,0,3
BRDA:27,1,1,5
BRDA:30,2,0,1
BRDA:30,2,1,4
BRF:6
BRH:6
end_of_record
TN:
SF:components/greenhouse/swipeable-styles.js
FNF:0
FNH:0
DA:4,3
DA:6,3
LF:2
LH:2
BRF:0
BRH:0
end_of_record
TN:
SF:components/greenhouse/swipeable.js
FN:11,(anonymous_0)
FN:19,(anonymous_1)
FNF:2
FNH:2
FNDA:1,(anonymous_0)
FNDA:1,(anonymous_1)
DA:12,1
DA:20,1
LF:2
LH:2
BRF:0
BRH:0
end_of_record
TN:
SF:screens/auth-loading-screen-styles.js
FNF:0
FNH:0
DA:3,1
LF:1
LH:1
BRF:0
BRH:0
end_of_record
TN:
SF:screens/auth-loading-screen.js
FN:10,(anonymous_0)
FN:19,(anonymous_1)
FN:20,(anonymous_2)
FN:20,(anonymous_3)
FN:23,(anonymous_4)
FNF:5
FNH:5
FNDA:2,(anonymous_0)
FNDA:2,(anonymous_1)
FNDA:1,(anonymous_2)
FNDA:1,(anonymous_3)
FNDA:2,(anonymous_4)
DA:7,1
DA:11,2
DA:13,2
DA:20,2
DA:24,2
LF:5
LH:5
BRF:0
BRH:0
end_of_record
TN:
SF:screens/change-password-screen.js
FN:22,(anonymous_0)
FN:37,(anonymous_1)
FN:41,(anonymous_2)
FN:45,(anonymous_3)
FN:49,(anonymous_4)
FN:64,(anonymous_5)
FN:75,(anonymous_6)
FN:76,(anonymous_7)
FN:81,(anonymous_8)
FNF:9
FNH:9
FNDA:6,(anonymous_0)
FNDA:1,(anonymous_1)
FNDA:5,(anonymous_2)
FNDA:4,(anonymous_3)
FNDA:4,(anonymous_4)
FNDA:2,(anonymous_5)
FNDA:1,(anonymous_6)
FNDA:1,(anonymous_7)
FNDA:16,(anonymous_8)
DA:19,1
DA:23,6
DA:25,6
DA:31,6
DA:32,6
DA:33,6
DA:34,6
DA:38,1
DA:42,5
DA:46,4
DA:50,4
DA:51,1
DA:52,1
DA:55,3
DA:56,1
DA:57,1
DA:60,2
DA:61,2
DA:63,2
DA:65,2
DA:66,1
DA:67,1
DA:70,1
DA:75,1
DA:77,1
DA:82,16
DA:84,16
LF:27
LH:27
BRDA:50,0,0,1
BRDA:50,0,1,3
BRDA:55,1,0,1
BRDA:55,1,1,2
BRDA:65,2,0,1
BRDA:65,2,1,1
BRDA:82,3,0,7
BRDA:82,3,1,9
BRDA:85,4,0,2
BRDA:85,4,1,14
BRF:10
BRH:10
end_of_record
TN:
SF:screens/fill-nutrients-screen.js
FN:14,(anonymous_0)
FN:24,(anonymous_1)
FN:28,(anonymous_2)
FNF:3
FNH:3
FNDA:1,(anonymous_0)
FNDA:1,(anonymous_1)
FNDA:3,(anonymous_2)
DA:7,1
DA:10,1
DA:15,1
DA:21,1
DA:25,1
DA:29,3
LF:6
LH:6
BRF:0
BRH:0
end_of_record
TN:
SF:screens/fill-water-screen.js
FN:14,(anonymous_0)
FN:24,(anonymous_1)
FN:28,(anonymous_2)
FNF:3
FNH:3
FNDA:1,(anonymous_0)
FNDA:1,(anonymous_1)
FNDA:3,(anonymous_2)
DA:7,1
DA:10,1
DA:15,1
DA:21,1
DA:25,1
DA:29,3
LF:6
LH:6
BRF:0
BRH:0
end_of_record
TN:
SF:screens/greenhouse-screen-styles.js
FNF:0
FNH:0
DA:4,1
LF:1
LH:1
BRF:0
BRH:0
end_of_record
TN:
SF:screens/greenhouse-screen.js
FN:10,(anonymous_0)
FN:13,(anonymous_1)
FN:14,(anonymous_2)
FN:21,(anonymous_3)
FN:32,(anonymous_4)
FN:42,(anonymous_5)
FN:51,(anonymous_6)
FN:58,(anonymous_7)
FN:63,(anonymous_8)
FNF:9
FNH:9
FNDA:1,(anonymous_0)
FNDA:1,(anonymous_1)
FNDA:1,(anonymous_2)
FNDA:3,(anonymous_3)
FNDA:4,(anonymous_4)
FNDA:3,(anonymous_5)
FNDA:4,(anonymous_6)
FNDA:1,(anonymous_7)
FNDA:4,(anonymous_8)
DA:10,1
DA:11,1
DA:14,1
DA:22,3
DA:24,3
DA:25,3
DA:32,4
DA:33,3
DA:35,3
DA:42,3
DA:43,3
DA:44,3
DA:51,4
DA:52,3
DA:54,3
DA:59,1
DA:60,1
DA:64,4
LF:18
LH:18
BRDA:33,0,0,1
BRDA:33,0,1,2
BRDA:52,1,0,1
BRDA:52,1,1,2
BRF:4
BRH:4
end_of_record
TN:
SF:screens/harvest-instruction-screen.js
FN:24,(anonymous_0)
FN:37,(anonymous_1)
FN:42,(anonymous_2)
FN:48,(anonymous_3)
FNF:4
FNH:4
FNDA:6,(anonymous_0)
FNDA:6,(anonymous_1)
FNDA:2,(anonymous_2)
FNDA:6,(anonymous_3)
DA:18,1
DA:19,1
DA:20,1
DA:21,1
DA:25,6
DA:27,1
DA:29,1
DA:31,2
DA:33,2
DA:38,6
DA:39,6
DA:43,2
DA:45,1
DA:49,6
DA:50,6
LF:15
LH:15
BRDA:25,0,0,1
BRDA:25,0,1,1
BRDA:25,0,2,2
BRDA:25,0,3,2
BRDA:38,1,0,6
BRDA:38,1,1,6
BRDA:43,2,0,1
BRDA:43,2,1,1
BRF:8
BRH:8
end_of_record
TN:
SF:screens/login-screen.js
FN:23,(anonymous_0)
FN:37,(anonymous_1)
FN:41,(anonymous_2)
FN:45,(anonymous_3)
FN:53,(anonymous_4)
FN:56,(anonymous_5)
FN:60,(anonymous_6)
FN:93,(anonymous_7)
FN:96,(anonymous_8)
FNF:9
FNH:9
FNDA:4,(anonymous_0)
FNDA:2,(anonymous_1)
FNDA:2,(anonymous_2)
FNDA:2,(anonymous_3)
FNDA:1,(anonymous_4)
FNDA:9,(anonymous_5)
FNDA:1,(anonymous_6)
FNDA:1,(anonymous_7)
FNDA:1,(anonymous_8)
DA:20,1
DA:24,4
DA:26,4
DA:32,4
DA:33,4
DA:34,4
DA:38,2
DA:42,2
DA:46,2
DA:47,1
DA:48,1
DA:51,1
DA:53,1
DA:57,9
DA:60,1
DA:93,1
DA:96,1
LF:17
LH:17
BRDA:46,0,0,1
BRDA:46,0,1,1
BRDA:46,1,0,2
BRDA:46,1,1,2
BRDA:58,2,0,8
BRDA:58,2,1,1
BRF:6
BRH:6
end_of_record
TN:
SF:screens/login-styles.js
FNF:0
FNH:0
DA:7,5
DA:9,5
LF:2
LH:2
BRF:0
BRH:0
end_of_record
TN:
SF:screens/ml-camera-screen.js
FN:18,(anonymous_0)
FN:36,(anonymous_1)
FN:42,(anonymous_2)
FN:43,(anonymous_3)
FN:45,(anonymous_4)
FN:46,(anonymous_5)
FN:57,(anonymous_6)
FN:62,(anonymous_7)
FN:69,(anonymous_8)
FN:70,(anonymous_9)
FN:76,(anonymous_10)
FN:89,(anonymous_11)
FN:92,(anonymous_12)
FN:97,(anonymous_13)
FNF:14
FNH:1
FNDA:0,(anonymous_0)
FNDA:1,(anonymous_1)
FNDA:0,(anonymous_2)
FNDA:0,(anonymous_3)
FNDA:0,(anonymous_4)
FNDA:0,(anonymous_5)
FNDA:0,(anonymous_6)
FNDA:0,(anonymous_7)
FNDA:0,(anonymous_8)
FNDA:0,(anonymous_9)
FNDA:0,(anonymous_10)
FNDA:0,(anonymous_11)
FNDA:0,(anonymous_12)
FNDA:0,(anonymous_13)
DA:18,1
DA:19,0
DA:20,0
DA:21,0
DA:28,0
DA:36,1
DA:37,1
DA:38,1
DA:39,1
DA:40,1
DA:42,1
DA:43,0
DA:44,0
DA:45,0
DA:46,0
DA:50,1
DA:51,1
DA:53,0
DA:54,0
DA:57,0
DA:58,0
DA:59,0
DA:61,0
DA:63,0
DA:69,0
DA:71,0
DA:72,0
DA:73,0
DA:74,0
DA:77,0
DA:78,0
DA:79,0
DA:80,0
DA:84,0
DA:89,0
DA:92,0
DA:97,0
LF:37
LH:9
BRDA:19,0,0,0
BRDA:19,0,1,0
BRDA:20,1,0,0
BRDA:20,1,1,0
BRDA:20,2,0,0
BRDA:20,2,1,0
BRDA:50,3,0,1
BRDA:50,3,1,0
BRDA:53,4,0,0
BRDA:53,4,1,0
BRDA:90,5,0,0
BRDA:90,5,1,0
BRF:12
BRH:1
end_of_record
TN:
SF:screens/ml-camera-styles.js
FNF:0
FNH:0
DA:4,1
LF:1
LH:1
BRF:0
BRH:0
end_of_record
TN:
SF:screens/network-connection-screen.js
FN:16,(anonymous_0)
FN:25,(anonymous_1)
FN:29,(anonymous_2)
FN:31,(anonymous_3)
FN:37,(anonymous_4)
FN:38,(anonymous_5)
FN:49,(anonymous_6)
FN:52,(anonymous_7)
FNF:8
FNH:2
FNDA:1,(anonymous_0)
FNDA:0,(anonymous_1)
FNDA:0,(anonymous_2)
FNDA:0,(anonymous_3)
FNDA:0,(anonymous_4)
FNDA:0,(anonymous_5)
FNDA:0,(anonymous_6)
FNDA:1,(anonymous_7)
DA:9,1
DA:12,1
DA:17,1
DA:19,1
DA:26,0
DA:30,0
DA:32,0
DA:37,0
DA:39,0
DA:40,0
DA:47,0
DA:49,0
DA:53,1
LF:13
LH:5
BRF:0
BRH:0
end_of_record
TN:
SF:screens/profile-screen.js
FN:11,(anonymous_0)
FN:12,(anonymous_1)
FN:27,(anonymous_2)
FN:28,(anonymous_3)
FN:39,(anonymous_4)
FNF:5
FNH:1
FNDA:0,(anonymous_0)
FNDA:0,(anonymous_1)
FNDA:0,(anonymous_2)
FNDA:0,(anonymous_3)
FNDA:1,(anonymous_4)
DA:7,1
DA:12,0
DA:13,0
DA:14,0
DA:15,0
DA:16,0
DA:17,0
DA:22,0
DA:28,0
DA:29,0
DA:30,0
DA:31,0
DA:32,0
DA:34,0
DA:40,1
DA:41,1
DA:43,1
DA:45,1
LF:18
LH:5
BRF:0
BRH:0
end_of_record
TN:
SF:screens/purple-light-screen.js
FN:14,(anonymous_0)
FN:24,(anonymous_1)
FN:28,(anonymous_2)
FNF:3
FNH:1
FNDA:0,(anonymous_0)
FNDA:0,(anonymous_1)
FNDA:1,(anonymous_2)
DA:7,1
DA:10,1
DA:15,0
DA:21,0
DA:25,0
DA:29,1
LF:6
LH:3
BRF:0
BRH:0
end_of_record
TN:
SF:screens/replant-screen.js
FN:20,(anonymous_0)
FN:29,(anonymous_1)
FN:34,(anonymous_2)
FN:46,(anonymous_3)
FN:60,(anonymous_4)
FN:73,(anonymous_5)
FN:87,(anonymous_6)
FN:93,(anonymous_7)
FNF:8
FNH:1
FNDA:0,(anonymous_0)
FNDA:0,(anonymous_1)
FNDA:0,(anonymous_2)
FNDA:0,(anonymous_3)
FNDA:0,(anonymous_4)
FNDA:1,(anonymous_5)
FNDA:0,(anonymous_6)
FNDA:0,(anonymous_7)
DA:14,1
DA:15,1
DA:16,1
DA:17,1
DA:21,0
DA:23,0
DA:24,0
DA:25,0
DA:26,0
DA:28,0
DA:30,0
DA:31,0
DA:32,0
DA:35,0
DA:36,0
DA:37,0
DA:38,0
DA:41,0
DA:42,0
DA:43,0
DA:44,0
DA:47,0
DA:49,0
DA:50,0
DA:51,0
DA:52,0
DA:53,0
DA:54,0
DA:55,0
DA:56,0
DA:61,0
DA:63,0
DA:65,0
DA:67,0
DA:69,0
DA:74,1
DA:75,1
DA:76,1
DA:77,1
DA:79,1
DA:88,0
DA:93,0
LF:42
LH:9
BRDA:32,0,0,0
BRDA:32,0,1,0
BRDA:61,1,0,0
BRDA:61,1,1,0
BRDA:61,1,2,0
BRDA:61,1,3,0
BRDA:75,2,0,1
BRDA:75,2,1,1
BRDA:76,3,0,1
BRDA:76,3,1,1
BRF:10
BRH:4
end_of_record
TN:
SF:screens/reset-password-screen.js
FN:24,(anonymous_0)
FN:36,(anonymous_1)
FN:40,(anonymous_2)
FN:49,(anonymous_3)
FN:50,(anonymous_4)
FN:51,(anonymous_5)
FN:54,(anonymous_6)
FN:74,(anonymous_7)
FNF:8
FNH:2
FNDA:1,(anonymous_0)
FNDA:0,(anonymous_1)
FNDA:0,(anonymous_2)
FNDA:0,(anonymous_3)
FNDA:0,(anonymous_4)
FNDA:0,(anonymous_5)
FNDA:1,(anonymous_6)
FNDA:0,(anonymous_7)
DA:21,1
DA:25,1
DA:27,1
DA:32,1
DA:33,1
DA:37,0
DA:41,0
DA:42,0
DA:43,0
DA:46,0
DA:48,0
DA:49,0
DA:50,0
DA:51,0
DA:55,1
DA:74,0
LF:16
LH:6
BRDA:41,0,0,0
BRDA:41,0,1,0
BRDA:56,1,0,1
BRDA:56,1,1,0
BRF:4
BRH:1
end_of_record
TN:
SF:screens/seedlings-screen-styles.js
FNF:0
FNH:0
DA:4,1
LF:1
LH:1
BRF:0
BRH:0
end_of_record
TN:
SF:screens/seedlings-screen.js
FN:17,(anonymous_0)
FN:28,(anonymous_1)
FN:32,(anonymous_2)
FN:83,(anonymous_3)
FNF:4
FNH:3
FNDA:1,(anonymous_0)
FNDA:3,(anonymous_1)
FNDA:1,(anonymous_2)
FNDA:0,(anonymous_3)
DA:14,1
DA:18,1
DA:20,1
DA:21,1
DA:23,1
DA:29,3
DA:33,1
DA:34,1
DA:35,0
DA:45,1
DA:46,1
DA:48,1
DA:49,1
DA:50,1
DA:51,1
DA:53,1
DA:54,1
DA:55,1
DA:57,1
DA:58,1
DA:60,1
DA:83,0
LF:22
LH:20
BRDA:21,0,0,1
BRDA:21,0,1,1
BRDA:34,1,0,0
BRDA:34,1,1,1
BRDA:82,2,0,0
BRDA:82,2,1,1
BRF:6
BRH:4
end_of_record
TN:
SF:screens/server-screen.js
FN:23,(anonymous_0)
FN:48,(anonymous_1)
FN:52,(anonymous_2)
FN:57,(anonymous_3)
FN:61,(anonymous_4)
FN:65,(anonymous_5)
FN:73,(anonymous_6)
FN:76,(anonymous_7)
FN:77,(anonymous_8)
FN:90,(anonymous_9)
FN:95,(anonymous_10)
FN:102,(anonymous_11)
FN:106,(anonymous_12)
FN:121,(anonymous_13)
FN:134,(anonymous_14)
FN:163,(anonymous_15)
FN:172,(anonymous_16)
FN:173,(anonymous_17)
FNF:18
FNH:8
FNDA:1,(anonymous_0)
FNDA:0,(anonymous_1)
FNDA:0,(anonymous_2)
FNDA:0,(anonymous_3)
FNDA:0,(anonymous_4)
FNDA:0,(anonymous_5)
FNDA:0,(anonymous_6)
FNDA:0,(anonymous_7)
FNDA:0,(anonymous_8)
FNDA:1,(anonymous_9)
FNDA:0,(anonymous_10)
FNDA:1,(anonymous_11)
FNDA:0,(anonymous_12)
FNDA:1,(anonymous_13)
FNDA:1,(anonymous_14)
FNDA:1,(anonymous_15)
FNDA:1,(anonymous_16)
FNDA:1,(anonymous_17)
DA:24,1
DA:26,1
DA:39,1
DA:40,1
DA:41,1
DA:42,1
DA:43,1
DA:44,1
DA:45,1
DA:49,0
DA:53,0
DA:54,0
DA:58,0
DA:62,0
DA:66,0
DA:67,0
DA:68,0
DA:71,0
DA:73,0
DA:77,0
DA:91,1
DA:92,0
DA:94,0
DA:95,0
DA:103,1
DA:107,0
DA:109,0
DA:110,0
DA:112,0
DA:115,0
DA:116,0
DA:118,0
DA:122,1
DA:123,1
DA:135,1
DA:164,1
DA:165,1
DA:172,1
DA:173,1
LF:39
LH:18
BRDA:66,0,0,0
BRDA:66,0,1,0
BRDA:66,1,0,0
BRDA:66,1,1,0
BRDA:92,2,0,0
BRDA:92,2,1,0
BRDA:94,3,0,0
BRDA:94,3,1,0
BRDA:109,4,0,0
BRDA:109,4,1,0
BRDA:125,5,0,1
BRDA:125,5,1,0
BRDA:166,6,0,1
BRDA:166,6,1,0
BRF:14
BRH:2
end_of_record
TN:
SF:screens/setup-styles.js
FNF:0
FNH:0
DA:4,12
DA:5,12
LF:2
LH:2
BRF:0
BRH:0
end_of_record
TN:
SF:screens/signup-screen.js
FN:26,(anonymous_0)
FN:42,(anonymous_1)
FN:46,(anonymous_2)
FN:50,(anonymous_3)
FN:54,(anonymous_4)
FN:75,(anonymous_5)
FN:127,(anonymous_6)
FNF:7
FNH:2
FNDA:1,(anonymous_0)
FNDA:0,(anonymous_1)
FNDA:0,(anonymous_2)
FNDA:0,(anonymous_3)
FNDA:0,(anonymous_4)
FNDA:1,(anonymous_5)
FNDA:0,(anonymous_6)
DA:22,1
DA:23,1
DA:27,1
DA:29,1
DA:36,1
DA:37,1
DA:38,1
DA:39,1
DA:43,0
DA:47,0
DA:51,0
DA:55,0
DA:56,0
DA:57,0
DA:60,0
DA:61,0
DA:62,0
DA:65,0
DA:66,0
DA:67,0
DA:70,0
DA:72,0
DA:76,1
DA:78,1
DA:127,0
LF:25
LH:10
BRDA:55,0,0,0
BRDA:55,0,1,0
BRDA:60,1,0,0
BRDA:60,1,1,0
BRDA:65,2,0,0
BRDA:65,2,1,0
BRDA:76,3,0,1
BRDA:76,3,1,0
BRDA:76,4,0,1
BRDA:76,4,1,0
BRDA:79,5,0,1
BRDA:79,5,1,0
BRDA:124,6,0,1
BRDA:124,6,1,0
BRF:14
BRH:4
end_of_record
TN:
SF:screens/soak-wool-screen.js
FN:14,(anonymous_0)
FN:24,(anonymous_1)
FN:28,(anonymous_2)
FNF:3
FNH:1
FNDA:0,(anonymous_0)
FNDA:0,(anonymous_1)
FNDA:1,(anonymous_2)
DA:7,1
DA:10,1
DA:15,0
DA:21,0
DA:25,0
DA:29,1
LF:6
LH:3
BRF:0
BRH:0
end_of_record
TN:
SF:screens/start-seedlings-screen.js
FN:24,(anonymous_0)
FN:32,(anonymous_1)
FN:43,(anonymous_2)
FN:47,(anonymous_3)
FN:56,(anonymous_4)
FN:67,(anonymous_5)
FN:133,(anonymous_6)
FN:140,(anonymous_7)
FN:144,(anonymous_8)
FN:157,(anonymous_9)
FN:158,(anonymous_10)
FN:168,(anonymous_11)
FN:174,(anonymous_12)
FNF:13
FNH:5
FNDA:1,(anonymous_0)
FNDA:1,(anonymous_1)
FNDA:1,(anonymous_2)
FNDA:0,(anonymous_3)
FNDA:0,(anonymous_4)
FNDA:0,(anonymous_5)
FNDA:0,(anonymous_6)
FNDA:0,(anonymous_7)
FNDA:0,(anonymous_8)
FNDA:1,(anonymous_9)
FNDA:4,(anonymous_10)
FNDA:0,(anonymous_11)
FNDA:0,(anonymous_12)
DA:14,1
DA:15,1
DA:16,1
DA:17,1
DA:20,1
DA:25,1
DA:27,1
DA:33,1
DA:35,0
DA:36,0
DA:37,0
DA:40,0
DA:44,1
DA:48,0
DA:51,0
DA:52,0
DA:55,0
DA:57,0
DA:58,0
DA:59,0
DA:60,0
DA:68,0
DA:69,0
DA:70,0
DA:71,0
DA:72,0
DA:73,0
DA:74,0
DA:75,0
DA:76,0
DA:77,0
DA:78,0
DA:81,0
DA:130,0
DA:131,0
DA:134,0
DA:136,0
DA:141,0
DA:145,0
DA:147,0
DA:149,0
DA:151,0
DA:153,0
DA:158,4
DA:160,1
DA:169,0
DA:174,0
LF:47
LH:11
BRDA:35,0,0,0
BRDA:35,0,1,0
BRDA:61,1,0,0
BRDA:61,1,1,0
BRDA:62,2,0,0
BRDA:62,2,1,0
BRDA:63,3,0,0
BRDA:63,3,1,0
BRDA:64,4,0,0
BRDA:64,4,1,0
BRDA:145,5,0,0
BRDA:145,5,1,0
BRDA:145,5,2,0
BRDA:145,5,3,0
BRDA:158,6,0,4
BRDA:158,6,1,4
BRF:16
BRH:2
end_of_record
TN:
SF:screens/tier-screen-styles.js
FNF:0
FNH:0
DA:4,1
LF:1
LH:1
BRF:0
BRH:0
end_of_record
TN:
SF:screens/tier-screen.js
FN:27,(anonymous_0)
FN:40,(anonymous_1)
FN:48,(anonymous_2)
FN:61,(anonymous_3)
FN:66,(anonymous_4)
FN:72,(anonymous_5)
FN:78,(anonymous_6)
FN:84,(anonymous_7)
FN:92,(anonymous_8)
FN:131,(anonymous_9)
FNF:10
FNH:8
FNDA:1,(anonymous_0)
FNDA:1,(anonymous_1)
FNDA:2,(anonymous_2)
FNDA:2,(anonymous_3)
FNDA:2,(anonymous_4)
FNDA:2,(anonymous_5)
FNDA:4,(anonymous_6)
FNDA:0,(anonymous_7)
FNDA:2,(anonymous_8)
FNDA:0,(anonymous_9)
DA:21,1
DA:22,1
DA:23,1
DA:24,1
DA:28,1
DA:30,1
DA:31,1
DA:32,1
DA:33,1
DA:35,1
DA:40,1
DA:41,1
DA:42,1
DA:43,1
DA:45,1
DA:49,2
DA:51,0
DA:53,0
DA:55,0
DA:57,0
DA:62,2
DA:63,2
DA:67,2
DA:68,2
DA:73,2
DA:74,2
DA:79,4
DA:81,4
DA:85,0
DA:89,0
DA:93,2
DA:94,2
DA:95,2
DA:96,2
DA:98,2
DA:131,0
LF:36
LH:29
BRDA:31,0,0,1
BRDA:31,0,1,1
BRDA:33,1,0,1
BRDA:33,1,1,1
BRDA:41,2,0,1
BRDA:41,2,1,1
BRDA:43,3,0,1
BRDA:43,3,1,1
BRDA:49,4,0,0
BRDA:49,4,1,0
BRDA:49,4,2,0
BRDA:49,4,3,0
BRDA:62,5,0,2
BRDA:62,5,1,2
BRDA:67,6,0,2
BRDA:67,6,1,2
BRDA:68,7,0,2
BRDA:68,7,1,0
BRDA:73,8,0,2
BRDA:73,8,1,2
BRDA:74,9,0,2
BRDA:74,9,1,0
BRDA:79,10,0,0
BRDA:79,10,1,4
BRDA:125,11,0,0
BRDA:125,11,1,2
BRDA:130,12,0,0
BRDA:130,12,1,2
BRF:28
BRH:19
end_of_record
TN:
SF:screens/tier-selection-screen.js
FN:25,(anonymous_0)
FN:48,(anonymous_1)
FN:61,(anonymous_2)
FN:65,(anonymous_3)
FN:66,(anonymous_4)
FN:68,(anonymous_5)
FN:76,(anonymous_6)
FN:80,(anonymous_7)
FN:95,(anonymous_8)
FN:96,(anonymous_9)
FN:102,(anonymous_10)
FN:121,(anonymous_11)
FNF:12
FNH:4
FNDA:1,(anonymous_0)
FNDA:0,(anonymous_1)
FNDA:0,(anonymous_2)
FNDA:0,(anonymous_3)
FNDA:0,(anonymous_4)
FNDA:0,(anonymous_5)
FNDA:0,(anonymous_6)
FNDA:1,(anonymous_7)
FNDA:1,(anonymous_8)
FNDA:0,(anonymous_9)
FNDA:1,(anonymous_10)
FNDA:0,(anonymous_11)
DA:15,1
DA:16,1
DA:17,1
DA:18,1
DA:21,1
DA:26,1
DA:28,1
DA:35,1
DA:37,1
DA:43,1
DA:49,0
DA:50,0
DA:52,0
DA:58,0
DA:62,0
DA:66,0
DA:69,0
DA:71,0
DA:77,0
DA:81,1
DA:82,1
DA:96,1
DA:102,1
DA:121,0
LF:24
LH:14
BRDA:69,0,0,0
BRDA:69,0,1,0
BRDA:81,1,0,1
BRDA:81,1,1,0
BRDA:94,2,0,1
BRDA:94,2,1,0
BRF:6
BRH:2
end_of_record
TN:
SF:screens/translocation-screen.js
FN:17,(anonymous_0)
FN:24,(anonymous_1)
FN:28,(anonymous_2)
FN:37,(anonymous_3)
FNF:4
FNH:1
FNDA:0,(anonymous_0)
FNDA:0,(anonymous_1)
FNDA:0,(anonymous_2)
FNDA:1,(anonymous_3)
DA:14,1
DA:18,0
DA:19,0
DA:21,0
DA:23,0
DA:25,0
DA:26,0
DA:29,0
DA:32,0
DA:33,0
DA:38,1
LF:11
LH:2
BRF:0
BRH:0
end_of_record
TN:
SF:screens/wifi-screen.js
FN:15,(anonymous_0)
FN:25,(anonymous_1)
FN:29,(anonymous_2)
FN:32,(anonymous_3)
FN:33,(anonymous_4)
FN:36,(anonymous_5)
FN:46,(anonymous_6)
FN:55,(anonymous_7)
FN:56,(anonymous_8)
FNF:9
FNH:1
FNDA:0,(anonymous_0)
FNDA:0,(anonymous_1)
FNDA:0,(anonymous_2)
FNDA:0,(anonymous_3)
FNDA:0,(anonymous_4)
FNDA:0,(anonymous_5)
FNDA:1,(anonymous_6)
FNDA:0,(anonymous_7)
FNDA:0,(anonymous_8)
DA:11,1
DA:16,0
DA:22,0
DA:26,0
DA:30,0
DA:31,0
DA:32,0
DA:33,0
DA:37,0
DA:47,1
DA:49,1
DA:55,0
DA:56,0
LF:13
LH:3
BRDA:40,0,0,0
BRDA:40,0,1,0
BRF:2
BRH:0
end_of_record
TN:
SF:util/api-util.js
FN:13,(anonymous_0)
FN:16,(anonymous_1)
FN:25,(anonymous_2)
FN:26,(anonymous_3)
FN:27,(anonymous_4)
FN:31,(anonymous_5)
FN:35,(anonymous_6)
FN:42,(anonymous_7)
FN:51,(anonymous_8)
FN:52,(anonymous_9)
FN:54,(anonymous_10)
FN:64,(anonymous_11)
FN:65,(anonymous_12)
FN:67,(anonymous_13)
FN:77,(anonymous_14)
FN:78,(anonymous_15)
FN:80,(anonymous_16)
FN:90,(anonymous_17)
FN:91,(anonymous_18)
FN:93,(anonymous_19)
FN:103,(anonymous_20)
FN:104,(anonymous_21)
FN:106,(anonymous_22)
FN:110,(anonymous_23)
FN:111,(anonymous_24)
FN:113,(anonymous_25)
FN:117,(anonymous_26)
FN:118,(anonymous_27)
FN:120,(anonymous_28)
FN:128,(anonymous_29)
FN:129,(anonymous_30)
FN:131,(anonymous_31)
FN:133,(anonymous_32)
FN:139,(anonymous_33)
FN:142,(anonymous_34)
FN:149,(anonymous_35)
FN:152,(anonymous_36)
FN:155,(anonymous_37)
FN:158,(anonymous_38)
FN:170,(anonymous_39)
FN:180,(anonymous_40)
FN:185,(anonymous_41)
FN:191,(anonymous_42)
FNF:43
FNH:0
FNDA:0,(anonymous_0)
FNDA:0,(anonymous_1)
FNDA:0,(anonymous_2)
FNDA:0,(anonymous_3)
FNDA:0,(anonymous_4)
FNDA:0,(anonymous_5)
FNDA:0,(anonymous_6)
FNDA:0,(anonymous_7)
FNDA:0,(anonymous_8)
FNDA:0,(anonymous_9)
FNDA:0,(anonymous_10)
FNDA:0,(anonymous_11)
FNDA:0,(anonymous_12)
FNDA:0,(anonymous_13)
FNDA:0,(anonymous_14)
FNDA:0,(anonymous_15)
FNDA:0,(anonymous_16)
FNDA:0,(anonymous_17)
FNDA:0,(anonymous_18)
FNDA:0,(anonymous_19)
FNDA:0,(anonymous_20)
FNDA:0,(anonymous_21)
FNDA:0,(anonymous_22)
FNDA:0,(anonymous_23)
FNDA:0,(anonymous_24)
FNDA:0,(anonymous_25)
FNDA:0,(anonymous_26)
FNDA:0,(anonymous_27)
FNDA:0,(anonymous_28)
FNDA:0,(anonymous_29)
FNDA:0,(anonymous_30)
FNDA:0,(anonymous_31)
FNDA:0,(anonymous_32)
FNDA:0,(anonymous_33)
FNDA:0,(anonymous_34)
FNDA:0,(anonymous_35)
FNDA:0,(anonymous_36)
FNDA:0,(anonymous_37)
FNDA:0,(anonymous_38)
FNDA:0,(anonymous_39)
FNDA:0,(anonymous_40)
FNDA:0,(anonymous_41)
FNDA:0,(anonymous_42)
DA:4,12
DA:5,12
DA:7,12
DA:8,12
DA:10,12
DA:12,12
DA:14,0
DA:17,0
DA:18,0
DA:19,0
DA:20,0
DA:21,0
DA:23,0
DA:26,0
DA:27,0
DA:28,0
DA:30,0
DA:32,0
DA:33,0
DA:36,0
DA:37,0
DA:43,0
DA:51,0
DA:52,0
DA:55,0
DA:56,0
DA:64,0
DA:65,0
DA:68,0
DA:77,0
DA:78,0
DA:81,0
DA:90,0
DA:91,0
DA:94,0
DA:103,0
DA:104,0
DA:107,0
DA:110,0
DA:111,0
DA:114,0
DA:117,0
DA:118,0
DA:121,0
DA:128,0
DA:129,0
DA:132,0
DA:134,0
DA:140,0
DA:143,0
DA:150,0
DA:153,0
DA:156,0
DA:159,0
DA:160,0
DA:161,0
DA:163,0
DA:171,0
DA:172,0
DA:174,0
DA:181,0
DA:186,0
DA:192,0
DA:193,0
DA:195,0
LF:65
LH:6
BRDA:43,0,0,0
BRDA:43,0,1,0
BRDA:43,1,0,0
BRDA:43,1,1,0
BRDA:56,2,0,0
BRDA:56,2,1,0
BRDA:56,3,0,0
BRDA:56,3,1,0
BRDA:134,4,0,0
BRDA:134,4,1,0
BRDA:134,5,0,0
BRDA:134,5,1,0
BRDA:140,6,0,0
BRDA:140,6,1,0
BRDA:140,7,0,0
BRDA:140,7,1,0
BRDA:143,8,0,0
BRDA:143,8,1,0
BRDA:143,9,0,0
BRDA:143,9,1,0
BRDA:150,10,0,0
BRDA:150,10,1,0
BRDA:150,11,0,0
BRDA:150,11,1,0
BRDA:153,12,0,0
BRDA:153,12,1,0
BRDA:153,13,0,0
BRDA:153,13,1,0
BRDA:156,14,0,0
BRDA:156,14,1,0
BRDA:156,15,0,0
BRDA:156,15,1,0
BRDA:163,16,0,0
BRDA:163,16,1,0
BRDA:163,17,0,0
BRDA:163,17,1,0
BRDA:174,18,0,0
BRDA:174,18,1,0
BRDA:174,19,0,0
BRDA:174,19,1,0
BRDA:181,20,0,0
BRDA:181,20,1,0
BRDA:181,21,0,0
BRDA:181,21,1,0
BRDA:186,22,0,0
BRDA:186,22,1,0
BRDA:186,23,0,0
BRDA:186,23,1,0
BRDA:195,24,0,0
BRDA:195,24,1,0
BRDA:195,25,0,0
BRDA:195,25,1,0
BRF:52
BRH:0
end_of_record
TN:
SF:util/auth-util.js
FN:6,(anonymous_0)
FN:11,(anonymous_1)
FN:25,(anonymous_2)
FN:39,(anonymous_3)
FN:40,(anonymous_4)
FN:42,(anonymous_5)
FN:46,(anonymous_6)
FN:55,(anonymous_7)
FN:62,(anonymous_8)
FN:66,(anonymous_9)
FN:70,(anonymous_10)
FN:73,(anonymous_11)
FN:79,(anonymous_12)
FN:82,(anonymous_13)
FN:84,(anonymous_14)
FN:100,(anonymous_15)
FN:101,(anonymous_16)
FN:103,(anonymous_17)
FN:106,(anonymous_18)
FN:107,(anonymous_19)
FN:109,(anonymous_20)
FN:113,(anonymous_21)
FN:128,(anonymous_22)
FN:129,(anonymous_23)
FN:141,(anonymous_24)
FN:146,(anonymous_25)
FN:147,(anonymous_26)
FN:152,(anonymous_27)
FN:154,(anonymous_28)
FN:155,(anonymous_29)
FN:172,(anonymous_30)
FN:172,(anonymous_31)
FN:173,(anonymous_32)
FN:179,(anonymous_33)
FN:262,(anonymous_34)
FN:315,(anonymous_35)
FN:323,(anonymous_36)
FNF:37
FNH:0
FNDA:0,(anonymous_0)
FNDA:0,(anonymous_1)
FNDA:0,(anonymous_2)
FNDA:0,(anonymous_3)
FNDA:0,(anonymous_4)
FNDA:0,(anonymous_5)
FNDA:0,(anonymous_6)
FNDA:0,(anonymous_7)
FNDA:0,(anonymous_8)
FNDA:0,(anonymous_9)
FNDA:0,(anonymous_10)
FNDA:0,(anonymous_11)
FNDA:0,(anonymous_12)
FNDA:0,(anonymous_13)
FNDA:0,(anonymous_14)
FNDA:0,(anonymous_15)
FNDA:0,(anonymous_16)
FNDA:0,(anonymous_17)
FNDA:0,(anonymous_18)
FNDA:0,(anonymous_19)
FNDA:0,(anonymous_20)
FNDA:0,(anonymous_21)
FNDA:0,(anonymous_22)
FNDA:0,(anonymous_23)
FNDA:0,(anonymous_24)
FNDA:0,(anonymous_25)
FNDA:0,(anonymous_26)
FNDA:0,(anonymous_27)
FNDA:0,(anonymous_28)
FNDA:0,(anonymous_29)
FNDA:0,(anonymous_30)
FNDA:0,(anonymous_31)
FNDA:0,(anonymous_32)
FNDA:0,(anonymous_33)
FNDA:0,(anonymous_34)
FNDA:0,(anonymous_35)
FNDA:0,(anonymous_36)
DA:6,5
DA:7,0
DA:10,5
DA:12,0
DA:13,0
DA:15,0
DA:16,0
DA:18,0
DA:19,0
DA:20,0
DA:23,0
DA:27,0
DA:28,0
DA:29,0
DA:30,0
DA:33,0
DA:34,0
DA:38,0
DA:39,0
DA:41,0
DA:42,0
DA:44,0
DA:47,0
DA:48,0
DA:49,0
DA:50,0
DA:53,0
DA:56,0
DA:59,0
DA:65,0
DA:67,0
DA:69,0
DA:70,0
DA:74,0
DA:75,0
DA:76,0
DA:78,0
DA:79,0
DA:83,0
DA:84,0
DA:85,0
DA:86,0
DA:89,0
DA:100,0
DA:101,0
DA:105,0
DA:106,0
DA:108,0
DA:109,0
DA:111,0
DA:114,0
DA:115,0
DA:116,0
DA:119,0
DA:120,0
DA:122,0
DA:123,0
DA:128,0
DA:133,0
DA:136,0
DA:139,0
DA:142,0
DA:143,0
DA:146,0
DA:148,0
DA:149,0
DA:153,0
DA:154,0
DA:156,0
DA:157,0
DA:158,0
DA:161,0
DA:162,0
DA:163,0
DA:166,0
DA:167,0
DA:172,0
DA:174,0
DA:175,0
DA:180,0
DA:181,0
DA:262,0
DA:264,0
DA:265,0
DA:316,0
DA:318,0
DA:324,0
LF:87
LH:2
BRDA:13,0,0,0
BRDA:13,0,1,0
BRDA:18,1,0,0
BRDA:18,1,1,0
BRDA:33,2,0,0
BRDA:33,2,1,0
BRDA:33,3,0,0
BRDA:33,3,1,0
BRDA:49,4,0,0
BRDA:49,4,1,0
BRDA:114,5,0,0
BRDA:114,5,1,0
BRDA:133,6,0,0
BRDA:133,6,1,0
BRDA:142,7,0,0
BRDA:142,7,1,0
BRDA:156,8,0,0
BRDA:156,8,1,0
BRDA:161,9,0,0
BRDA:161,9,1,0
BRF:20
BRH:0
end_of_record
TN:
SF:util/constants.js
FNF:0
FNH:0
DA:1,28
DA:2,28
DA:3,28
DA:4,28
DA:6,28
DA:15,28
DA:24,28
DA:33,28
DA:43,28
DA:44,28
DA:45,28
DA:46,28
DA:47,28
DA:48,28
DA:50,28
LF:15
LH:15
BRF:0
BRH:0
end_of_record
